
Jupyter server is running on: c42-02
Job starts at: Mon Oct 12 17:19:07 EDT 2020

Step 1 :

If you are working in NYU campus, please open an iTerm window, run command

ssh -L 34658:localhost:34658 at2507@prince.hpc.nyu.edu

If you are working off campus, you should already have ssh tunneling setup through HPC bastion host, 
that you can directly login to prince with command

ssh at2507@prince

Please open an iTerm window, run command

ssh -L 34658:localhost:34658 at2507@prince

Step 2:

Keep the iTerm windows in the previouse step open. Now open browser, find the line with

The Jupyter Notebook is running at: c42-02

the URL is something: http://localhost:34658/?token=XXXXXXXX (see your token below)

you should be able to connect to jupyter notebook running remotly on prince compute node with above url

[I 17:19:08.538 NotebookApp] Writing notebook server cookie secret to /state/partition1/job-13029732/jupyter/notebook_cookie_secret
[W 17:19:09.113 NotebookApp] Widgets are unavailable. Please install widgetsnbextension or ipywidgets 4.0
[I 17:19:09.130 NotebookApp] Serving notebooks from local directory: /home/at2507/supsup/myjupyter
[I 17:19:09.131 NotebookApp] 0 active kernels 
[I 17:19:09.131 NotebookApp] The Jupyter Notebook is running at: http://localhost:34658/?token=65f1b423f3991a3322504bbc68a06c7ca1df8bf1b648cfda
[I 17:19:09.131 NotebookApp] Use Control-C to stop this server and shut down all kernels (twice to skip confirmation).
[C 17:19:09.131 NotebookApp] 
    
    Copy/paste this URL into your browser when you connect for the first time,
    to login with a token:
        http://localhost:34658/?token=65f1b423f3991a3322504bbc68a06c7ca1df8bf1b648cfda
