
Jupyter server is running on: c42-01
Job starts at: Mon Oct 12 17:16:06 EDT 2020

Step 1 :

If you are working in NYU campus, please open an iTerm window, run command

ssh -L 14468:localhost:14468 at2507@prince.hpc.nyu.edu

If you are working off campus, you should already have ssh tunneling setup through HPC bastion host, 
that you can directly login to prince with command

ssh at2507@prince

Please open an iTerm window, run command

ssh -L 14468:localhost:14468 at2507@prince

Step 2:

Keep the iTerm windows in the previouse step open. Now open browser, find the line with

The Jupyter Notebook is running at: c42-01

the URL is something: http://localhost:14468/?token=XXXXXXXX (see your token below)

you should be able to connect to jupyter notebook running remotly on prince compute node with above url

[I 17:16:07.813 NotebookApp] Writing notebook server cookie secret to /state/partition1/job-13029726/jupyter/notebook_cookie_secret
[W 17:16:08.367 NotebookApp] Widgets are unavailable. Please install widgetsnbextension or ipywidgets 4.0
[I 17:16:08.383 NotebookApp] Serving notebooks from local directory: /home/at2507/supsup/myjupyter
[I 17:16:08.383 NotebookApp] 0 active kernels 
[I 17:16:08.383 NotebookApp] The Jupyter Notebook is running at: http://localhost:14468/?token=e9225844b87056882f7e0d2ae775520de6ddf71e6247b387
[I 17:16:08.383 NotebookApp] Use Control-C to stop this server and shut down all kernels (twice to skip confirmation).
[C 17:16:08.384 NotebookApp] 
    
    Copy/paste this URL into your browser when you connect for the first time,
    to login with a token:
        http://localhost:14468/?token=e9225844b87056882f7e0d2ae775520de6ddf71e6247b387
