Collecting package metadata (current_repodata.json): ...working... done
Solving environment: ...working... done

# All requested packages already installed.

Looking in links: https://download.pytorch.org/whl/torch_stable.html
Requirement already satisfied: torch==1.5.0+cu101 in /home/at2507/miniconda3/lib/python3.8/site-packages (1.5.0+cu101)
Requirement already satisfied: torchvision==0.6.0+cu101 in /home/at2507/miniconda3/lib/python3.8/site-packages (0.6.0+cu101)
Requirement already satisfied: future in /home/at2507/miniconda3/lib/python3.8/site-packages (from torch==1.5.0+cu101) (0.18.2)
Requirement already satisfied: numpy in /home/at2507/miniconda3/lib/python3.8/site-packages (from torch==1.5.0+cu101) (1.18.1)
Requirement already satisfied: pillow>=4.1.1 in /home/at2507/miniconda3/lib/python3.8/site-packages (from torchvision==0.6.0+cu101) (7.2.0)
[{'config': 'experiments/SupsupSeed/splitcifar100/configs/rn18-supsup_3.yaml', 'name': 'id=supsup~seed=0~sparsity=1', 'sparsity': 1, 'seed': 0, 'log-dir': 'runs/supsupseed_at/num_mask_3', 'epochs': 250, 'data': './data'}, {'config': 'experiments/SupsupSeed/splitcifar100/configs/rn18-supsup_3.yaml', 'name': 'id=supsup~seed=0~sparsity=2', 'sparsity': 2, 'seed': 0, 'log-dir': 'runs/supsupseed_at/num_mask_3', 'epochs': 250, 'data': './data'}, {'config': 'experiments/SupsupSeed/splitcifar100/configs/rn18-supsup_3.yaml', 'name': 'id=supsup~seed=0~sparsity=4', 'sparsity': 4, 'seed': 0, 'log-dir': 'runs/supsupseed_at/num_mask_3', 'epochs': 250, 'data': './data'}, {'config': 'experiments/SupsupSeed/splitcifar100/configs/rn18-supsup_3.yaml', 'name': 'id=supsup~seed=0~sparsity=8', 'sparsity': 8, 'seed': 0, 'log-dir': 'runs/supsupseed_at/num_mask_3', 'epochs': 250, 'data': './data'}, {'config': 'experiments/SupsupSeed/splitcifar100/configs/rn18-supsup_3.yaml', 'name': 'id=supsup~seed=0~sparsity=16', 'sparsity': 16, 'seed': 0, 'log-dir': 'runs/supsupseed_at/num_mask_3', 'epochs': 250, 'data': './data'}, {'config': 'experiments/SupsupSeed/splitcifar100/configs/rn18-supsup_3.yaml', 'name': 'id=supsup~seed=0~sparsity=32', 'sparsity': 32, 'seed': 0, 'log-dir': 'runs/supsupseed_at/num_mask_3', 'epochs': 250, 'data': './data'}]
=> Reading YAML config from experiments/SupsupSeed/splitcifar100/configs/rn18-supsup_3.yaml
=> Saving data in runs/supsupseed_at/num_mask_3/id=supsup~seed=0~sparsity=1~try=1
Files already downloaded and verified
Files already downloaded and verified
[26 86  2 55 75 93 16 73 54 95 53 92 78 13  7 30 22 24 33  8 43 62  3 71
 45 48  6 99 82 76 60 80 90 68 51 27 18 56 63 74  1 61 42 41  4 15 17 40
 38  5 91 59  0 34 28 50 11 35 23 52 10 31 66 57 79 85 32 84 14 89 19 29
 49 97 98 69 20 94 72 77 25 37 81 46 39 65 58 12 88 70 87 36 21 83  9 96
 67 64 47 44]
[26 86  2 55 75]
[93 16 73 54 95]
[53 92 78 13  7]
Set sparsity of conv1 to 0.04259259259259259
Set sparsity of layer1.0.conv1 to 0.011111111111111112
Set sparsity of layer1.0.conv2 to 0.011111111111111112
Set sparsity of layer1.1.conv1 to 0.011111111111111112
Set sparsity of layer1.1.conv2 to 0.011111111111111112
Set sparsity of layer2.0.conv1 to 0.008333333333333333
Set sparsity of layer2.0.conv2 to 0.005555555555555556
Set sparsity of layer2.0.shortcut.0 to 0.075
Set sparsity of layer2.1.conv1 to 0.005555555555555556
Set sparsity of layer2.1.conv2 to 0.005555555555555556
Set sparsity of layer3.0.conv1 to 0.004166666666666667
Set sparsity of layer3.0.conv2 to 0.002777777777777778
Set sparsity of layer3.0.shortcut.0 to 0.0375
Set sparsity of layer3.1.conv1 to 0.002777777777777778
Set sparsity of layer3.1.conv2 to 0.002777777777777778
Set sparsity of layer4.0.conv1 to 0.0020833333333333333
Set sparsity of layer4.0.conv2 to 0.001388888888888889
Set sparsity of layer4.0.shortcut.0 to 0.01875
Set sparsity of layer4.1.conv1 to 0.001388888888888889
Set sparsity of layer4.1.conv2 to 0.001388888888888889
Set sparsity of linear to 0.20625
=> Parallelizing on [0] gpus
=> Using trainer <module 'trainers.default' from '/home/at2507/supsup_team/supsup/trainers/default.py'>
Task RandSplitCIFAR100: 0
Train Epoch: 1 [0/2500 (0%)]	Loss: 1.670147
Train Epoch: 1 [1280/2500 (50%)]	Loss: 1.427125

Test set: Average loss: 1.3809, Accuracy: (0.4220)

Train Epoch: 2 [0/2500 (0%)]	Loss: 1.440543
Train Epoch: 2 [1280/2500 (50%)]	Loss: 1.508847

Test set: Average loss: 1.2763, Accuracy: (0.4420)

Train Epoch: 3 [0/2500 (0%)]	Loss: 1.296674
Train Epoch: 3 [1280/2500 (50%)]	Loss: 1.284483

Test set: Average loss: 1.2022, Accuracy: (0.5240)

Train Epoch: 4 [0/2500 (0%)]	Loss: 1.213592
Train Epoch: 4 [1280/2500 (50%)]	Loss: 1.284631

Test set: Average loss: 1.1793, Accuracy: (0.5420)

Train Epoch: 5 [0/2500 (0%)]	Loss: 1.230855
Train Epoch: 5 [1280/2500 (50%)]	Loss: 1.124439

Test set: Average loss: 1.0867, Accuracy: (0.6120)

Train Epoch: 6 [0/2500 (0%)]	Loss: 1.051805
Train Epoch: 6 [1280/2500 (50%)]	Loss: 1.103310

Test set: Average loss: 1.0826, Accuracy: (0.5940)

Train Epoch: 7 [0/2500 (0%)]	Loss: 1.085691
Train Epoch: 7 [1280/2500 (50%)]	Loss: 1.215650

Test set: Average loss: 1.1005, Accuracy: (0.5780)

Train Epoch: 8 [0/2500 (0%)]	Loss: 1.034970
Train Epoch: 8 [1280/2500 (50%)]	Loss: 1.139652

Test set: Average loss: 1.1001, Accuracy: (0.5760)

Train Epoch: 9 [0/2500 (0%)]	Loss: 1.077395
Train Epoch: 9 [1280/2500 (50%)]	Loss: 1.306007

Test set: Average loss: 1.0535, Accuracy: (0.6100)

Train Epoch: 10 [0/2500 (0%)]	Loss: 1.143683
Train Epoch: 10 [1280/2500 (50%)]	Loss: 1.060265

Test set: Average loss: 1.0219, Accuracy: (0.6320)

Train Epoch: 11 [0/2500 (0%)]	Loss: 1.058676
Train Epoch: 11 [1280/2500 (50%)]	Loss: 0.995023

Test set: Average loss: 1.0611, Accuracy: (0.5860)

Train Epoch: 12 [0/2500 (0%)]	Loss: 1.115832
Train Epoch: 12 [1280/2500 (50%)]	Loss: 1.035595

Test set: Average loss: 1.0202, Accuracy: (0.6180)

Train Epoch: 13 [0/2500 (0%)]	Loss: 1.038763
Train Epoch: 13 [1280/2500 (50%)]	Loss: 1.158909

Test set: Average loss: 1.0618, Accuracy: (0.6020)

Train Epoch: 14 [0/2500 (0%)]	Loss: 0.947741
Train Epoch: 14 [1280/2500 (50%)]	Loss: 0.954656

Test set: Average loss: 0.9703, Accuracy: (0.6320)

Train Epoch: 15 [0/2500 (0%)]	Loss: 1.113387
Train Epoch: 15 [1280/2500 (50%)]	Loss: 1.003292

Test set: Average loss: 0.9368, Accuracy: (0.6440)

Train Epoch: 16 [0/2500 (0%)]	Loss: 1.114970
Train Epoch: 16 [1280/2500 (50%)]	Loss: 0.933476

Test set: Average loss: 0.9549, Accuracy: (0.6300)

Train Epoch: 17 [0/2500 (0%)]	Loss: 0.904739
Train Epoch: 17 [1280/2500 (50%)]	Loss: 1.062019

Test set: Average loss: 0.9505, Accuracy: (0.6620)

Train Epoch: 18 [0/2500 (0%)]	Loss: 1.043754
Train Epoch: 18 [1280/2500 (50%)]	Loss: 1.002426

Test set: Average loss: 0.9761, Accuracy: (0.6220)

Train Epoch: 19 [0/2500 (0%)]	Loss: 0.959639
Train Epoch: 19 [1280/2500 (50%)]	Loss: 0.864803

Test set: Average loss: 0.9359, Accuracy: (0.6340)

Train Epoch: 20 [0/2500 (0%)]	Loss: 0.933914
Train Epoch: 20 [1280/2500 (50%)]	Loss: 1.039747

Test set: Average loss: 0.9792, Accuracy: (0.6340)

Train Epoch: 21 [0/2500 (0%)]	Loss: 0.981154
Train Epoch: 21 [1280/2500 (50%)]	Loss: 0.918211

Test set: Average loss: 0.9225, Accuracy: (0.6520)

Train Epoch: 22 [0/2500 (0%)]	Loss: 0.975682
Train Epoch: 22 [1280/2500 (50%)]	Loss: 0.870577

Test set: Average loss: 0.9718, Accuracy: (0.6360)

Train Epoch: 23 [0/2500 (0%)]	Loss: 1.014078
Train Epoch: 23 [1280/2500 (50%)]	Loss: 0.960311

Test set: Average loss: 0.9514, Accuracy: (0.6300)

Train Epoch: 24 [0/2500 (0%)]	Loss: 0.969089
Train Epoch: 24 [1280/2500 (50%)]	Loss: 0.951974

Test set: Average loss: 0.9399, Accuracy: (0.6380)

Train Epoch: 25 [0/2500 (0%)]	Loss: 0.955723
Train Epoch: 25 [1280/2500 (50%)]	Loss: 0.937197

Test set: Average loss: 0.9184, Accuracy: (0.6400)

Train Epoch: 26 [0/2500 (0%)]	Loss: 0.921907
Train Epoch: 26 [1280/2500 (50%)]	Loss: 0.922867

Test set: Average loss: 0.8922, Accuracy: (0.6600)

Train Epoch: 27 [0/2500 (0%)]	Loss: 0.768260
Train Epoch: 27 [1280/2500 (50%)]	Loss: 1.013326

Test set: Average loss: 0.9133, Accuracy: (0.6380)

Train Epoch: 28 [0/2500 (0%)]	Loss: 0.918949
Train Epoch: 28 [1280/2500 (50%)]	Loss: 0.929276

Test set: Average loss: 0.9212, Accuracy: (0.6660)

Train Epoch: 29 [0/2500 (0%)]	Loss: 0.787486
Train Epoch: 29 [1280/2500 (50%)]	Loss: 0.998231

Test set: Average loss: 0.8806, Accuracy: (0.6600)

Train Epoch: 30 [0/2500 (0%)]	Loss: 1.037882
Train Epoch: 30 [1280/2500 (50%)]	Loss: 1.076216

Test set: Average loss: 0.8899, Accuracy: (0.6720)

Train Epoch: 31 [0/2500 (0%)]	Loss: 0.990256
Train Epoch: 31 [1280/2500 (50%)]	Loss: 1.082464

Test set: Average loss: 0.9081, Accuracy: (0.6600)

Train Epoch: 32 [0/2500 (0%)]	Loss: 0.814501
Train Epoch: 32 [1280/2500 (50%)]	Loss: 0.905209

Test set: Average loss: 0.9406, Accuracy: (0.6280)

Train Epoch: 33 [0/2500 (0%)]	Loss: 0.897589
Train Epoch: 33 [1280/2500 (50%)]	Loss: 1.022900

Test set: Average loss: 0.8673, Accuracy: (0.6740)

Train Epoch: 34 [0/2500 (0%)]	Loss: 0.976245
Train Epoch: 34 [1280/2500 (50%)]	Loss: 0.995327

Test set: Average loss: 0.8730, Accuracy: (0.6660)

Train Epoch: 35 [0/2500 (0%)]	Loss: 0.892582
Train Epoch: 35 [1280/2500 (50%)]	Loss: 0.933501

Test set: Average loss: 0.8728, Accuracy: (0.6620)

Train Epoch: 36 [0/2500 (0%)]	Loss: 1.007830
Train Epoch: 36 [1280/2500 (50%)]	Loss: 0.801265

Test set: Average loss: 0.8393, Accuracy: (0.6720)

Train Epoch: 37 [0/2500 (0%)]	Loss: 0.700117
Train Epoch: 37 [1280/2500 (50%)]	Loss: 0.855130

Test set: Average loss: 0.8409, Accuracy: (0.6880)

Train Epoch: 38 [0/2500 (0%)]	Loss: 0.851745
Train Epoch: 38 [1280/2500 (50%)]	Loss: 1.014241

Test set: Average loss: 0.8900, Accuracy: (0.6600)

Train Epoch: 39 [0/2500 (0%)]	Loss: 0.920655
Train Epoch: 39 [1280/2500 (50%)]	Loss: 0.954490

Test set: Average loss: 0.9123, Accuracy: (0.6360)

Train Epoch: 40 [0/2500 (0%)]	Loss: 0.860878
Train Epoch: 40 [1280/2500 (50%)]	Loss: 0.888543

Test set: Average loss: 0.9021, Accuracy: (0.6500)

Train Epoch: 41 [0/2500 (0%)]	Loss: 1.024793
Train Epoch: 41 [1280/2500 (50%)]	Loss: 0.862912

Test set: Average loss: 0.8541, Accuracy: (0.6720)

Train Epoch: 42 [0/2500 (0%)]	Loss: 0.709616
Train Epoch: 42 [1280/2500 (50%)]	Loss: 0.778191

Test set: Average loss: 0.9160, Accuracy: (0.6240)

Train Epoch: 43 [0/2500 (0%)]	Loss: 0.873576
Train Epoch: 43 [1280/2500 (50%)]	Loss: 0.920284

Test set: Average loss: 0.8389, Accuracy: (0.6640)

Train Epoch: 44 [0/2500 (0%)]	Loss: 0.980129
Train Epoch: 44 [1280/2500 (50%)]	Loss: 0.852839

Test set: Average loss: 0.8699, Accuracy: (0.6540)

Train Epoch: 45 [0/2500 (0%)]	Loss: 0.970519
Train Epoch: 45 [1280/2500 (50%)]	Loss: 0.861709

Test set: Average loss: 0.8996, Accuracy: (0.6360)

Train Epoch: 46 [0/2500 (0%)]	Loss: 0.952528
Train Epoch: 46 [1280/2500 (50%)]	Loss: 0.940594

Test set: Average loss: 0.8967, Accuracy: (0.6440)

Train Epoch: 47 [0/2500 (0%)]	Loss: 0.825923
Train Epoch: 47 [1280/2500 (50%)]	Loss: 0.727981

Test set: Average loss: 0.8948, Accuracy: (0.6580)

Train Epoch: 48 [0/2500 (0%)]	Loss: 0.838327
Train Epoch: 48 [1280/2500 (50%)]	Loss: 0.945155

Test set: Average loss: 0.8600, Accuracy: (0.6780)

Train Epoch: 49 [0/2500 (0%)]	Loss: 1.023147
Train Epoch: 49 [1280/2500 (50%)]	Loss: 0.830398

Test set: Average loss: 0.8680, Accuracy: (0.6700)

Train Epoch: 50 [0/2500 (0%)]	Loss: 0.832151
Train Epoch: 50 [1280/2500 (50%)]	Loss: 0.957496

Test set: Average loss: 0.9417, Accuracy: (0.6300)

Train Epoch: 51 [0/2500 (0%)]	Loss: 0.937919
Train Epoch: 51 [1280/2500 (50%)]	Loss: 0.834136

Test set: Average loss: 0.8847, Accuracy: (0.6340)

Train Epoch: 52 [0/2500 (0%)]	Loss: 0.843634
Train Epoch: 52 [1280/2500 (50%)]	Loss: 0.973341

Test set: Average loss: 0.9233, Accuracy: (0.6380)

Train Epoch: 53 [0/2500 (0%)]	Loss: 0.885142
Train Epoch: 53 [1280/2500 (50%)]	Loss: 0.904156

Test set: Average loss: 0.8540, Accuracy: (0.6760)

Train Epoch: 54 [0/2500 (0%)]	Loss: 0.822560
Train Epoch: 54 [1280/2500 (50%)]	Loss: 0.780688

Test set: Average loss: 0.8811, Accuracy: (0.6700)

Train Epoch: 55 [0/2500 (0%)]	Loss: 0.877374
Train Epoch: 55 [1280/2500 (50%)]	Loss: 0.921051

Test set: Average loss: 0.8668, Accuracy: (0.6780)

Train Epoch: 56 [0/2500 (0%)]	Loss: 0.889201
Train Epoch: 56 [1280/2500 (50%)]	Loss: 0.886325

Test set: Average loss: 0.8954, Accuracy: (0.6660)

Train Epoch: 57 [0/2500 (0%)]	Loss: 0.839926
Train Epoch: 57 [1280/2500 (50%)]	Loss: 0.910956

Test set: Average loss: 0.9152, Accuracy: (0.6500)

Train Epoch: 58 [0/2500 (0%)]	Loss: 0.865026
Train Epoch: 58 [1280/2500 (50%)]	Loss: 1.084238

Test set: Average loss: 0.8661, Accuracy: (0.6640)

Train Epoch: 59 [0/2500 (0%)]	Loss: 0.953174
Train Epoch: 59 [1280/2500 (50%)]	Loss: 0.820770

Test set: Average loss: 0.8894, Accuracy: (0.6600)

Train Epoch: 60 [0/2500 (0%)]	Loss: 0.946798
Train Epoch: 60 [1280/2500 (50%)]	Loss: 0.839206

Test set: Average loss: 0.9104, Accuracy: (0.6460)

Train Epoch: 61 [0/2500 (0%)]	Loss: 0.796068
Train Epoch: 61 [1280/2500 (50%)]	Loss: 0.839691

Test set: Average loss: 0.8617, Accuracy: (0.6740)

Train Epoch: 62 [0/2500 (0%)]	Loss: 0.765131
Train Epoch: 62 [1280/2500 (50%)]	Loss: 0.744247

Test set: Average loss: 0.8351, Accuracy: (0.6780)

Train Epoch: 63 [0/2500 (0%)]	Loss: 0.847907
Train Epoch: 63 [1280/2500 (50%)]	Loss: 0.812798

Test set: Average loss: 0.8670, Accuracy: (0.6860)

Train Epoch: 64 [0/2500 (0%)]	Loss: 0.675761
Train Epoch: 64 [1280/2500 (50%)]	Loss: 0.929622

Test set: Average loss: 0.8912, Accuracy: (0.6560)

Train Epoch: 65 [0/2500 (0%)]	Loss: 0.786974
Train Epoch: 65 [1280/2500 (50%)]	Loss: 0.878564

Test set: Average loss: 0.8798, Accuracy: (0.6580)

Train Epoch: 66 [0/2500 (0%)]	Loss: 1.038420
Train Epoch: 66 [1280/2500 (50%)]	Loss: 0.819406

Test set: Average loss: 0.9054, Accuracy: (0.6420)

Train Epoch: 67 [0/2500 (0%)]	Loss: 0.933675
Train Epoch: 67 [1280/2500 (50%)]	Loss: 0.831868

Test set: Average loss: 0.8838, Accuracy: (0.6540)

Train Epoch: 68 [0/2500 (0%)]	Loss: 0.830420
Train Epoch: 68 [1280/2500 (50%)]	Loss: 0.934799

Test set: Average loss: 0.8448, Accuracy: (0.6700)

Train Epoch: 69 [0/2500 (0%)]	Loss: 0.801665
Train Epoch: 69 [1280/2500 (50%)]	Loss: 0.907907

Test set: Average loss: 0.8695, Accuracy: (0.6560)

Train Epoch: 70 [0/2500 (0%)]	Loss: 0.941973
Train Epoch: 70 [1280/2500 (50%)]	Loss: 0.788517

Test set: Average loss: 0.8746, Accuracy: (0.6660)

Train Epoch: 71 [0/2500 (0%)]	Loss: 0.934381
Train Epoch: 71 [1280/2500 (50%)]	Loss: 0.930040

Test set: Average loss: 0.9668, Accuracy: (0.6420)

Train Epoch: 72 [0/2500 (0%)]	Loss: 0.947564
Train Epoch: 72 [1280/2500 (50%)]	Loss: 0.906351

Test set: Average loss: 0.9156, Accuracy: (0.6300)

Train Epoch: 73 [0/2500 (0%)]	Loss: 0.859883
Train Epoch: 73 [1280/2500 (50%)]	Loss: 1.018381

Test set: Average loss: 0.8678, Accuracy: (0.6460)

Train Epoch: 74 [0/2500 (0%)]	Loss: 0.855159
Train Epoch: 74 [1280/2500 (50%)]	Loss: 0.922702

Test set: Average loss: 0.8991, Accuracy: (0.6460)

Train Epoch: 75 [0/2500 (0%)]	Loss: 0.838108
Train Epoch: 75 [1280/2500 (50%)]	Loss: 0.979592

Test set: Average loss: 0.9247, Accuracy: (0.6440)

Train Epoch: 76 [0/2500 (0%)]	Loss: 1.222208
Train Epoch: 76 [1280/2500 (50%)]	Loss: 0.940599

Test set: Average loss: 0.8260, Accuracy: (0.6760)

Train Epoch: 77 [0/2500 (0%)]	Loss: 0.710903
Train Epoch: 77 [1280/2500 (50%)]	Loss: 0.853977

Test set: Average loss: 0.8475, Accuracy: (0.6620)

Train Epoch: 78 [0/2500 (0%)]	Loss: 0.931435
Train Epoch: 78 [1280/2500 (50%)]	Loss: 0.878653

Test set: Average loss: 0.8651, Accuracy: (0.6640)

Train Epoch: 79 [0/2500 (0%)]	Loss: 0.742670
Train Epoch: 79 [1280/2500 (50%)]	Loss: 0.945794

Test set: Average loss: 0.8480, Accuracy: (0.6780)

Train Epoch: 80 [0/2500 (0%)]	Loss: 0.817277
Train Epoch: 80 [1280/2500 (50%)]	Loss: 0.810510

Test set: Average loss: 0.8587, Accuracy: (0.6740)

Train Epoch: 81 [0/2500 (0%)]	Loss: 0.896697
Train Epoch: 81 [1280/2500 (50%)]	Loss: 0.893509

Test set: Average loss: 0.8608, Accuracy: (0.6740)

Train Epoch: 82 [0/2500 (0%)]	Loss: 0.896041
Train Epoch: 82 [1280/2500 (50%)]	Loss: 0.858848

Test set: Average loss: 0.8938, Accuracy: (0.6500)

Train Epoch: 83 [0/2500 (0%)]	Loss: 0.760694
Train Epoch: 83 [1280/2500 (50%)]	Loss: 0.849516

Test set: Average loss: 0.8195, Accuracy: (0.6800)

Train Epoch: 84 [0/2500 (0%)]	Loss: 0.785776
Train Epoch: 84 [1280/2500 (50%)]	Loss: 0.904171

Test set: Average loss: 0.8488, Accuracy: (0.6700)

Train Epoch: 85 [0/2500 (0%)]	Loss: 0.766518
Train Epoch: 85 [1280/2500 (50%)]	Loss: 0.839347

Test set: Average loss: 0.8810, Accuracy: (0.6620)

Train Epoch: 86 [0/2500 (0%)]	Loss: 0.838576
Train Epoch: 86 [1280/2500 (50%)]	Loss: 0.760545

Test set: Average loss: 0.8085, Accuracy: (0.6840)

Train Epoch: 87 [0/2500 (0%)]	Loss: 0.834316
Train Epoch: 87 [1280/2500 (50%)]	Loss: 0.908181

Test set: Average loss: 0.8463, Accuracy: (0.6880)

Train Epoch: 88 [0/2500 (0%)]	Loss: 1.086219
Train Epoch: 88 [1280/2500 (50%)]	Loss: 0.864005

Test set: Average loss: 0.8266, Accuracy: (0.7140)

Train Epoch: 89 [0/2500 (0%)]	Loss: 0.795132
Train Epoch: 89 [1280/2500 (50%)]	Loss: 0.846434

Test set: Average loss: 0.7873, Accuracy: (0.6960)

Train Epoch: 90 [0/2500 (0%)]	Loss: 0.759588
Train Epoch: 90 [1280/2500 (50%)]	Loss: 0.891310

Test set: Average loss: 0.8518, Accuracy: (0.6860)

Train Epoch: 91 [0/2500 (0%)]	Loss: 0.755401
Train Epoch: 91 [1280/2500 (50%)]	Loss: 0.799404

Test set: Average loss: 0.9360, Accuracy: (0.6260)

Train Epoch: 92 [0/2500 (0%)]	Loss: 0.794830
Train Epoch: 92 [1280/2500 (50%)]	Loss: 0.709026

Test set: Average loss: 0.8476, Accuracy: (0.6800)

Train Epoch: 93 [0/2500 (0%)]	Loss: 0.912061
Train Epoch: 93 [1280/2500 (50%)]	Loss: 0.947111

Test set: Average loss: 0.8858, Accuracy: (0.6700)

Train Epoch: 94 [0/2500 (0%)]	Loss: 0.911160
Train Epoch: 94 [1280/2500 (50%)]	Loss: 0.879359

Test set: Average loss: 0.9349, Accuracy: (0.6380)

Train Epoch: 95 [0/2500 (0%)]	Loss: 0.898013
Train Epoch: 95 [1280/2500 (50%)]	Loss: 0.881309

Test set: Average loss: 0.8228, Accuracy: (0.6680)

Train Epoch: 96 [0/2500 (0%)]	Loss: 0.768558
Train Epoch: 96 [1280/2500 (50%)]	Loss: 0.841777

Test set: Average loss: 0.8285, Accuracy: (0.6880)

Train Epoch: 97 [0/2500 (0%)]	Loss: 0.739057
Train Epoch: 97 [1280/2500 (50%)]	Loss: 0.739903

Test set: Average loss: 0.8335, Accuracy: (0.6760)

Train Epoch: 98 [0/2500 (0%)]	Loss: 0.742834
Train Epoch: 98 [1280/2500 (50%)]	Loss: 0.713333

Test set: Average loss: 0.8816, Accuracy: (0.6480)

Train Epoch: 99 [0/2500 (0%)]	Loss: 0.852968
Train Epoch: 99 [1280/2500 (50%)]	Loss: 0.863672

Test set: Average loss: 0.8597, Accuracy: (0.6780)

Train Epoch: 100 [0/2500 (0%)]	Loss: 0.704456
Train Epoch: 100 [1280/2500 (50%)]	Loss: 0.764296

Test set: Average loss: 0.8045, Accuracy: (0.6940)

Train Epoch: 101 [0/2500 (0%)]	Loss: 0.876453
Train Epoch: 101 [1280/2500 (50%)]	Loss: 0.828530

Test set: Average loss: 0.8812, Accuracy: (0.6640)

Train Epoch: 102 [0/2500 (0%)]	Loss: 0.815391
Train Epoch: 102 [1280/2500 (50%)]	Loss: 0.808418

Test set: Average loss: 0.8545, Accuracy: (0.6900)

Train Epoch: 103 [0/2500 (0%)]	Loss: 0.713325
Train Epoch: 103 [1280/2500 (50%)]	Loss: 0.753839

Test set: Average loss: 0.8524, Accuracy: (0.6740)

Train Epoch: 104 [0/2500 (0%)]	Loss: 0.838014
Train Epoch: 104 [1280/2500 (50%)]	Loss: 0.819774

Test set: Average loss: 0.8368, Accuracy: (0.6920)

Train Epoch: 105 [0/2500 (0%)]	Loss: 0.737361
Train Epoch: 105 [1280/2500 (50%)]	Loss: 0.833194

Test set: Average loss: 0.8070, Accuracy: (0.6980)

Train Epoch: 106 [0/2500 (0%)]	Loss: 0.762541
Train Epoch: 106 [1280/2500 (50%)]	Loss: 0.810517

Test set: Average loss: 0.8120, Accuracy: (0.6860)

Train Epoch: 107 [0/2500 (0%)]	Loss: 0.799131
Train Epoch: 107 [1280/2500 (50%)]	Loss: 0.786649

Test set: Average loss: 0.8054, Accuracy: (0.6920)

Train Epoch: 108 [0/2500 (0%)]	Loss: 0.922380
Train Epoch: 108 [1280/2500 (50%)]	Loss: 0.816608

Test set: Average loss: 0.7790, Accuracy: (0.6920)

Train Epoch: 109 [0/2500 (0%)]	Loss: 0.741576
Train Epoch: 109 [1280/2500 (50%)]	Loss: 0.941549

Test set: Average loss: 0.8310, Accuracy: (0.6800)

Train Epoch: 110 [0/2500 (0%)]	Loss: 0.798151
Train Epoch: 110 [1280/2500 (50%)]	Loss: 0.787800

Test set: Average loss: 0.8561, Accuracy: (0.6660)

Train Epoch: 111 [0/2500 (0%)]	Loss: 0.766745
Train Epoch: 111 [1280/2500 (50%)]	Loss: 0.905155

Test set: Average loss: 0.8349, Accuracy: (0.6640)

Train Epoch: 112 [0/2500 (0%)]	Loss: 0.870012
Train Epoch: 112 [1280/2500 (50%)]	Loss: 0.763672

Test set: Average loss: 0.8567, Accuracy: (0.6760)

Train Epoch: 113 [0/2500 (0%)]	Loss: 0.694453
Train Epoch: 113 [1280/2500 (50%)]	Loss: 0.817772

Test set: Average loss: 0.7872, Accuracy: (0.7100)

Train Epoch: 114 [0/2500 (0%)]	Loss: 0.831091
Train Epoch: 114 [1280/2500 (50%)]	Loss: 0.870702

Test set: Average loss: 0.8175, Accuracy: (0.6860)

Train Epoch: 115 [0/2500 (0%)]	Loss: 0.738630
Train Epoch: 115 [1280/2500 (50%)]	Loss: 0.676288

Test set: Average loss: 0.8025, Accuracy: (0.6800)

Train Epoch: 116 [0/2500 (0%)]	Loss: 0.911094
Train Epoch: 116 [1280/2500 (50%)]	Loss: 0.760179

Test set: Average loss: 0.8038, Accuracy: (0.6980)

Train Epoch: 117 [0/2500 (0%)]	Loss: 0.669204
Train Epoch: 117 [1280/2500 (50%)]	Loss: 0.795147

Test set: Average loss: 0.8798, Accuracy: (0.6640)

Train Epoch: 118 [0/2500 (0%)]	Loss: 0.714324
Train Epoch: 118 [1280/2500 (50%)]	Loss: 0.751010

Test set: Average loss: 0.8434, Accuracy: (0.6760)

Train Epoch: 119 [0/2500 (0%)]	Loss: 0.825291
Train Epoch: 119 [1280/2500 (50%)]	Loss: 0.862441

Test set: Average loss: 0.8515, Accuracy: (0.6740)

Train Epoch: 120 [0/2500 (0%)]	Loss: 0.851998
Train Epoch: 120 [1280/2500 (50%)]	Loss: 0.857882

Test set: Average loss: 0.8638, Accuracy: (0.6620)

Train Epoch: 121 [0/2500 (0%)]	Loss: 0.894815
Train Epoch: 121 [1280/2500 (50%)]	Loss: 0.782974

Test set: Average loss: 0.7873, Accuracy: (0.6880)

Train Epoch: 122 [0/2500 (0%)]	Loss: 0.854851
Train Epoch: 122 [1280/2500 (50%)]	Loss: 0.710556

Test set: Average loss: 0.7856, Accuracy: (0.6980)

Train Epoch: 123 [0/2500 (0%)]	Loss: 0.845725
Train Epoch: 123 [1280/2500 (50%)]	Loss: 0.824874

Test set: Average loss: 0.7930, Accuracy: (0.7140)

Train Epoch: 124 [0/2500 (0%)]	Loss: 0.740717
Train Epoch: 124 [1280/2500 (50%)]	Loss: 0.692326

Test set: Average loss: 0.8608, Accuracy: (0.6700)

Train Epoch: 125 [0/2500 (0%)]	Loss: 0.880947
Train Epoch: 125 [1280/2500 (50%)]	Loss: 0.770109

Test set: Average loss: 0.7984, Accuracy: (0.6720)

Train Epoch: 126 [0/2500 (0%)]	Loss: 0.855755
Train Epoch: 126 [1280/2500 (50%)]	Loss: 0.814322

Test set: Average loss: 0.8577, Accuracy: (0.6600)

Train Epoch: 127 [0/2500 (0%)]	Loss: 0.748907
Train Epoch: 127 [1280/2500 (50%)]	Loss: 0.678956

Test set: Average loss: 0.8290, Accuracy: (0.6900)

Train Epoch: 128 [0/2500 (0%)]	Loss: 0.762911
Train Epoch: 128 [1280/2500 (50%)]	Loss: 0.813311

Test set: Average loss: 0.7583, Accuracy: (0.7160)

Train Epoch: 129 [0/2500 (0%)]	Loss: 0.664869
Train Epoch: 129 [1280/2500 (50%)]	Loss: 0.767909

Test set: Average loss: 0.9028, Accuracy: (0.6460)

Train Epoch: 130 [0/2500 (0%)]	Loss: 0.788509
Train Epoch: 130 [1280/2500 (50%)]	Loss: 0.828672

Test set: Average loss: 0.8708, Accuracy: (0.6780)

Train Epoch: 131 [0/2500 (0%)]	Loss: 0.821511
Train Epoch: 131 [1280/2500 (50%)]	Loss: 0.755753

Test set: Average loss: 0.8682, Accuracy: (0.6820)

Train Epoch: 132 [0/2500 (0%)]	Loss: 0.849610
Train Epoch: 132 [1280/2500 (50%)]	Loss: 0.755459

Test set: Average loss: 0.7740, Accuracy: (0.6980)

Train Epoch: 133 [0/2500 (0%)]	Loss: 0.772219
Train Epoch: 133 [1280/2500 (50%)]	Loss: 0.782361

Test set: Average loss: 0.8045, Accuracy: (0.6880)

Train Epoch: 134 [0/2500 (0%)]	Loss: 0.872598
Train Epoch: 134 [1280/2500 (50%)]	Loss: 0.758592

Test set: Average loss: 0.7300, Accuracy: (0.7400)

Train Epoch: 135 [0/2500 (0%)]	Loss: 0.809377
Train Epoch: 135 [1280/2500 (50%)]	Loss: 0.903160

Test set: Average loss: 0.8064, Accuracy: (0.7100)

Train Epoch: 136 [0/2500 (0%)]	Loss: 0.948542
Train Epoch: 136 [1280/2500 (50%)]	Loss: 0.833909

Test set: Average loss: 0.7732, Accuracy: (0.7040)

Train Epoch: 137 [0/2500 (0%)]	Loss: 0.760868
Train Epoch: 137 [1280/2500 (50%)]	Loss: 0.677896

Test set: Average loss: 0.7902, Accuracy: (0.7000)

Train Epoch: 138 [0/2500 (0%)]	Loss: 0.710253
Train Epoch: 138 [1280/2500 (50%)]	Loss: 0.815347

Test set: Average loss: 0.7674, Accuracy: (0.6920)

Train Epoch: 139 [0/2500 (0%)]	Loss: 0.633271
Train Epoch: 139 [1280/2500 (50%)]	Loss: 0.735318

Test set: Average loss: 0.7487, Accuracy: (0.7300)

Train Epoch: 140 [0/2500 (0%)]	Loss: 0.765471
Train Epoch: 140 [1280/2500 (50%)]	Loss: 0.630775

Test set: Average loss: 0.8020, Accuracy: (0.7020)

Train Epoch: 141 [0/2500 (0%)]	Loss: 0.768123
Train Epoch: 141 [1280/2500 (50%)]	Loss: 0.808293

Test set: Average loss: 0.8062, Accuracy: (0.6980)

Train Epoch: 142 [0/2500 (0%)]	Loss: 0.773383
Train Epoch: 142 [1280/2500 (50%)]	Loss: 0.591596

Test set: Average loss: 0.7658, Accuracy: (0.7220)

Train Epoch: 143 [0/2500 (0%)]	Loss: 0.757080
Train Epoch: 143 [1280/2500 (50%)]	Loss: 0.818035

Test set: Average loss: 0.8189, Accuracy: (0.6780)

Train Epoch: 144 [0/2500 (0%)]	Loss: 0.769208
Train Epoch: 144 [1280/2500 (50%)]	Loss: 0.863117

Test set: Average loss: 0.8077, Accuracy: (0.7080)

Train Epoch: 145 [0/2500 (0%)]	Loss: 0.857403
Train Epoch: 145 [1280/2500 (50%)]	Loss: 0.840506

Test set: Average loss: 0.8000, Accuracy: (0.7180)

Train Epoch: 146 [0/2500 (0%)]	Loss: 0.813056
Train Epoch: 146 [1280/2500 (50%)]	Loss: 0.780373

Test set: Average loss: 0.7716, Accuracy: (0.7080)

Train Epoch: 147 [0/2500 (0%)]	Loss: 0.893446
Train Epoch: 147 [1280/2500 (50%)]	Loss: 0.769984

Test set: Average loss: 0.7296, Accuracy: (0.7120)

Train Epoch: 148 [0/2500 (0%)]	Loss: 0.719238
Train Epoch: 148 [1280/2500 (50%)]	Loss: 0.661943

Test set: Average loss: 0.7345, Accuracy: (0.7160)

Train Epoch: 149 [0/2500 (0%)]	Loss: 0.843383
Train Epoch: 149 [1280/2500 (50%)]	Loss: 0.679303

Test set: Average loss: 0.7685, Accuracy: (0.7160)

Train Epoch: 150 [0/2500 (0%)]	Loss: 0.816687
Train Epoch: 150 [1280/2500 (50%)]	Loss: 0.816198

Test set: Average loss: 0.8244, Accuracy: (0.6880)

Train Epoch: 151 [0/2500 (0%)]	Loss: 0.682185
Train Epoch: 151 [1280/2500 (50%)]	Loss: 0.694203

Test set: Average loss: 0.8010, Accuracy: (0.6960)

Train Epoch: 152 [0/2500 (0%)]	Loss: 0.790121
Train Epoch: 152 [1280/2500 (50%)]	Loss: 0.800702

Test set: Average loss: 0.8062, Accuracy: (0.6880)

Train Epoch: 153 [0/2500 (0%)]	Loss: 0.736726
Train Epoch: 153 [1280/2500 (50%)]	Loss: 0.752231

Test set: Average loss: 0.8353, Accuracy: (0.6900)

Train Epoch: 154 [0/2500 (0%)]	Loss: 0.769097
Train Epoch: 154 [1280/2500 (50%)]	Loss: 0.708376

Test set: Average loss: 0.7813, Accuracy: (0.7140)

Train Epoch: 155 [0/2500 (0%)]	Loss: 0.822710
Train Epoch: 155 [1280/2500 (50%)]	Loss: 0.786518

Test set: Average loss: 0.8188, Accuracy: (0.6800)

Train Epoch: 156 [0/2500 (0%)]	Loss: 0.693324
Train Epoch: 156 [1280/2500 (50%)]	Loss: 0.723305

Test set: Average loss: 0.7831, Accuracy: (0.6920)

Train Epoch: 157 [0/2500 (0%)]	Loss: 0.811209
Train Epoch: 157 [1280/2500 (50%)]	Loss: 0.790119

Test set: Average loss: 0.8753, Accuracy: (0.6600)

Train Epoch: 158 [0/2500 (0%)]	Loss: 0.728524
Train Epoch: 158 [1280/2500 (50%)]	Loss: 0.657304

Test set: Average loss: 0.8190, Accuracy: (0.6740)

Train Epoch: 159 [0/2500 (0%)]	Loss: 0.765827
Train Epoch: 159 [1280/2500 (50%)]	Loss: 0.831246

Test set: Average loss: 0.7501, Accuracy: (0.7020)

Train Epoch: 160 [0/2500 (0%)]	Loss: 0.853974
Train Epoch: 160 [1280/2500 (50%)]	Loss: 0.700202

Test set: Average loss: 0.7088, Accuracy: (0.7380)

Train Epoch: 161 [0/2500 (0%)]	Loss: 0.678115
Train Epoch: 161 [1280/2500 (50%)]	Loss: 0.825152

Test set: Average loss: 0.7910, Accuracy: (0.6980)

Train Epoch: 162 [0/2500 (0%)]	Loss: 0.808915
Train Epoch: 162 [1280/2500 (50%)]	Loss: 0.783033

Test set: Average loss: 0.7141, Accuracy: (0.7460)

Train Epoch: 163 [0/2500 (0%)]	Loss: 0.706029
Train Epoch: 163 [1280/2500 (50%)]	Loss: 0.838897

Test set: Average loss: 0.8037, Accuracy: (0.7000)

Train Epoch: 164 [0/2500 (0%)]	Loss: 0.696631
Train Epoch: 164 [1280/2500 (50%)]	Loss: 0.795332

Test set: Average loss: 0.8060, Accuracy: (0.6840)

Train Epoch: 165 [0/2500 (0%)]	Loss: 0.834460
Train Epoch: 165 [1280/2500 (50%)]	Loss: 0.832647

Test set: Average loss: 0.7738, Accuracy: (0.7060)

Train Epoch: 166 [0/2500 (0%)]	Loss: 0.578418
Train Epoch: 166 [1280/2500 (50%)]	Loss: 0.711580

Test set: Average loss: 0.7342, Accuracy: (0.7100)

Train Epoch: 167 [0/2500 (0%)]	Loss: 0.754053
Train Epoch: 167 [1280/2500 (50%)]	Loss: 0.797390

Test set: Average loss: 0.7846, Accuracy: (0.6960)

Train Epoch: 168 [0/2500 (0%)]	Loss: 0.774377
Train Epoch: 168 [1280/2500 (50%)]	Loss: 0.737777

Test set: Average loss: 0.7380, Accuracy: (0.7140)

Train Epoch: 169 [0/2500 (0%)]	Loss: 0.826499
Train Epoch: 169 [1280/2500 (50%)]	Loss: 0.685525

Test set: Average loss: 0.8049, Accuracy: (0.6960)

Train Epoch: 170 [0/2500 (0%)]	Loss: 0.595422
Train Epoch: 170 [1280/2500 (50%)]	Loss: 0.719561

Test set: Average loss: 0.7754, Accuracy: (0.6960)

Train Epoch: 171 [0/2500 (0%)]	Loss: 0.643460
Train Epoch: 171 [1280/2500 (50%)]	Loss: 0.806702

Test set: Average loss: 0.7955, Accuracy: (0.7080)

Train Epoch: 172 [0/2500 (0%)]	Loss: 0.691966
Train Epoch: 172 [1280/2500 (50%)]	Loss: 0.802802

Test set: Average loss: 0.7472, Accuracy: (0.7220)

Train Epoch: 173 [0/2500 (0%)]	Loss: 0.751260
Train Epoch: 173 [1280/2500 (50%)]	Loss: 0.821364

Test set: Average loss: 0.8078, Accuracy: (0.6820)

Train Epoch: 174 [0/2500 (0%)]	Loss: 0.791178
Train Epoch: 174 [1280/2500 (50%)]	Loss: 0.653504

Test set: Average loss: 0.7779, Accuracy: (0.7140)

Train Epoch: 175 [0/2500 (0%)]	Loss: 0.810077
Train Epoch: 175 [1280/2500 (50%)]	Loss: 0.730285

Test set: Average loss: 0.7567, Accuracy: (0.7080)

Train Epoch: 176 [0/2500 (0%)]	Loss: 0.873109
Train Epoch: 176 [1280/2500 (50%)]	Loss: 0.688116

Test set: Average loss: 0.7951, Accuracy: (0.7040)

Train Epoch: 177 [0/2500 (0%)]	Loss: 0.734234
Train Epoch: 177 [1280/2500 (50%)]	Loss: 0.705181

Test set: Average loss: 0.7537, Accuracy: (0.7240)

Train Epoch: 178 [0/2500 (0%)]	Loss: 0.803874
Train Epoch: 178 [1280/2500 (50%)]	Loss: 0.718655

Test set: Average loss: 0.7226, Accuracy: (0.7300)

Train Epoch: 179 [0/2500 (0%)]	Loss: 0.733481
Train Epoch: 179 [1280/2500 (50%)]	Loss: 0.645975

Test set: Average loss: 0.7807, Accuracy: (0.6960)

Train Epoch: 180 [0/2500 (0%)]	Loss: 0.837121
Train Epoch: 180 [1280/2500 (50%)]	Loss: 0.722899

Test set: Average loss: 0.7768, Accuracy: (0.7120)

Train Epoch: 181 [0/2500 (0%)]	Loss: 0.576541
Train Epoch: 181 [1280/2500 (50%)]	Loss: 0.768614

Test set: Average loss: 0.7983, Accuracy: (0.6840)

Train Epoch: 182 [0/2500 (0%)]	Loss: 0.697442
Train Epoch: 182 [1280/2500 (50%)]	Loss: 0.892162

Test set: Average loss: 0.8123, Accuracy: (0.6880)

Train Epoch: 183 [0/2500 (0%)]	Loss: 0.806487
Train Epoch: 183 [1280/2500 (50%)]	Loss: 0.646304

Test set: Average loss: 0.7836, Accuracy: (0.7180)

Train Epoch: 184 [0/2500 (0%)]	Loss: 0.732974
Train Epoch: 184 [1280/2500 (50%)]	Loss: 0.768670

Test set: Average loss: 0.7587, Accuracy: (0.7120)

Train Epoch: 185 [0/2500 (0%)]	Loss: 0.716846
Train Epoch: 185 [1280/2500 (50%)]	Loss: 0.824427

Test set: Average loss: 0.7781, Accuracy: (0.6960)

Train Epoch: 186 [0/2500 (0%)]	Loss: 0.818736
Train Epoch: 186 [1280/2500 (50%)]	Loss: 0.983762

Test set: Average loss: 0.7609, Accuracy: (0.7020)

Train Epoch: 187 [0/2500 (0%)]	Loss: 0.783639
Train Epoch: 187 [1280/2500 (50%)]	Loss: 0.595882

Test set: Average loss: 0.7309, Accuracy: (0.7120)

Train Epoch: 188 [0/2500 (0%)]	Loss: 0.638341
Train Epoch: 188 [1280/2500 (50%)]	Loss: 0.655897

Test set: Average loss: 0.7566, Accuracy: (0.7080)

Train Epoch: 189 [0/2500 (0%)]	Loss: 0.747909
Train Epoch: 189 [1280/2500 (50%)]	Loss: 0.800623

Test set: Average loss: 0.7179, Accuracy: (0.7320)

Train Epoch: 190 [0/2500 (0%)]	Loss: 0.728353
Train Epoch: 190 [1280/2500 (50%)]	Loss: 0.764186

Test set: Average loss: 0.7766, Accuracy: (0.7100)

Train Epoch: 191 [0/2500 (0%)]	Loss: 0.810865
Train Epoch: 191 [1280/2500 (50%)]	Loss: 0.743037

Test set: Average loss: 0.8463, Accuracy: (0.6840)

Train Epoch: 192 [0/2500 (0%)]	Loss: 0.722533
Train Epoch: 192 [1280/2500 (50%)]	Loss: 0.634704

Test set: Average loss: 0.7572, Accuracy: (0.7080)

Train Epoch: 193 [0/2500 (0%)]	Loss: 0.799595
Train Epoch: 193 [1280/2500 (50%)]	Loss: 0.461536

Test set: Average loss: 0.7785, Accuracy: (0.7100)

Train Epoch: 194 [0/2500 (0%)]	Loss: 0.700428
Train Epoch: 194 [1280/2500 (50%)]	Loss: 0.661142

Test set: Average loss: 0.8049, Accuracy: (0.6860)

Train Epoch: 195 [0/2500 (0%)]	Loss: 0.600537
Train Epoch: 195 [1280/2500 (50%)]	Loss: 0.771385

Test set: Average loss: 0.7630, Accuracy: (0.7000)

Train Epoch: 196 [0/2500 (0%)]	Loss: 0.675329
Train Epoch: 196 [1280/2500 (50%)]	Loss: 0.868705

Test set: Average loss: 0.7739, Accuracy: (0.7060)

Train Epoch: 197 [0/2500 (0%)]	Loss: 0.775314
Train Epoch: 197 [1280/2500 (50%)]	Loss: 0.787639

Test set: Average loss: 0.7083, Accuracy: (0.7300)

Train Epoch: 198 [0/2500 (0%)]	Loss: 0.628900
Train Epoch: 198 [1280/2500 (50%)]	Loss: 0.655480

Test set: Average loss: 0.7157, Accuracy: (0.7320)

Train Epoch: 199 [0/2500 (0%)]	Loss: 0.710243
Train Epoch: 199 [1280/2500 (50%)]	Loss: 0.624836

Test set: Average loss: 0.7407, Accuracy: (0.7080)

Train Epoch: 200 [0/2500 (0%)]	Loss: 0.630296
Train Epoch: 200 [1280/2500 (50%)]	Loss: 0.682558

Test set: Average loss: 0.7613, Accuracy: (0.7180)

Train Epoch: 201 [0/2500 (0%)]	Loss: 0.716015
Train Epoch: 201 [1280/2500 (50%)]	Loss: 0.765583

Test set: Average loss: 0.7963, Accuracy: (0.6940)

Train Epoch: 202 [0/2500 (0%)]	Loss: 0.690305
Train Epoch: 202 [1280/2500 (50%)]	Loss: 0.769079

Test set: Average loss: 0.7528, Accuracy: (0.7260)

Train Epoch: 203 [0/2500 (0%)]	Loss: 0.760822
Train Epoch: 203 [1280/2500 (50%)]	Loss: 0.673680

Test set: Average loss: 0.7344, Accuracy: (0.7300)

Train Epoch: 204 [0/2500 (0%)]	Loss: 0.735161
Train Epoch: 204 [1280/2500 (50%)]	Loss: 0.718618

Test set: Average loss: 0.7317, Accuracy: (0.7240)

Train Epoch: 205 [0/2500 (0%)]	Loss: 0.644523
Train Epoch: 205 [1280/2500 (50%)]	Loss: 0.554905

Test set: Average loss: 0.7514, Accuracy: (0.7080)

Train Epoch: 206 [0/2500 (0%)]	Loss: 0.788086
Train Epoch: 206 [1280/2500 (50%)]	Loss: 0.721754

Test set: Average loss: 0.7334, Accuracy: (0.7300)

Train Epoch: 207 [0/2500 (0%)]	Loss: 0.691104
Train Epoch: 207 [1280/2500 (50%)]	Loss: 0.757820

Test set: Average loss: 0.7117, Accuracy: (0.7440)

Train Epoch: 208 [0/2500 (0%)]	Loss: 0.687481
Train Epoch: 208 [1280/2500 (50%)]	Loss: 0.580151

Test set: Average loss: 0.7478, Accuracy: (0.7220)

Train Epoch: 209 [0/2500 (0%)]	Loss: 0.752445
Train Epoch: 209 [1280/2500 (50%)]	Loss: 0.837359

Test set: Average loss: 0.7445, Accuracy: (0.7160)

Train Epoch: 210 [0/2500 (0%)]	Loss: 0.686622
Train Epoch: 210 [1280/2500 (50%)]	Loss: 0.746733

Test set: Average loss: 0.7819, Accuracy: (0.6960)

Train Epoch: 211 [0/2500 (0%)]	Loss: 0.830777
Train Epoch: 211 [1280/2500 (50%)]	Loss: 0.680133

Test set: Average loss: 0.7564, Accuracy: (0.7140)

Train Epoch: 212 [0/2500 (0%)]	Loss: 0.772693
Train Epoch: 212 [1280/2500 (50%)]	Loss: 0.724947

Test set: Average loss: 0.7541, Accuracy: (0.7160)

Train Epoch: 213 [0/2500 (0%)]	Loss: 0.575110
Train Epoch: 213 [1280/2500 (50%)]	Loss: 0.658169

Test set: Average loss: 0.7430, Accuracy: (0.7260)

Train Epoch: 214 [0/2500 (0%)]	Loss: 0.759066
Train Epoch: 214 [1280/2500 (50%)]	Loss: 0.709624

Test set: Average loss: 0.7350, Accuracy: (0.7160)

Train Epoch: 215 [0/2500 (0%)]	Loss: 0.696438
Train Epoch: 215 [1280/2500 (50%)]	Loss: 0.625838

Test set: Average loss: 0.7401, Accuracy: (0.7340)

Train Epoch: 216 [0/2500 (0%)]	Loss: 0.782545
Train Epoch: 216 [1280/2500 (50%)]	Loss: 0.849942

Test set: Average loss: 0.7299, Accuracy: (0.7200)

Train Epoch: 217 [0/2500 (0%)]	Loss: 0.672049
Train Epoch: 217 [1280/2500 (50%)]	Loss: 0.597887

Test set: Average loss: 0.7010, Accuracy: (0.7420)

Train Epoch: 218 [0/2500 (0%)]	Loss: 0.665584
Train Epoch: 218 [1280/2500 (50%)]	Loss: 0.706685

Test set: Average loss: 0.7384, Accuracy: (0.7220)

Train Epoch: 219 [0/2500 (0%)]	Loss: 0.767149
Train Epoch: 219 [1280/2500 (50%)]	Loss: 0.629407

Test set: Average loss: 0.7475, Accuracy: (0.7280)

Train Epoch: 220 [0/2500 (0%)]	Loss: 0.710930
Train Epoch: 220 [1280/2500 (50%)]	Loss: 0.841994

Test set: Average loss: 0.7377, Accuracy: (0.7220)

Train Epoch: 221 [0/2500 (0%)]	Loss: 0.537251
Train Epoch: 221 [1280/2500 (50%)]	Loss: 0.641127

Test set: Average loss: 0.6922, Accuracy: (0.7380)

Train Epoch: 222 [0/2500 (0%)]	Loss: 0.823015
Train Epoch: 222 [1280/2500 (50%)]	Loss: 0.640751

Test set: Average loss: 0.7400, Accuracy: (0.7340)

Train Epoch: 223 [0/2500 (0%)]	Loss: 0.650962
Train Epoch: 223 [1280/2500 (50%)]	Loss: 0.632421

Test set: Average loss: 0.7944, Accuracy: (0.6820)

Train Epoch: 224 [0/2500 (0%)]	Loss: 0.778661
Train Epoch: 224 [1280/2500 (50%)]	Loss: 0.725020

Test set: Average loss: 0.7666, Accuracy: (0.7020)

Train Epoch: 225 [0/2500 (0%)]	Loss: 0.671520
Train Epoch: 225 [1280/2500 (50%)]	Loss: 0.755038

Test set: Average loss: 0.7363, Accuracy: (0.7300)

Train Epoch: 226 [0/2500 (0%)]	Loss: 0.756648
Train Epoch: 226 [1280/2500 (50%)]	Loss: 0.742132

Test set: Average loss: 0.7856, Accuracy: (0.7220)

Train Epoch: 227 [0/2500 (0%)]	Loss: 0.716310
Train Epoch: 227 [1280/2500 (50%)]	Loss: 0.662457

Test set: Average loss: 0.7505, Accuracy: (0.7060)

Train Epoch: 228 [0/2500 (0%)]	Loss: 0.717440
Train Epoch: 228 [1280/2500 (50%)]	Loss: 0.625388

Test set: Average loss: 0.7087, Accuracy: (0.7520)

Train Epoch: 229 [0/2500 (0%)]	Loss: 0.706485
Train Epoch: 229 [1280/2500 (50%)]	Loss: 0.825347

Test set: Average loss: 0.7409, Accuracy: (0.7200)

Train Epoch: 230 [0/2500 (0%)]	Loss: 0.740247
Train Epoch: 230 [1280/2500 (50%)]	Loss: 0.621528

Test set: Average loss: 0.7047, Accuracy: (0.7380)

Train Epoch: 231 [0/2500 (0%)]	Loss: 0.673761
Train Epoch: 231 [1280/2500 (50%)]	Loss: 0.701023

Test set: Average loss: 0.7518, Accuracy: (0.7040)

Train Epoch: 232 [0/2500 (0%)]	Loss: 0.603651
Train Epoch: 232 [1280/2500 (50%)]	Loss: 0.646312

Test set: Average loss: 0.6929, Accuracy: (0.7420)

Train Epoch: 233 [0/2500 (0%)]	Loss: 0.612158
Train Epoch: 233 [1280/2500 (50%)]	Loss: 0.854512

Test set: Average loss: 0.7231, Accuracy: (0.7400)

Train Epoch: 234 [0/2500 (0%)]	Loss: 0.760803
Train Epoch: 234 [1280/2500 (50%)]	Loss: 0.671227

Test set: Average loss: 0.6986, Accuracy: (0.7620)

Train Epoch: 235 [0/2500 (0%)]	Loss: 0.714892
Train Epoch: 235 [1280/2500 (50%)]	Loss: 0.674953

Test set: Average loss: 0.7165, Accuracy: (0.7240)

Train Epoch: 236 [0/2500 (0%)]	Loss: 0.492573
Train Epoch: 236 [1280/2500 (50%)]	Loss: 0.728815

Test set: Average loss: 0.7613, Accuracy: (0.7120)

Train Epoch: 237 [0/2500 (0%)]	Loss: 0.516410
Train Epoch: 237 [1280/2500 (50%)]	Loss: 0.854879

Test set: Average loss: 0.6937, Accuracy: (0.7540)

Train Epoch: 238 [0/2500 (0%)]	Loss: 0.709965
Train Epoch: 238 [1280/2500 (50%)]	Loss: 0.687464

Test set: Average loss: 0.7035, Accuracy: (0.7360)

Train Epoch: 239 [0/2500 (0%)]	Loss: 0.620242
Train Epoch: 239 [1280/2500 (50%)]	Loss: 0.725793

Test set: Average loss: 0.7423, Accuracy: (0.7120)

Train Epoch: 240 [0/2500 (0%)]	Loss: 0.641069
Train Epoch: 240 [1280/2500 (50%)]	Loss: 0.569366

Test set: Average loss: 0.7186, Accuracy: (0.7280)

Train Epoch: 241 [0/2500 (0%)]	Loss: 0.668809
Train Epoch: 241 [1280/2500 (50%)]	Loss: 0.763444

Test set: Average loss: 0.7209, Accuracy: (0.7420)

Train Epoch: 242 [0/2500 (0%)]	Loss: 0.684176
Train Epoch: 242 [1280/2500 (50%)]	Loss: 0.663988

Test set: Average loss: 0.7453, Accuracy: (0.7120)

Train Epoch: 243 [0/2500 (0%)]	Loss: 0.752465
Train Epoch: 243 [1280/2500 (50%)]	Loss: 0.801322

Test set: Average loss: 0.7008, Accuracy: (0.7300)

Train Epoch: 244 [0/2500 (0%)]	Loss: 0.537975
Train Epoch: 244 [1280/2500 (50%)]	Loss: 0.739303

Test set: Average loss: 0.7151, Accuracy: (0.7140)

Train Epoch: 245 [0/2500 (0%)]	Loss: 0.651337
Train Epoch: 245 [1280/2500 (50%)]	Loss: 0.549963

Test set: Average loss: 0.6909, Accuracy: (0.7540)

Train Epoch: 246 [0/2500 (0%)]	Loss: 0.744432
Train Epoch: 246 [1280/2500 (50%)]	Loss: 0.607264

Test set: Average loss: 0.7156, Accuracy: (0.7200)

Train Epoch: 247 [0/2500 (0%)]	Loss: 0.622465
Train Epoch: 247 [1280/2500 (50%)]	Loss: 0.630762

Test set: Average loss: 0.6726, Accuracy: (0.7520)

Train Epoch: 248 [0/2500 (0%)]	Loss: 0.612023
Train Epoch: 248 [1280/2500 (50%)]	Loss: 0.691376

Test set: Average loss: 0.7235, Accuracy: (0.7260)

Train Epoch: 249 [0/2500 (0%)]	Loss: 0.665655
Train Epoch: 249 [1280/2500 (50%)]	Loss: 0.591398

Test set: Average loss: 0.6860, Accuracy: (0.7420)

Train Epoch: 250 [0/2500 (0%)]	Loss: 0.688169
Train Epoch: 250 [1280/2500 (50%)]	Loss: 0.679665

Test set: Average loss: 0.6785, Accuracy: (0.7520)

Task RandSplitCIFAR100: 1
Train Epoch: 1 [0/2500 (0%)]	Loss: 1.585848
Train Epoch: 1 [1280/2500 (50%)]	Loss: 1.318607

Test set: Average loss: 1.3289, Accuracy: (0.3960)

Train Epoch: 2 [0/2500 (0%)]	Loss: 1.212268
Train Epoch: 2 [1280/2500 (50%)]	Loss: 1.241177

Test set: Average loss: 1.1592, Accuracy: (0.5080)

Train Epoch: 3 [0/2500 (0%)]	Loss: 1.203135
Train Epoch: 3 [1280/2500 (50%)]	Loss: 1.210510

Test set: Average loss: 1.2870, Accuracy: (0.4320)

Train Epoch: 4 [0/2500 (0%)]	Loss: 1.141813
Train Epoch: 4 [1280/2500 (50%)]	Loss: 1.065870

Test set: Average loss: 1.2300, Accuracy: (0.4640)

Train Epoch: 5 [0/2500 (0%)]	Loss: 1.235367
Train Epoch: 5 [1280/2500 (50%)]	Loss: 1.037866

Test set: Average loss: 1.1197, Accuracy: (0.5300)

Train Epoch: 6 [0/2500 (0%)]	Loss: 1.027614
Train Epoch: 6 [1280/2500 (50%)]	Loss: 0.998298

Test set: Average loss: 1.1786, Accuracy: (0.5120)

Train Epoch: 7 [0/2500 (0%)]	Loss: 1.131155
Train Epoch: 7 [1280/2500 (50%)]	Loss: 1.023465

Test set: Average loss: 1.0804, Accuracy: (0.5620)

Train Epoch: 8 [0/2500 (0%)]	Loss: 0.992224
Train Epoch: 8 [1280/2500 (50%)]	Loss: 1.113425

Test set: Average loss: 1.0896, Accuracy: (0.5700)

Train Epoch: 9 [0/2500 (0%)]	Loss: 1.028297
Train Epoch: 9 [1280/2500 (50%)]	Loss: 1.064043

Test set: Average loss: 1.0851, Accuracy: (0.5320)

Train Epoch: 10 [0/2500 (0%)]	Loss: 1.004852
Train Epoch: 10 [1280/2500 (50%)]	Loss: 0.952354

Test set: Average loss: 1.1251, Accuracy: (0.5060)

Train Epoch: 11 [0/2500 (0%)]	Loss: 0.907439
Train Epoch: 11 [1280/2500 (50%)]	Loss: 1.009607

Test set: Average loss: 1.0526, Accuracy: (0.5520)

Train Epoch: 12 [0/2500 (0%)]	Loss: 0.893116
Train Epoch: 12 [1280/2500 (50%)]	Loss: 0.994135

Test set: Average loss: 1.0594, Accuracy: (0.5700)

Train Epoch: 13 [0/2500 (0%)]	Loss: 0.978707
Train Epoch: 13 [1280/2500 (50%)]	Loss: 1.197786

Test set: Average loss: 1.0811, Accuracy: (0.5240)

Train Epoch: 14 [0/2500 (0%)]	Loss: 0.964999
Train Epoch: 14 [1280/2500 (50%)]	Loss: 0.984444

Test set: Average loss: 1.0138, Accuracy: (0.5920)

Train Epoch: 15 [0/2500 (0%)]	Loss: 1.055961
Train Epoch: 15 [1280/2500 (50%)]	Loss: 1.111689

Test set: Average loss: 0.9914, Accuracy: (0.6080)

Train Epoch: 16 [0/2500 (0%)]	Loss: 0.874439
Train Epoch: 16 [1280/2500 (50%)]	Loss: 0.908451

Test set: Average loss: 0.9821, Accuracy: (0.5680)

Train Epoch: 17 [0/2500 (0%)]	Loss: 0.945658
Train Epoch: 17 [1280/2500 (50%)]	Loss: 0.950801

Test set: Average loss: 1.0022, Accuracy: (0.5720)

Train Epoch: 18 [0/2500 (0%)]	Loss: 1.001325
Train Epoch: 18 [1280/2500 (50%)]	Loss: 0.956759

Test set: Average loss: 0.9518, Accuracy: (0.6320)

Train Epoch: 19 [0/2500 (0%)]	Loss: 1.011710
Train Epoch: 19 [1280/2500 (50%)]	Loss: 0.961916

Test set: Average loss: 0.9539, Accuracy: (0.5900)

Train Epoch: 20 [0/2500 (0%)]	Loss: 1.067742
Train Epoch: 20 [1280/2500 (50%)]	Loss: 0.981374

Test set: Average loss: 1.0446, Accuracy: (0.5740)

Train Epoch: 21 [0/2500 (0%)]	Loss: 0.850598
Train Epoch: 21 [1280/2500 (50%)]	Loss: 0.918566

Test set: Average loss: 1.3035, Accuracy: (0.4700)

Train Epoch: 22 [0/2500 (0%)]	Loss: 1.151710
Train Epoch: 22 [1280/2500 (50%)]	Loss: 0.945222

Test set: Average loss: 1.0375, Accuracy: (0.5440)

Train Epoch: 23 [0/2500 (0%)]	Loss: 1.037208
Train Epoch: 23 [1280/2500 (50%)]	Loss: 0.920518

Test set: Average loss: 1.0403, Accuracy: (0.5760)

Train Epoch: 24 [0/2500 (0%)]	Loss: 0.989107
Train Epoch: 24 [1280/2500 (50%)]	Loss: 0.918993

Test set: Average loss: 0.9578, Accuracy: (0.6140)

Train Epoch: 25 [0/2500 (0%)]	Loss: 0.818201
Train Epoch: 25 [1280/2500 (50%)]	Loss: 0.902115

Test set: Average loss: 0.9315, Accuracy: (0.6320)

Train Epoch: 26 [0/2500 (0%)]	Loss: 0.869990
Train Epoch: 26 [1280/2500 (50%)]	Loss: 0.860762

Test set: Average loss: 0.9623, Accuracy: (0.6000)

Train Epoch: 27 [0/2500 (0%)]	Loss: 1.083211
Train Epoch: 27 [1280/2500 (50%)]	Loss: 0.924666

Test set: Average loss: 0.9176, Accuracy: (0.6240)

Train Epoch: 28 [0/2500 (0%)]	Loss: 0.889769
Train Epoch: 28 [1280/2500 (50%)]	Loss: 0.766685

Test set: Average loss: 0.9421, Accuracy: (0.6140)

Train Epoch: 29 [0/2500 (0%)]	Loss: 0.918175
Train Epoch: 29 [1280/2500 (50%)]	Loss: 0.946015

Test set: Average loss: 0.9800, Accuracy: (0.5940)

Train Epoch: 30 [0/2500 (0%)]	Loss: 0.852281
Train Epoch: 30 [1280/2500 (50%)]	Loss: 0.819266

Test set: Average loss: 0.9251, Accuracy: (0.6340)

Train Epoch: 31 [0/2500 (0%)]	Loss: 0.818235
Train Epoch: 31 [1280/2500 (50%)]	Loss: 0.725084

Test set: Average loss: 0.9165, Accuracy: (0.6220)

Train Epoch: 32 [0/2500 (0%)]	Loss: 0.853314
Train Epoch: 32 [1280/2500 (50%)]	Loss: 0.909609

Test set: Average loss: 0.9153, Accuracy: (0.6480)

Train Epoch: 33 [0/2500 (0%)]	Loss: 0.919075
Train Epoch: 33 [1280/2500 (50%)]	Loss: 0.956094

Test set: Average loss: 0.8764, Accuracy: (0.6460)

Train Epoch: 34 [0/2500 (0%)]	Loss: 0.858003
Train Epoch: 34 [1280/2500 (50%)]	Loss: 0.968820

Test set: Average loss: 0.8385, Accuracy: (0.6560)

Train Epoch: 35 [0/2500 (0%)]	Loss: 0.718139
Train Epoch: 35 [1280/2500 (50%)]	Loss: 0.964523

Test set: Average loss: 0.9591, Accuracy: (0.6080)

Train Epoch: 36 [0/2500 (0%)]	Loss: 0.863946
Train Epoch: 36 [1280/2500 (50%)]	Loss: 0.967795

Test set: Average loss: 0.9177, Accuracy: (0.6180)

Train Epoch: 37 [0/2500 (0%)]	Loss: 0.825087
Train Epoch: 37 [1280/2500 (50%)]	Loss: 0.847727

Test set: Average loss: 0.8807, Accuracy: (0.6480)

Train Epoch: 38 [0/2500 (0%)]	Loss: 0.887343
Train Epoch: 38 [1280/2500 (50%)]	Loss: 0.795544

Test set: Average loss: 0.8717, Accuracy: (0.6520)

Train Epoch: 39 [0/2500 (0%)]	Loss: 0.744697
Train Epoch: 39 [1280/2500 (50%)]	Loss: 0.792848

Test set: Average loss: 1.0987, Accuracy: (0.5380)

Train Epoch: 40 [0/2500 (0%)]	Loss: 1.111159
Train Epoch: 40 [1280/2500 (50%)]	Loss: 0.866147

Test set: Average loss: 0.8713, Accuracy: (0.6540)

Train Epoch: 41 [0/2500 (0%)]	Loss: 0.786013
Train Epoch: 41 [1280/2500 (50%)]	Loss: 0.843994

Test set: Average loss: 0.8596, Accuracy: (0.6540)

Train Epoch: 42 [0/2500 (0%)]	Loss: 0.740239
Train Epoch: 42 [1280/2500 (50%)]	Loss: 0.892551

Test set: Average loss: 0.8706, Accuracy: (0.6260)

Train Epoch: 43 [0/2500 (0%)]	Loss: 0.792885
Train Epoch: 43 [1280/2500 (50%)]	Loss: 0.681467

Test set: Average loss: 0.9102, Accuracy: (0.6500)

Train Epoch: 44 [0/2500 (0%)]	Loss: 0.808799
Train Epoch: 44 [1280/2500 (50%)]	Loss: 0.823130

Test set: Average loss: 0.8666, Accuracy: (0.6560)

Train Epoch: 45 [0/2500 (0%)]	Loss: 0.807578
Train Epoch: 45 [1280/2500 (50%)]	Loss: 0.770587

Test set: Average loss: 0.8401, Accuracy: (0.6640)

Train Epoch: 46 [0/2500 (0%)]	Loss: 0.904582
Train Epoch: 46 [1280/2500 (50%)]	Loss: 0.927912

Test set: Average loss: 0.8441, Accuracy: (0.6640)

Train Epoch: 47 [0/2500 (0%)]	Loss: 0.983067
Train Epoch: 47 [1280/2500 (50%)]	Loss: 0.861836

Test set: Average loss: 0.8935, Accuracy: (0.6460)

Train Epoch: 48 [0/2500 (0%)]	Loss: 0.864811
Train Epoch: 48 [1280/2500 (50%)]	Loss: 0.893097

Test set: Average loss: 0.8279, Accuracy: (0.6460)

Train Epoch: 49 [0/2500 (0%)]	Loss: 0.615661
Train Epoch: 49 [1280/2500 (50%)]	Loss: 0.732560

Test set: Average loss: 0.8786, Accuracy: (0.6420)

Train Epoch: 50 [0/2500 (0%)]	Loss: 0.813627
Train Epoch: 50 [1280/2500 (50%)]	Loss: 0.836959

Test set: Average loss: 0.8468, Accuracy: (0.6360)

Train Epoch: 51 [0/2500 (0%)]	Loss: 0.851552
Train Epoch: 51 [1280/2500 (50%)]	Loss: 0.758397

Test set: Average loss: 0.8354, Accuracy: (0.6780)

Train Epoch: 52 [0/2500 (0%)]	Loss: 0.799212
Train Epoch: 52 [1280/2500 (50%)]	Loss: 0.809801

Test set: Average loss: 0.8442, Accuracy: (0.6720)

Train Epoch: 53 [0/2500 (0%)]	Loss: 0.756739
Train Epoch: 53 [1280/2500 (50%)]	Loss: 0.842462

Test set: Average loss: 0.9164, Accuracy: (0.6380)

Train Epoch: 54 [0/2500 (0%)]	Loss: 0.770209
Train Epoch: 54 [1280/2500 (50%)]	Loss: 0.990864

Test set: Average loss: 0.8831, Accuracy: (0.6440)

Train Epoch: 55 [0/2500 (0%)]	Loss: 0.864081
Train Epoch: 55 [1280/2500 (50%)]	Loss: 0.778307

Test set: Average loss: 0.8441, Accuracy: (0.6540)

Train Epoch: 56 [0/2500 (0%)]	Loss: 0.904630
Train Epoch: 56 [1280/2500 (50%)]	Loss: 0.792030

Test set: Average loss: 0.8407, Accuracy: (0.6700)

Train Epoch: 57 [0/2500 (0%)]	Loss: 0.724701
Train Epoch: 57 [1280/2500 (50%)]	Loss: 0.768896

Test set: Average loss: 0.8853, Accuracy: (0.6540)

Train Epoch: 58 [0/2500 (0%)]	Loss: 0.746259
Train Epoch: 58 [1280/2500 (50%)]	Loss: 0.903548

Test set: Average loss: 0.8644, Accuracy: (0.6600)

Train Epoch: 59 [0/2500 (0%)]	Loss: 0.905884
Train Epoch: 59 [1280/2500 (50%)]	Loss: 0.760276

Test set: Average loss: 1.0043, Accuracy: (0.5920)

Train Epoch: 60 [0/2500 (0%)]	Loss: 0.903200
Train Epoch: 60 [1280/2500 (50%)]	Loss: 0.754878

Test set: Average loss: 0.8318, Accuracy: (0.6720)

Train Epoch: 61 [0/2500 (0%)]	Loss: 0.744454
Train Epoch: 61 [1280/2500 (50%)]	Loss: 0.809098

Test set: Average loss: 0.8951, Accuracy: (0.6560)

Train Epoch: 62 [0/2500 (0%)]	Loss: 0.748222
Train Epoch: 62 [1280/2500 (50%)]	Loss: 0.852009

Test set: Average loss: 0.8230, Accuracy: (0.6780)

Train Epoch: 63 [0/2500 (0%)]	Loss: 0.822100
Train Epoch: 63 [1280/2500 (50%)]	Loss: 0.782510

Test set: Average loss: 0.9272, Accuracy: (0.6520)

Train Epoch: 64 [0/2500 (0%)]	Loss: 0.801096
Train Epoch: 64 [1280/2500 (50%)]	Loss: 0.761844

Test set: Average loss: 0.8036, Accuracy: (0.6840)

Train Epoch: 65 [0/2500 (0%)]	Loss: 0.784047
Train Epoch: 65 [1280/2500 (50%)]	Loss: 0.849028

Test set: Average loss: 0.7864, Accuracy: (0.6840)

Train Epoch: 66 [0/2500 (0%)]	Loss: 0.668204
Train Epoch: 66 [1280/2500 (50%)]	Loss: 0.805334

Test set: Average loss: 0.8422, Accuracy: (0.6640)

Train Epoch: 67 [0/2500 (0%)]	Loss: 0.761967
Train Epoch: 67 [1280/2500 (50%)]	Loss: 0.860671

Test set: Average loss: 0.8428, Accuracy: (0.6840)

Train Epoch: 68 [0/2500 (0%)]	Loss: 0.926182
Train Epoch: 68 [1280/2500 (50%)]	Loss: 0.739757

Test set: Average loss: 0.8237, Accuracy: (0.6680)

Train Epoch: 69 [0/2500 (0%)]	Loss: 0.724497
Train Epoch: 69 [1280/2500 (50%)]	Loss: 0.717752

Test set: Average loss: 0.8351, Accuracy: (0.6660)

Train Epoch: 70 [0/2500 (0%)]	Loss: 0.833478
Train Epoch: 70 [1280/2500 (50%)]	Loss: 0.696429

Test set: Average loss: 0.7911, Accuracy: (0.6980)

Train Epoch: 71 [0/2500 (0%)]	Loss: 0.809599
Train Epoch: 71 [1280/2500 (50%)]	Loss: 0.834418

Test set: Average loss: 0.8195, Accuracy: (0.6700)

Train Epoch: 72 [0/2500 (0%)]	Loss: 0.766592
Train Epoch: 72 [1280/2500 (50%)]	Loss: 0.700202

Test set: Average loss: 0.8883, Accuracy: (0.6620)

Train Epoch: 73 [0/2500 (0%)]	Loss: 0.773897
Train Epoch: 73 [1280/2500 (50%)]	Loss: 0.712121

Test set: Average loss: 0.8076, Accuracy: (0.7020)

Train Epoch: 74 [0/2500 (0%)]	Loss: 0.691810
Train Epoch: 74 [1280/2500 (50%)]	Loss: 0.847706

Test set: Average loss: 0.8261, Accuracy: (0.6480)

Train Epoch: 75 [0/2500 (0%)]	Loss: 0.671644
Train Epoch: 75 [1280/2500 (50%)]	Loss: 0.696173

Test set: Average loss: 0.7982, Accuracy: (0.6980)

Train Epoch: 76 [0/2500 (0%)]	Loss: 0.692946
Train Epoch: 76 [1280/2500 (50%)]	Loss: 0.960238

Test set: Average loss: 0.7799, Accuracy: (0.7220)

Train Epoch: 77 [0/2500 (0%)]	Loss: 0.699433
Train Epoch: 77 [1280/2500 (50%)]	Loss: 0.738539

Test set: Average loss: 0.8169, Accuracy: (0.6700)

Train Epoch: 78 [0/2500 (0%)]	Loss: 0.657633
Train Epoch: 78 [1280/2500 (50%)]	Loss: 0.797568

Test set: Average loss: 0.8166, Accuracy: (0.6640)

Train Epoch: 79 [0/2500 (0%)]	Loss: 0.709277
Train Epoch: 79 [1280/2500 (50%)]	Loss: 0.707728

Test set: Average loss: 0.7830, Accuracy: (0.6860)

Train Epoch: 80 [0/2500 (0%)]	Loss: 0.754666
Train Epoch: 80 [1280/2500 (50%)]	Loss: 0.711756

Test set: Average loss: 0.7421, Accuracy: (0.7120)

Train Epoch: 81 [0/2500 (0%)]	Loss: 0.866531
Train Epoch: 81 [1280/2500 (50%)]	Loss: 0.713040

Test set: Average loss: 0.8194, Accuracy: (0.6820)

Train Epoch: 82 [0/2500 (0%)]	Loss: 0.687604
Train Epoch: 82 [1280/2500 (50%)]	Loss: 0.622760

Test set: Average loss: 0.8710, Accuracy: (0.6560)

Train Epoch: 83 [0/2500 (0%)]	Loss: 0.881203
Train Epoch: 83 [1280/2500 (50%)]	Loss: 0.949687

Test set: Average loss: 0.7236, Accuracy: (0.7140)

Train Epoch: 84 [0/2500 (0%)]	Loss: 0.792521
Train Epoch: 84 [1280/2500 (50%)]	Loss: 0.731656

Test set: Average loss: 0.8338, Accuracy: (0.6860)

Train Epoch: 85 [0/2500 (0%)]	Loss: 0.753947
Train Epoch: 85 [1280/2500 (50%)]	Loss: 0.761489

Test set: Average loss: 0.7629, Accuracy: (0.7120)

Train Epoch: 86 [0/2500 (0%)]	Loss: 0.722148
Train Epoch: 86 [1280/2500 (50%)]	Loss: 0.741706

Test set: Average loss: 0.7665, Accuracy: (0.6880)

Train Epoch: 87 [0/2500 (0%)]	Loss: 0.876946
Train Epoch: 87 [1280/2500 (50%)]	Loss: 0.686923

Test set: Average loss: 0.7987, Accuracy: (0.7020)

Train Epoch: 88 [0/2500 (0%)]	Loss: 0.775673
Train Epoch: 88 [1280/2500 (50%)]	Loss: 0.715762

Test set: Average loss: 0.7585, Accuracy: (0.6860)

Train Epoch: 89 [0/2500 (0%)]	Loss: 0.666409
Train Epoch: 89 [1280/2500 (50%)]	Loss: 0.718396

Test set: Average loss: 0.7448, Accuracy: (0.7140)

Train Epoch: 90 [0/2500 (0%)]	Loss: 0.746102
Train Epoch: 90 [1280/2500 (50%)]	Loss: 0.643193

Test set: Average loss: 0.7630, Accuracy: (0.6860)

Train Epoch: 91 [0/2500 (0%)]	Loss: 0.591627
Train Epoch: 91 [1280/2500 (50%)]	Loss: 0.819144

Test set: Average loss: 0.7586, Accuracy: (0.6980)

Train Epoch: 92 [0/2500 (0%)]	Loss: 0.674008
Train Epoch: 92 [1280/2500 (50%)]	Loss: 0.754637

Test set: Average loss: 0.7342, Accuracy: (0.7200)

Train Epoch: 93 [0/2500 (0%)]	Loss: 0.717320
Train Epoch: 93 [1280/2500 (50%)]	Loss: 0.732752

Test set: Average loss: 0.7904, Accuracy: (0.6800)

Train Epoch: 94 [0/2500 (0%)]	Loss: 0.668873
Train Epoch: 94 [1280/2500 (50%)]	Loss: 0.752988

Test set: Average loss: 0.7570, Accuracy: (0.7180)

Train Epoch: 95 [0/2500 (0%)]	Loss: 0.690802
Train Epoch: 95 [1280/2500 (50%)]	Loss: 0.802100

Test set: Average loss: 0.7705, Accuracy: (0.7020)

Train Epoch: 96 [0/2500 (0%)]	Loss: 0.757736
Train Epoch: 96 [1280/2500 (50%)]	Loss: 0.816619

Test set: Average loss: 0.7404, Accuracy: (0.7140)

Train Epoch: 97 [0/2500 (0%)]	Loss: 0.728005
Train Epoch: 97 [1280/2500 (50%)]	Loss: 0.701843

Test set: Average loss: 0.8336, Accuracy: (0.6780)

Train Epoch: 98 [0/2500 (0%)]	Loss: 0.892035
Train Epoch: 98 [1280/2500 (50%)]	Loss: 0.769124

Test set: Average loss: 0.8160, Accuracy: (0.6740)

Train Epoch: 99 [0/2500 (0%)]	Loss: 0.702258
Train Epoch: 99 [1280/2500 (50%)]	Loss: 0.679311

Test set: Average loss: 0.7212, Accuracy: (0.7160)

Train Epoch: 100 [0/2500 (0%)]	Loss: 0.658175
Train Epoch: 100 [1280/2500 (50%)]	Loss: 0.759055

Test set: Average loss: 0.7464, Accuracy: (0.6960)

Train Epoch: 101 [0/2500 (0%)]	Loss: 0.718964
Train Epoch: 101 [1280/2500 (50%)]	Loss: 0.664188

Test set: Average loss: 0.7866, Accuracy: (0.6960)

Train Epoch: 102 [0/2500 (0%)]	Loss: 0.614349
Train Epoch: 102 [1280/2500 (50%)]	Loss: 0.766006

Test set: Average loss: 0.7734, Accuracy: (0.7000)

Train Epoch: 103 [0/2500 (0%)]	Loss: 0.490154
Train Epoch: 103 [1280/2500 (50%)]	Loss: 0.739984

Test set: Average loss: 0.7631, Accuracy: (0.6860)

Train Epoch: 104 [0/2500 (0%)]	Loss: 0.679139
Train Epoch: 104 [1280/2500 (50%)]	Loss: 0.738930

Test set: Average loss: 0.7918, Accuracy: (0.6880)

Train Epoch: 105 [0/2500 (0%)]	Loss: 0.657301
Train Epoch: 105 [1280/2500 (50%)]	Loss: 0.755866

Test set: Average loss: 0.7599, Accuracy: (0.7020)

Train Epoch: 106 [0/2500 (0%)]	Loss: 0.696208
Train Epoch: 106 [1280/2500 (50%)]	Loss: 0.782464

Test set: Average loss: 0.8473, Accuracy: (0.7020)

Train Epoch: 107 [0/2500 (0%)]	Loss: 0.741622
Train Epoch: 107 [1280/2500 (50%)]	Loss: 0.827651

Test set: Average loss: 0.8501, Accuracy: (0.6700)

Train Epoch: 108 [0/2500 (0%)]	Loss: 0.803123
Train Epoch: 108 [1280/2500 (50%)]	Loss: 0.599190

Test set: Average loss: 0.7530, Accuracy: (0.7180)

Train Epoch: 109 [0/2500 (0%)]	Loss: 0.686544
Train Epoch: 109 [1280/2500 (50%)]	Loss: 0.765508

Test set: Average loss: 0.8279, Accuracy: (0.6920)

Train Epoch: 110 [0/2500 (0%)]	Loss: 0.750778
Train Epoch: 110 [1280/2500 (50%)]	Loss: 0.763436

Test set: Average loss: 0.7457, Accuracy: (0.6960)

Train Epoch: 111 [0/2500 (0%)]	Loss: 0.646779
Train Epoch: 111 [1280/2500 (50%)]	Loss: 0.746608

Test set: Average loss: 0.7546, Accuracy: (0.6900)

Train Epoch: 112 [0/2500 (0%)]	Loss: 0.724948
Train Epoch: 112 [1280/2500 (50%)]	Loss: 0.689243

Test set: Average loss: 0.7329, Accuracy: (0.6980)

Train Epoch: 113 [0/2500 (0%)]	Loss: 0.665490
Train Epoch: 113 [1280/2500 (50%)]	Loss: 0.766463

Test set: Average loss: 0.7230, Accuracy: (0.7000)

Train Epoch: 114 [0/2500 (0%)]	Loss: 0.862712
Train Epoch: 114 [1280/2500 (50%)]	Loss: 0.698124

Test set: Average loss: 0.7328, Accuracy: (0.7020)

Train Epoch: 115 [0/2500 (0%)]	Loss: 0.737615
Train Epoch: 115 [1280/2500 (50%)]	Loss: 0.827383

Test set: Average loss: 0.7601, Accuracy: (0.7160)

Train Epoch: 116 [0/2500 (0%)]	Loss: 0.741673
Train Epoch: 116 [1280/2500 (50%)]	Loss: 0.693496

Test set: Average loss: 0.7602, Accuracy: (0.6900)

Train Epoch: 117 [0/2500 (0%)]	Loss: 0.808788
Train Epoch: 117 [1280/2500 (50%)]	Loss: 0.650405

Test set: Average loss: 0.7206, Accuracy: (0.7100)

Train Epoch: 118 [0/2500 (0%)]	Loss: 0.653029
Train Epoch: 118 [1280/2500 (50%)]	Loss: 0.841727

Test set: Average loss: 0.7748, Accuracy: (0.6880)

Train Epoch: 119 [0/2500 (0%)]	Loss: 0.813262
Train Epoch: 119 [1280/2500 (50%)]	Loss: 0.725648

Test set: Average loss: 0.7744, Accuracy: (0.7000)

Train Epoch: 120 [0/2500 (0%)]	Loss: 0.636224
Train Epoch: 120 [1280/2500 (50%)]	Loss: 0.577121

Test set: Average loss: 0.7708, Accuracy: (0.7240)

Train Epoch: 121 [0/2500 (0%)]	Loss: 0.674980
Train Epoch: 121 [1280/2500 (50%)]	Loss: 0.652713

Test set: Average loss: 0.8101, Accuracy: (0.6900)

Train Epoch: 122 [0/2500 (0%)]	Loss: 0.691069
Train Epoch: 122 [1280/2500 (50%)]	Loss: 0.742500

Test set: Average loss: 0.7731, Accuracy: (0.7100)

Train Epoch: 123 [0/2500 (0%)]	Loss: 0.588179
Train Epoch: 123 [1280/2500 (50%)]	Loss: 0.700023

Test set: Average loss: 0.7162, Accuracy: (0.7240)

Train Epoch: 124 [0/2500 (0%)]	Loss: 0.568977
Train Epoch: 124 [1280/2500 (50%)]	Loss: 0.606800

Test set: Average loss: 0.7521, Accuracy: (0.6960)

Train Epoch: 125 [0/2500 (0%)]	Loss: 0.738810
Train Epoch: 125 [1280/2500 (50%)]	Loss: 0.679619

Test set: Average loss: 0.7392, Accuracy: (0.6880)

Train Epoch: 126 [0/2500 (0%)]	Loss: 0.709094
Train Epoch: 126 [1280/2500 (50%)]	Loss: 0.685354

Test set: Average loss: 0.7589, Accuracy: (0.6980)

Train Epoch: 127 [0/2500 (0%)]	Loss: 0.854029
Train Epoch: 127 [1280/2500 (50%)]	Loss: 0.546924

Test set: Average loss: 0.7657, Accuracy: (0.7120)

Train Epoch: 128 [0/2500 (0%)]	Loss: 0.761628
Train Epoch: 128 [1280/2500 (50%)]	Loss: 0.731417

Test set: Average loss: 0.7383, Accuracy: (0.7160)

Train Epoch: 129 [0/2500 (0%)]	Loss: 0.709264
Train Epoch: 129 [1280/2500 (50%)]	Loss: 0.715441

Test set: Average loss: 0.7636, Accuracy: (0.6980)

Train Epoch: 130 [0/2500 (0%)]	Loss: 0.701396
Train Epoch: 130 [1280/2500 (50%)]	Loss: 0.648743

Test set: Average loss: 0.7859, Accuracy: (0.6960)

Train Epoch: 131 [0/2500 (0%)]	Loss: 0.713702
Train Epoch: 131 [1280/2500 (50%)]	Loss: 0.648973

Test set: Average loss: 0.7700, Accuracy: (0.7080)

Train Epoch: 132 [0/2500 (0%)]	Loss: 0.588948
Train Epoch: 132 [1280/2500 (50%)]	Loss: 0.658467

Test set: Average loss: 0.7331, Accuracy: (0.7160)

Train Epoch: 133 [0/2500 (0%)]	Loss: 0.705969
Train Epoch: 133 [1280/2500 (50%)]	Loss: 0.706084

Test set: Average loss: 0.7895, Accuracy: (0.7020)

Train Epoch: 134 [0/2500 (0%)]	Loss: 0.719447
Train Epoch: 134 [1280/2500 (50%)]	Loss: 0.790080

Test set: Average loss: 0.7555, Accuracy: (0.7100)

Train Epoch: 135 [0/2500 (0%)]	Loss: 0.756309
Train Epoch: 135 [1280/2500 (50%)]	Loss: 0.662067

Test set: Average loss: 0.7428, Accuracy: (0.7180)

Train Epoch: 136 [0/2500 (0%)]	Loss: 0.742288
Train Epoch: 136 [1280/2500 (50%)]	Loss: 0.673001

Test set: Average loss: 0.7476, Accuracy: (0.7160)

Train Epoch: 137 [0/2500 (0%)]	Loss: 0.710109
Train Epoch: 137 [1280/2500 (50%)]	Loss: 0.644681

Test set: Average loss: 0.7134, Accuracy: (0.7280)

Train Epoch: 138 [0/2500 (0%)]	Loss: 0.674217
Train Epoch: 138 [1280/2500 (50%)]	Loss: 0.668031

Test set: Average loss: 0.7188, Accuracy: (0.7200)

Train Epoch: 139 [0/2500 (0%)]	Loss: 0.692044
Train Epoch: 139 [1280/2500 (50%)]	Loss: 0.675794

Test set: Average loss: 0.7913, Accuracy: (0.6980)

Train Epoch: 140 [0/2500 (0%)]	Loss: 0.707451
Train Epoch: 140 [1280/2500 (50%)]	Loss: 0.709359

Test set: Average loss: 0.7653, Accuracy: (0.6840)

Train Epoch: 141 [0/2500 (0%)]	Loss: 0.652400
Train Epoch: 141 [1280/2500 (50%)]	Loss: 0.753357

Test set: Average loss: 0.8151, Accuracy: (0.6860)

Train Epoch: 142 [0/2500 (0%)]	Loss: 0.650138
Train Epoch: 142 [1280/2500 (50%)]	Loss: 0.583359

Test set: Average loss: 0.7027, Accuracy: (0.7240)

Train Epoch: 143 [0/2500 (0%)]	Loss: 0.644195
Train Epoch: 143 [1280/2500 (50%)]	Loss: 0.640878

Test set: Average loss: 0.7595, Accuracy: (0.7000)

Train Epoch: 144 [0/2500 (0%)]	Loss: 0.683258
Train Epoch: 144 [1280/2500 (50%)]	Loss: 0.705983

Test set: Average loss: 0.7401, Accuracy: (0.7040)

Train Epoch: 145 [0/2500 (0%)]	Loss: 0.845437
Train Epoch: 145 [1280/2500 (50%)]	Loss: 0.702521

Test set: Average loss: 0.7868, Accuracy: (0.6740)

Train Epoch: 146 [0/2500 (0%)]	Loss: 0.636226
Train Epoch: 146 [1280/2500 (50%)]	Loss: 0.630469

Test set: Average loss: 0.7265, Accuracy: (0.7180)

Train Epoch: 147 [0/2500 (0%)]	Loss: 0.540786
Train Epoch: 147 [1280/2500 (50%)]	Loss: 0.604124
