[{'config': 'experiments/GG/splitcifar100/configs/rn18-supsup.yaml', 'name': 'id=supsup~seed=0~sparsity=1', 'sparsity': 1, 'seed': 0, 'log-dir': 'runs/rn18-supsup', 'epochs': 250, 'data': './data'}, {'config': 'experiments/GG/splitcifar100/configs/rn18-supsup.yaml', 'name': 'id=supsup~seed=0~sparsity=2', 'sparsity': 2, 'seed': 0, 'log-dir': 'runs/rn18-supsup', 'epochs': 250, 'data': './data'}, {'config': 'experiments/GG/splitcifar100/configs/rn18-supsup.yaml', 'name': 'id=supsup~seed=0~sparsity=4', 'sparsity': 4, 'seed': 0, 'log-dir': 'runs/rn18-supsup', 'epochs': 250, 'data': './data'}, {'config': 'experiments/GG/splitcifar100/configs/rn18-supsup.yaml', 'name': 'id=supsup~seed=0~sparsity=8', 'sparsity': 8, 'seed': 0, 'log-dir': 'runs/rn18-supsup', 'epochs': 250, 'data': './data'}, {'config': 'experiments/GG/splitcifar100/configs/rn18-supsup.yaml', 'name': 'id=supsup~seed=0~sparsity=16', 'sparsity': 16, 'seed': 0, 'log-dir': 'runs/rn18-supsup', 'epochs': 250, 'data': './data'}, {'config': 'experiments/GG/splitcifar100/configs/rn18-supsup.yaml', 'name': 'id=supsup~seed=0~sparsity=32', 'sparsity': 32, 'seed': 0, 'log-dir': 'runs/rn18-supsup', 'epochs': 250, 'data': './data'}]
THCudaCheck FAIL file=/pytorch/torch/csrc/cuda/Module.cpp line=59 error=101 : invalid device ordinal
THCudaCheck FAIL file=/pytorch/torch/csrc/cuda/Module.cpp line=59 error=101 : invalid device ordinal
THCudaCheck FAIL file=/pytorch/torch/csrc/cuda/Module.cpp line=59 error=101 : invalid device ordinal
=> Reading YAML config from experiments/GG/splitcifar100/configs/rn18-supsup.yaml
=> Saving data in runs/rn18-supsup/id=supsup~seed=0~sparsity=2~try=3
Files already downloaded and verified
Files already downloaded and verified
[26 86  2 55 75 93 16 73 54 95 53 92 78 13  7 30 22 24 33  8 43 62  3 71
 45 48  6 99 82 76 60 80 90 68 51 27 18 56 63 74  1 61 42 41  4 15 17 40
 38  5 91 59  0 34 28 50 11 35 23 52 10 31 66 57 79 85 32 84 14 89 19 29
 49 97 98 69 20 94 72 77 25 37 81 46 39 65 58 12 88 70 87 36 21 83  9 96
 67 64 47 44]
[26 86  2 55 75]
[93 16 73 54 95]
[53 92 78 13  7]
[30 22 24 33  8]
[43 62  3 71 45]
[48  6 99 82 76]
[60 80 90 68 51]
[27 18 56 63 74]
[ 1 61 42 41  4]
[15 17 40 38  5]
[91 59  0 34 28]
[50 11 35 23 52]
[10 31 66 57 79]
[85 32 84 14 89]
[19 29 49 97 98]
[69 20 94 72 77]
[25 37 81 46 39]
[65 58 12 88 70]
[87 36 21 83  9]
[96 67 64 47 44]
Set sparsity of conv1 to 0.08518518518518518
Set sparsity of layer1.0.conv1 to 0.022222222222222223
Set sparsity of layer1.0.conv2 to 0.022222222222222223
Set sparsity of layer1.1.conv1 to 0.022222222222222223
Set sparsity of layer1.1.conv2 to 0.022222222222222223
Set sparsity of layer2.0.conv1 to 0.016666666666666666
Set sparsity of layer2.0.conv2 to 0.011111111111111112
Set sparsity of layer2.0.shortcut.0 to 0.15
Set sparsity of layer2.1.conv1 to 0.011111111111111112
Set sparsity of layer2.1.conv2 to 0.011111111111111112
Set sparsity of layer3.0.conv1 to 0.008333333333333333
Set sparsity of layer3.0.conv2 to 0.005555555555555556
Set sparsity of layer3.0.shortcut.0 to 0.075
Set sparsity of layer3.1.conv1 to 0.005555555555555556
Set sparsity of layer3.1.conv2 to 0.005555555555555556
Set sparsity of layer4.0.conv1 to 0.004166666666666667
Set sparsity of layer4.0.conv2 to 0.002777777777777778
Set sparsity of layer4.0.shortcut.0 to 0.0375
Set sparsity of layer4.1.conv1 to 0.002777777777777778
Set sparsity of layer4.1.conv2 to 0.002777777777777778
Set sparsity of linear to 0.4125
=> Parallelizing on [2] gpus
=> Reading YAML config from experiments/GG/splitcifar100/configs/rn18-supsup.yaml
=> Saving data in runs/rn18-supsup/id=supsup~seed=0~sparsity=1~try=3
Files already downloaded and verified
Files already downloaded and verified
[26 86  2 55 75 93 16 73 54 95 53 92 78 13  7 30 22 24 33  8 43 62  3 71
 45 48  6 99 82 76 60 80 90 68 51 27 18 56 63 74  1 61 42 41  4 15 17 40
 38  5 91 59  0 34 28 50 11 35 23 52 10 31 66 57 79 85 32 84 14 89 19 29
 49 97 98 69 20 94 72 77 25 37 81 46 39 65 58 12 88 70 87 36 21 83  9 96
 67 64 47 44]
[26 86  2 55 75]
[93 16 73 54 95]
[53 92 78 13  7]
[30 22 24 33  8]
[43 62  3 71 45]
[48  6 99 82 76]
[60 80 90 68 51]
[27 18 56 63 74]
[ 1 61 42 41  4]
[15 17 40 38  5]
[91 59  0 34 28]
[50 11 35 23 52]
[10 31 66 57 79]
[85 32 84 14 89]
[19 29 49 97 98]
[69 20 94 72 77]
[25 37 81 46 39]
[65 58 12 88 70]
[87 36 21 83  9]
[96 67 64 47 44]
Set sparsity of conv1 to 0.04259259259259259
Set sparsity of layer1.0.conv1 to 0.011111111111111112
Set sparsity of layer1.0.conv2 to 0.011111111111111112
Set sparsity of layer1.1.conv1 to 0.011111111111111112
Set sparsity of layer1.1.conv2 to 0.011111111111111112
Set sparsity of layer2.0.conv1 to 0.008333333333333333
Set sparsity of layer2.0.conv2 to 0.005555555555555556
Set sparsity of layer2.0.shortcut.0 to 0.075
Set sparsity of layer2.1.conv1 to 0.005555555555555556
Set sparsity of layer2.1.conv2 to 0.005555555555555556
Set sparsity of layer3.0.conv1 to 0.004166666666666667
Set sparsity of layer3.0.conv2 to 0.002777777777777778
Set sparsity of layer3.0.shortcut.0 to 0.0375
Set sparsity of layer3.1.conv1 to 0.002777777777777778
Set sparsity of layer3.1.conv2 to 0.002777777777777778
Set sparsity of layer4.0.conv1 to 0.0020833333333333333
Set sparsity of layer4.0.conv2 to 0.001388888888888889
Set sparsity of layer4.0.shortcut.0 to 0.01875
Set sparsity of layer4.1.conv1 to 0.001388888888888889
Set sparsity of layer4.1.conv2 to 0.001388888888888889
Set sparsity of linear to 0.20625
=> Parallelizing on [3] gpus
=> Reading YAML config from experiments/GG/splitcifar100/configs/rn18-supsup.yaml
=> Saving data in runs/rn18-supsup/id=supsup~seed=0~sparsity=4~try=3
Files already downloaded and verified
Files already downloaded and verified
[26 86  2 55 75 93 16 73 54 95 53 92 78 13  7 30 22 24 33  8 43 62  3 71
 45 48  6 99 82 76 60 80 90 68 51 27 18 56 63 74  1 61 42 41  4 15 17 40
 38  5 91 59  0 34 28 50 11 35 23 52 10 31 66 57 79 85 32 84 14 89 19 29
 49 97 98 69 20 94 72 77 25 37 81 46 39 65 58 12 88 70 87 36 21 83  9 96
 67 64 47 44]
[26 86  2 55 75]
[93 16 73 54 95]
[53 92 78 13  7]
[30 22 24 33  8]
[43 62  3 71 45]
[48  6 99 82 76]
[60 80 90 68 51]
[27 18 56 63 74]
[ 1 61 42 41  4]
[15 17 40 38  5]
[91 59  0 34 28]
[50 11 35 23 52]
[10 31 66 57 79]
[85 32 84 14 89]
[19 29 49 97 98]
[69 20 94 72 77]
[25 37 81 46 39]
[65 58 12 88 70]
[87 36 21 83  9]
[96 67 64 47 44]
Set sparsity of conv1 to 0.17037037037037037
Set sparsity of layer1.0.conv1 to 0.044444444444444446
Set sparsity of layer1.0.conv2 to 0.044444444444444446
Set sparsity of layer1.1.conv1 to 0.044444444444444446
Set sparsity of layer1.1.conv2 to 0.044444444444444446
Set sparsity of layer2.0.conv1 to 0.03333333333333333
Set sparsity of layer2.0.conv2 to 0.022222222222222223
Set sparsity of layer2.0.shortcut.0 to 0.3
Set sparsity of layer2.1.conv1 to 0.022222222222222223
Set sparsity of layer2.1.conv2 to 0.022222222222222223
Set sparsity of layer3.0.conv1 to 0.016666666666666666
Set sparsity of layer3.0.conv2 to 0.011111111111111112
Set sparsity of layer3.0.shortcut.0 to 0.15
Set sparsity of layer3.1.conv1 to 0.011111111111111112
Set sparsity of layer3.1.conv2 to 0.011111111111111112
Set sparsity of layer4.0.conv1 to 0.008333333333333333
Set sparsity of layer4.0.conv2 to 0.005555555555555556
Set sparsity of layer4.0.shortcut.0 to 0.075
Set sparsity of layer4.1.conv1 to 0.005555555555555556
Set sparsity of layer4.1.conv2 to 0.005555555555555556
Set sparsity of linear to 0.5
=> Parallelizing on [1] gpus
Traceback (most recent call last):
  File "main.py", line 425, in <module>
    main()
  File "main.py", line 81, in main
    model = utils.set_gpu(model)
  File "/home/at2507/supsup/utils.py", line 93, in set_gpu
    torch.cuda.set_device(args.multigpu[0])
  File "/home/at2507/miniconda3/lib/python3.8/site-packages/torch/cuda/__init__.py", line 245, in set_device
    torch._C._cuda_setDevice(device)
RuntimeError: cuda runtime error (101) : invalid device ordinal at /pytorch/torch/csrc/cuda/Module.cpp:59
Traceback (most recent call last):
  File "main.py", line 425, in <module>
    main()
  File "main.py", line 81, in main
    model = utils.set_gpu(model)
  File "/home/at2507/supsup/utils.py", line 93, in set_gpu
    torch.cuda.set_device(args.multigpu[0])
  File "/home/at2507/miniconda3/lib/python3.8/site-packages/torch/cuda/__init__.py", line 245, in set_device
    torch._C._cuda_setDevice(device)
RuntimeError: cuda runtime error (101) : invalid device ordinal at /pytorch/torch/csrc/cuda/Module.cpp:59
Traceback (most recent call last):
  File "main.py", line 425, in <module>
    main()
  File "main.py", line 81, in main
    model = utils.set_gpu(model)
  File "/home/at2507/supsup/utils.py", line 93, in set_gpu
    torch.cuda.set_device(args.multigpu[0])
  File "/home/at2507/miniconda3/lib/python3.8/site-packages/torch/cuda/__init__.py", line 245, in set_device
    torch._C._cuda_setDevice(device)
RuntimeError: cuda runtime error (101) : invalid device ordinal at /pytorch/torch/csrc/cuda/Module.cpp:59
==> Starting experiment python main.py --config=experiments/GG/splitcifar100/configs/rn18-supsup.yaml --name=id=supsup~seed=0~sparsity=1 --sparsity=1 --seed=0 --log-dir=runs/rn18-supsup --epochs=250 --data=./data --multigpu=3 
=> Reading YAML config from experiments/GG/splitcifar100/configs/rn18-supsup.yaml
=> Saving data in runs/rn18-supsup/id=supsup~seed=0~sparsity=8~try=3
Files already downloaded and verified
Files already downloaded and verified
[26 86  2 55 75 93 16 73 54 95 53 92 78 13  7 30 22 24 33  8 43 62  3 71
 45 48  6 99 82 76 60 80 90 68 51 27 18 56 63 74  1 61 42 41  4 15 17 40
 38  5 91 59  0 34 28 50 11 35 23 52 10 31 66 57 79 85 32 84 14 89 19 29
 49 97 98 69 20 94 72 77 25 37 81 46 39 65 58 12 88 70 87 36 21 83  9 96
 67 64 47 44]
[26 86  2 55 75]
[93 16 73 54 95]
[53 92 78 13  7]
[30 22 24 33  8]
[43 62  3 71 45]
[48  6 99 82 76]
[60 80 90 68 51]
[27 18 56 63 74]
[ 1 61 42 41  4]
[15 17 40 38  5]
[91 59  0 34 28]
[50 11 35 23 52]
[10 31 66 57 79]
[85 32 84 14 89]
[19 29 49 97 98]
[69 20 94 72 77]
[25 37 81 46 39]
[65 58 12 88 70]
[87 36 21 83  9]
[96 67 64 47 44]
Set sparsity of conv1 to 0.34074074074074073
Set sparsity of layer1.0.conv1 to 0.08888888888888889
Set sparsity of layer1.0.conv2 to 0.08888888888888889
Set sparsity of layer1.1.conv1 to 0.08888888888888889
Set sparsity of layer1.1.conv2 to 0.08888888888888889
Set sparsity of layer2.0.conv1 to 0.06666666666666667
Set sparsity of layer2.0.conv2 to 0.044444444444444446
Set sparsity of layer2.0.shortcut.0 to 0.5
Set sparsity of layer2.1.conv1 to 0.044444444444444446
Set sparsity of layer2.1.conv2 to 0.044444444444444446
Set sparsity of layer3.0.conv1 to 0.03333333333333333
Set sparsity of layer3.0.conv2 to 0.022222222222222223
Set sparsity of layer3.0.shortcut.0 to 0.3
Set sparsity of layer3.1.conv1 to 0.022222222222222223
Set sparsity of layer3.1.conv2 to 0.022222222222222223
Set sparsity of layer4.0.conv1 to 0.016666666666666666
Set sparsity of layer4.0.conv2 to 0.011111111111111112
Set sparsity of layer4.0.shortcut.0 to 0.15
Set sparsity of layer4.1.conv1 to 0.011111111111111112
Set sparsity of layer4.1.conv2 to 0.011111111111111112
Set sparsity of linear to 0.5
=> Parallelizing on [0] gpus
=> Using trainer <module 'trainers.default' from '/home/at2507/supsup/trainers/default.py'>
Task RandSplitCIFAR100: 0
THCudaCheck FAIL file=/pytorch/torch/csrc/cuda/Module.cpp line=59 error=101 : invalid device ordinal
=> Reading YAML config from experiments/GG/splitcifar100/configs/rn18-supsup.yaml
=> Saving data in runs/rn18-supsup/id=supsup~seed=0~sparsity=16~try=3
Files already downloaded and verified
Files already downloaded and verified
[26 86  2 55 75 93 16 73 54 95 53 92 78 13  7 30 22 24 33  8 43 62  3 71
 45 48  6 99 82 76 60 80 90 68 51 27 18 56 63 74  1 61 42 41  4 15 17 40
 38  5 91 59  0 34 28 50 11 35 23 52 10 31 66 57 79 85 32 84 14 89 19 29
 49 97 98 69 20 94 72 77 25 37 81 46 39 65 58 12 88 70 87 36 21 83  9 96
 67 64 47 44]
[26 86  2 55 75]
[93 16 73 54 95]
[53 92 78 13  7]
[30 22 24 33  8]
[43 62  3 71 45]
[48  6 99 82 76]
[60 80 90 68 51]
[27 18 56 63 74]
[ 1 61 42 41  4]
[15 17 40 38  5]
[91 59  0 34 28]
[50 11 35 23 52]
[10 31 66 57 79]
[85 32 84 14 89]
[19 29 49 97 98]
[69 20 94 72 77]
[25 37 81 46 39]
[65 58 12 88 70]
[87 36 21 83  9]
[96 67 64 47 44]
Set sparsity of conv1 to 0.5
Set sparsity of layer1.0.conv1 to 0.17777777777777778
Set sparsity of layer1.0.conv2 to 0.17777777777777778
Set sparsity of layer1.1.conv1 to 0.17777777777777778
Set sparsity of layer1.1.conv2 to 0.17777777777777778
Set sparsity of layer2.0.conv1 to 0.13333333333333333
Set sparsity of layer2.0.conv2 to 0.08888888888888889
Set sparsity of layer2.0.shortcut.0 to 0.5
Set sparsity of layer2.1.conv1 to 0.08888888888888889
Set sparsity of layer2.1.conv2 to 0.08888888888888889
Set sparsity of layer3.0.conv1 to 0.06666666666666667
Set sparsity of layer3.0.conv2 to 0.044444444444444446
Set sparsity of layer3.0.shortcut.0 to 0.5
Set sparsity of layer3.1.conv1 to 0.044444444444444446
Set sparsity of layer3.1.conv2 to 0.044444444444444446
Set sparsity of layer4.0.conv1 to 0.03333333333333333
Set sparsity of layer4.0.conv2 to 0.022222222222222223
Set sparsity of layer4.0.shortcut.0 to 0.3
Set sparsity of layer4.1.conv1 to 0.022222222222222223
Set sparsity of layer4.1.conv2 to 0.022222222222222223
Set sparsity of linear to 0.5
=> Parallelizing on [2] gpus
THCudaCheck FAIL file=/pytorch/torch/csrc/cuda/Module.cpp line=59 error=101 : invalid device ordinal
=> Reading YAML config from experiments/GG/splitcifar100/configs/rn18-supsup.yaml
=> Saving data in runs/rn18-supsup/id=supsup~seed=0~sparsity=32~try=3
Files already downloaded and verified
Files already downloaded and verified
[26 86  2 55 75 93 16 73 54 95 53 92 78 13  7 30 22 24 33  8 43 62  3 71
 45 48  6 99 82 76 60 80 90 68 51 27 18 56 63 74  1 61 42 41  4 15 17 40
 38  5 91 59  0 34 28 50 11 35 23 52 10 31 66 57 79 85 32 84 14 89 19 29
 49 97 98 69 20 94 72 77 25 37 81 46 39 65 58 12 88 70 87 36 21 83  9 96
 67 64 47 44]
[26 86  2 55 75]
[93 16 73 54 95]
[53 92 78 13  7]
[30 22 24 33  8]
[43 62  3 71 45]
[48  6 99 82 76]
[60 80 90 68 51]
[27 18 56 63 74]
[ 1 61 42 41  4]
[15 17 40 38  5]
[91 59  0 34 28]
[50 11 35 23 52]
[10 31 66 57 79]
[85 32 84 14 89]
[19 29 49 97 98]
[69 20 94 72 77]
[25 37 81 46 39]
[65 58 12 88 70]
[87 36 21 83  9]
[96 67 64 47 44]
Set sparsity of conv1 to 0.5
Set sparsity of layer1.0.conv1 to 0.35555555555555557
Set sparsity of layer1.0.conv2 to 0.35555555555555557
Set sparsity of layer1.1.conv1 to 0.35555555555555557
Set sparsity of layer1.1.conv2 to 0.35555555555555557
Set sparsity of layer2.0.conv1 to 0.26666666666666666
Set sparsity of layer2.0.conv2 to 0.17777777777777778
Set sparsity of layer2.0.shortcut.0 to 0.5
Set sparsity of layer2.1.conv1 to 0.17777777777777778
Set sparsity of layer2.1.conv2 to 0.17777777777777778
Set sparsity of layer3.0.conv1 to 0.13333333333333333
Set sparsity of layer3.0.conv2 to 0.08888888888888889
Set sparsity of layer3.0.shortcut.0 to 0.5
Set sparsity of layer3.1.conv1 to 0.08888888888888889
Set sparsity of layer3.1.conv2 to 0.08888888888888889
Set sparsity of layer4.0.conv1 to 0.06666666666666667
Set sparsity of layer4.0.conv2 to 0.044444444444444446
Set sparsity of layer4.0.shortcut.0 to 0.5
Set sparsity of layer4.1.conv1 to 0.044444444444444446
Set sparsity of layer4.1.conv2 to 0.044444444444444446
Set sparsity of linear to 0.5
=> Parallelizing on [1] gpus
Traceback (most recent call last):
  File "main.py", line 425, in <module>
    main()
  File "main.py", line 81, in main
    model = utils.set_gpu(model)
  File "/home/at2507/supsup/utils.py", line 93, in set_gpu
    torch.cuda.set_device(args.multigpu[0])
  File "/home/at2507/miniconda3/lib/python3.8/site-packages/torch/cuda/__init__.py", line 245, in set_device
    torch._C._cuda_setDevice(device)
RuntimeError: cuda runtime error (101) : invalid device ordinal at /pytorch/torch/csrc/cuda/Module.cpp:59
Traceback (most recent call last):
  File "main.py", line 425, in <module>
    main()
  File "main.py", line 81, in main
    model = utils.set_gpu(model)
  File "/home/at2507/supsup/utils.py", line 93, in set_gpu
    torch.cuda.set_device(args.multigpu[0])
  File "/home/at2507/miniconda3/lib/python3.8/site-packages/torch/cuda/__init__.py", line 245, in set_device
    torch._C._cuda_setDevice(device)
RuntimeError: cuda runtime error (101) : invalid device ordinal at /pytorch/torch/csrc/cuda/Module.cpp:59
==> Starting experiment python main.py --config=experiments/GG/splitcifar100/configs/rn18-supsup.yaml --name=id=supsup~seed=0~sparsity=2 --sparsity=2 --seed=0 --log-dir=runs/rn18-supsup --epochs=250 --data=./data --multigpu=2 
==> Starting experiment python main.py --config=experiments/GG/splitcifar100/configs/rn18-supsup.yaml --name=id=supsup~seed=0~sparsity=16 --sparsity=16 --seed=0 --log-dir=runs/rn18-supsup --epochs=250 --data=./data --multigpu=2 
==> Starting experiment python main.py --config=experiments/GG/splitcifar100/configs/rn18-supsup.yaml --name=id=supsup~seed=0~sparsity=4 --sparsity=4 --seed=0 --log-dir=runs/rn18-supsup --epochs=250 --data=./data --multigpu=1 
==> Starting experiment python main.py --config=experiments/GG/splitcifar100/configs/rn18-supsup.yaml --name=id=supsup~seed=0~sparsity=32 --sparsity=32 --seed=0 --log-dir=runs/rn18-supsup --epochs=250 --data=./data --multigpu=1 
Train Epoch: 1 [0/2500 (0%)]	Loss: 1.967914
Train Epoch: 1 [1280/2500 (50%)]	Loss: 1.398897

Test set: Average loss: 1.1619, Accuracy: (0.5540)

Train Epoch: 2 [0/2500 (0%)]	Loss: 1.306008
Train Epoch: 2 [1280/2500 (50%)]	Loss: 1.152731

Test set: Average loss: 1.1607, Accuracy: (0.5280)

Train Epoch: 3 [0/2500 (0%)]	Loss: 1.306088
Train Epoch: 3 [1280/2500 (50%)]	Loss: 1.135038

Test set: Average loss: 1.0015, Accuracy: (0.6260)

Train Epoch: 4 [0/2500 (0%)]	Loss: 0.867730
Train Epoch: 4 [1280/2500 (50%)]	Loss: 0.914369

Test set: Average loss: 0.9427, Accuracy: (0.6520)

Train Epoch: 5 [0/2500 (0%)]	Loss: 0.936366
Train Epoch: 5 [1280/2500 (50%)]	Loss: 0.771639

Test set: Average loss: 0.9424, Accuracy: (0.6200)

Train Epoch: 6 [0/2500 (0%)]	Loss: 0.896248
Train Epoch: 6 [1280/2500 (50%)]	Loss: 0.908032

Test set: Average loss: 0.8439, Accuracy: (0.6660)

Train Epoch: 7 [0/2500 (0%)]	Loss: 0.794887
Train Epoch: 7 [1280/2500 (50%)]	Loss: 0.649846

Test set: Average loss: 0.9580, Accuracy: (0.6300)

Train Epoch: 8 [0/2500 (0%)]	Loss: 1.112967
Train Epoch: 8 [1280/2500 (50%)]	Loss: 0.691468

Test set: Average loss: 0.8230, Accuracy: (0.6980)

Train Epoch: 9 [0/2500 (0%)]	Loss: 0.871269
Train Epoch: 9 [1280/2500 (50%)]	Loss: 0.852883

Test set: Average loss: 0.8652, Accuracy: (0.6640)

Train Epoch: 10 [0/2500 (0%)]	Loss: 0.877054
Train Epoch: 10 [1280/2500 (50%)]	Loss: 0.834587

Test set: Average loss: 0.8259, Accuracy: (0.6900)

Train Epoch: 11 [0/2500 (0%)]	Loss: 0.792015
Train Epoch: 11 [1280/2500 (50%)]	Loss: 0.846941

Test set: Average loss: 0.8430, Accuracy: (0.6760)

Train Epoch: 12 [0/2500 (0%)]	Loss: 0.609044
Train Epoch: 12 [1280/2500 (50%)]	Loss: 0.904029

Test set: Average loss: 0.7922, Accuracy: (0.7000)

Train Epoch: 13 [0/2500 (0%)]	Loss: 0.892639
Train Epoch: 13 [1280/2500 (50%)]	Loss: 0.731249

Test set: Average loss: 0.8283, Accuracy: (0.6900)

Train Epoch: 14 [0/2500 (0%)]	Loss: 0.915670
Train Epoch: 14 [1280/2500 (50%)]	Loss: 0.716426

Test set: Average loss: 0.8121, Accuracy: (0.7120)

Train Epoch: 15 [0/2500 (0%)]	Loss: 0.666382
Train Epoch: 15 [1280/2500 (50%)]	Loss: 0.853766

Test set: Average loss: 0.7630, Accuracy: (0.7160)

Train Epoch: 16 [0/2500 (0%)]	Loss: 0.864436
Train Epoch: 16 [1280/2500 (50%)]	Loss: 0.821212

Test set: Average loss: 0.8034, Accuracy: (0.7100)

Train Epoch: 17 [0/2500 (0%)]	Loss: 0.651899
Train Epoch: 17 [1280/2500 (50%)]	Loss: 0.685190

Test set: Average loss: 0.8270, Accuracy: (0.6900)

Train Epoch: 18 [0/2500 (0%)]	Loss: 0.720170
Train Epoch: 18 [1280/2500 (50%)]	Loss: 0.635312

Test set: Average loss: 0.7768, Accuracy: (0.7100)

Train Epoch: 19 [0/2500 (0%)]	Loss: 0.640777
Train Epoch: 19 [1280/2500 (50%)]	Loss: 0.836881

Test set: Average loss: 0.8115, Accuracy: (0.6960)

Train Epoch: 20 [0/2500 (0%)]	Loss: 0.754784
Train Epoch: 20 [1280/2500 (50%)]	Loss: 0.687143

Test set: Average loss: 0.7626, Accuracy: (0.7200)

Train Epoch: 21 [0/2500 (0%)]	Loss: 0.488150
Train Epoch: 21 [1280/2500 (50%)]	Loss: 0.698604

Test set: Average loss: 0.8321, Accuracy: (0.6740)

Train Epoch: 22 [0/2500 (0%)]	Loss: 0.484145
Train Epoch: 22 [1280/2500 (50%)]	Loss: 0.792006

Test set: Average loss: 0.7550, Accuracy: (0.7120)

Train Epoch: 23 [0/2500 (0%)]	Loss: 0.580019
Train Epoch: 23 [1280/2500 (50%)]	Loss: 0.658837

Test set: Average loss: 0.7568, Accuracy: (0.7060)

Train Epoch: 24 [0/2500 (0%)]	Loss: 0.572424
Train Epoch: 24 [1280/2500 (50%)]	Loss: 0.472355

Test set: Average loss: 0.7494, Accuracy: (0.7340)

Train Epoch: 25 [0/2500 (0%)]	Loss: 0.606933
Train Epoch: 25 [1280/2500 (50%)]	Loss: 0.708465

Test set: Average loss: 0.7595, Accuracy: (0.7140)

Train Epoch: 26 [0/2500 (0%)]	Loss: 0.799963
Train Epoch: 26 [1280/2500 (50%)]	Loss: 0.603174

Test set: Average loss: 0.7000, Accuracy: (0.7420)

Train Epoch: 27 [0/2500 (0%)]	Loss: 0.530594
Train Epoch: 27 [1280/2500 (50%)]	Loss: 0.807535

Test set: Average loss: 0.7195, Accuracy: (0.7360)

Train Epoch: 28 [0/2500 (0%)]	Loss: 0.606107
Train Epoch: 28 [1280/2500 (50%)]	Loss: 0.642971

Test set: Average loss: 0.7833, Accuracy: (0.7220)

Train Epoch: 29 [0/2500 (0%)]	Loss: 0.744571
Train Epoch: 29 [1280/2500 (50%)]	Loss: 0.539418

Test set: Average loss: 0.6785, Accuracy: (0.7560)

Train Epoch: 30 [0/2500 (0%)]	Loss: 0.588534
Train Epoch: 30 [1280/2500 (50%)]	Loss: 0.623017

Test set: Average loss: 0.6925, Accuracy: (0.7560)

Train Epoch: 31 [0/2500 (0%)]	Loss: 0.502332
Train Epoch: 31 [1280/2500 (50%)]	Loss: 0.511490

Test set: Average loss: 0.7343, Accuracy: (0.7480)

Train Epoch: 32 [0/2500 (0%)]	Loss: 0.583546
Train Epoch: 32 [1280/2500 (50%)]	Loss: 0.547150

Test set: Average loss: 0.7542, Accuracy: (0.7220)

Train Epoch: 33 [0/2500 (0%)]	Loss: 0.442686
Train Epoch: 33 [1280/2500 (50%)]	Loss: 0.742900

Test set: Average loss: 0.6815, Accuracy: (0.7560)

Train Epoch: 34 [0/2500 (0%)]	Loss: 0.587201
Train Epoch: 34 [1280/2500 (50%)]	Loss: 0.722480

Test set: Average loss: 0.7047, Accuracy: (0.7440)

Train Epoch: 35 [0/2500 (0%)]	Loss: 0.446663
Train Epoch: 35 [1280/2500 (50%)]	Loss: 0.535684

Test set: Average loss: 0.7453, Accuracy: (0.7360)

Train Epoch: 36 [0/2500 (0%)]	Loss: 0.476922
Train Epoch: 36 [1280/2500 (50%)]	Loss: 0.772463

Test set: Average loss: 0.7888, Accuracy: (0.7200)

Train Epoch: 37 [0/2500 (0%)]	Loss: 0.622918
Train Epoch: 37 [1280/2500 (50%)]	Loss: 0.520355

Test set: Average loss: 0.6755, Accuracy: (0.7600)

Train Epoch: 38 [0/2500 (0%)]	Loss: 0.516234
Train Epoch: 38 [1280/2500 (50%)]	Loss: 0.704447

Test set: Average loss: 0.6910, Accuracy: (0.7480)

Train Epoch: 39 [0/2500 (0%)]	Loss: 0.474458
Train Epoch: 39 [1280/2500 (50%)]	Loss: 0.517469

Test set: Average loss: 0.7452, Accuracy: (0.7420)

Train Epoch: 40 [0/2500 (0%)]	Loss: 0.590411
Train Epoch: 40 [1280/2500 (50%)]	Loss: 0.572664

Test set: Average loss: 0.6508, Accuracy: (0.7720)

Train Epoch: 41 [0/2500 (0%)]	Loss: 0.385548
Train Epoch: 41 [1280/2500 (50%)]	Loss: 0.591430

Test set: Average loss: 0.6846, Accuracy: (0.7380)

Train Epoch: 42 [0/2500 (0%)]	Loss: 0.499669
Train Epoch: 42 [1280/2500 (50%)]	Loss: 0.452738

Test set: Average loss: 0.6895, Accuracy: (0.7660)

Train Epoch: 43 [0/2500 (0%)]	Loss: 0.511104
Train Epoch: 43 [1280/2500 (50%)]	Loss: 0.602744

Test set: Average loss: 0.8078, Accuracy: (0.7240)

Train Epoch: 44 [0/2500 (0%)]	Loss: 0.637355
Train Epoch: 44 [1280/2500 (50%)]	Loss: 0.558231

Test set: Average loss: 0.6772, Accuracy: (0.7640)

Train Epoch: 45 [0/2500 (0%)]	Loss: 0.511921
Train Epoch: 45 [1280/2500 (50%)]	Loss: 0.546032

Test set: Average loss: 0.6636, Accuracy: (0.7720)

Train Epoch: 46 [0/2500 (0%)]	Loss: 0.529414
Train Epoch: 46 [1280/2500 (50%)]	Loss: 0.376582

Test set: Average loss: 0.6785, Accuracy: (0.7540)

Train Epoch: 47 [0/2500 (0%)]	Loss: 0.522276
Train Epoch: 47 [1280/2500 (50%)]	Loss: 0.382410

Test set: Average loss: 0.7365, Accuracy: (0.7720)

Train Epoch: 48 [0/2500 (0%)]	Loss: 0.507569
Train Epoch: 48 [1280/2500 (50%)]	Loss: 0.546509

Test set: Average loss: 0.6462, Accuracy: (0.7600)

Train Epoch: 49 [0/2500 (0%)]	Loss: 0.421327
Train Epoch: 49 [1280/2500 (50%)]	Loss: 0.400589

Test set: Average loss: 0.6277, Accuracy: (0.7820)

Train Epoch: 50 [0/2500 (0%)]	Loss: 0.432347
Train Epoch: 50 [1280/2500 (50%)]	Loss: 0.529234

Test set: Average loss: 0.7397, Accuracy: (0.7380)

Train Epoch: 51 [0/2500 (0%)]	Loss: 0.399222
Train Epoch: 51 [1280/2500 (50%)]	Loss: 0.497412

Test set: Average loss: 0.7094, Accuracy: (0.7600)

Train Epoch: 52 [0/2500 (0%)]	Loss: 0.480453
Train Epoch: 52 [1280/2500 (50%)]	Loss: 0.443707

Test set: Average loss: 0.5802, Accuracy: (0.7960)

Train Epoch: 53 [0/2500 (0%)]	Loss: 0.408077
Train Epoch: 53 [1280/2500 (50%)]	Loss: 0.508347

Test set: Average loss: 0.6641, Accuracy: (0.7520)

Train Epoch: 54 [0/2500 (0%)]	Loss: 0.430931
Train Epoch: 54 [1280/2500 (50%)]	Loss: 0.639899

Test set: Average loss: 0.5802, Accuracy: (0.7920)

Train Epoch: 55 [0/2500 (0%)]	Loss: 0.392201
Train Epoch: 55 [1280/2500 (50%)]	Loss: 0.411357

Test set: Average loss: 0.6250, Accuracy: (0.7740)

Train Epoch: 56 [0/2500 (0%)]	Loss: 0.417184
Train Epoch: 56 [1280/2500 (50%)]	Loss: 0.369384

Test set: Average loss: 0.5699, Accuracy: (0.7840)

Train Epoch: 57 [0/2500 (0%)]	Loss: 0.273070
Train Epoch: 57 [1280/2500 (50%)]	Loss: 0.489635

Test set: Average loss: 0.6428, Accuracy: (0.7740)

Train Epoch: 58 [0/2500 (0%)]	Loss: 0.372797
Train Epoch: 58 [1280/2500 (50%)]	Loss: 0.497798

Test set: Average loss: 0.6245, Accuracy: (0.7640)

Train Epoch: 59 [0/2500 (0%)]	Loss: 0.426048
Train Epoch: 59 [1280/2500 (50%)]	Loss: 0.515809

Test set: Average loss: 0.6311, Accuracy: (0.7680)

Train Epoch: 60 [0/2500 (0%)]	Loss: 0.411362
Train Epoch: 60 [1280/2500 (50%)]	Loss: 0.432132

Test set: Average loss: 0.6594, Accuracy: (0.7620)

Train Epoch: 61 [0/2500 (0%)]	Loss: 0.386255
Train Epoch: 61 [1280/2500 (50%)]	Loss: 0.490214

Test set: Average loss: 0.6724, Accuracy: (0.7520)

Train Epoch: 62 [0/2500 (0%)]	Loss: 0.479785
Train Epoch: 62 [1280/2500 (50%)]	Loss: 0.402764

Test set: Average loss: 0.6242, Accuracy: (0.7700)

Train Epoch: 63 [0/2500 (0%)]	Loss: 0.478032
Train Epoch: 63 [1280/2500 (50%)]	Loss: 0.377903

Test set: Average loss: 0.5981, Accuracy: (0.7880)

Train Epoch: 64 [0/2500 (0%)]	Loss: 0.345266
Train Epoch: 64 [1280/2500 (50%)]	Loss: 0.400710

Test set: Average loss: 0.6614, Accuracy: (0.7540)

Train Epoch: 65 [0/2500 (0%)]	Loss: 0.386511
Train Epoch: 65 [1280/2500 (50%)]	Loss: 0.350047

Test set: Average loss: 0.6043, Accuracy: (0.7840)

Train Epoch: 66 [0/2500 (0%)]	Loss: 0.285818
Train Epoch: 66 [1280/2500 (50%)]	Loss: 0.409235

Test set: Average loss: 0.6562, Accuracy: (0.7800)

Train Epoch: 67 [0/2500 (0%)]	Loss: 0.370209
Train Epoch: 67 [1280/2500 (50%)]	Loss: 0.345382

Test set: Average loss: 0.6636, Accuracy: (0.7600)

Train Epoch: 68 [0/2500 (0%)]	Loss: 0.399703
Train Epoch: 68 [1280/2500 (50%)]	Loss: 0.417643

Test set: Average loss: 0.6328, Accuracy: (0.7660)

Train Epoch: 69 [0/2500 (0%)]	Loss: 0.467040
Train Epoch: 69 [1280/2500 (50%)]	Loss: 0.375946

Test set: Average loss: 0.6006, Accuracy: (0.8000)

Train Epoch: 70 [0/2500 (0%)]	Loss: 0.562065
Train Epoch: 70 [1280/2500 (50%)]	Loss: 0.399762

Test set: Average loss: 0.5540, Accuracy: (0.8000)

Train Epoch: 71 [0/2500 (0%)]	Loss: 0.361900
Train Epoch: 71 [1280/2500 (50%)]	Loss: 0.392786

Test set: Average loss: 0.5658, Accuracy: (0.8040)

Train Epoch: 72 [0/2500 (0%)]	Loss: 0.423719
Train Epoch: 72 [1280/2500 (50%)]	Loss: 0.419696

Test set: Average loss: 0.6578, Accuracy: (0.7780)

Train Epoch: 73 [0/2500 (0%)]	Loss: 0.378366
Train Epoch: 73 [1280/2500 (50%)]	Loss: 0.579468

Test set: Average loss: 0.6270, Accuracy: (0.7740)

Train Epoch: 74 [0/2500 (0%)]	Loss: 0.301325
Train Epoch: 74 [1280/2500 (50%)]	Loss: 0.373712

Test set: Average loss: 0.6496, Accuracy: (0.7860)

Train Epoch: 75 [0/2500 (0%)]	Loss: 0.379983
Train Epoch: 75 [1280/2500 (50%)]	Loss: 0.288268

Test set: Average loss: 0.5886, Accuracy: (0.7860)

Train Epoch: 76 [0/2500 (0%)]	Loss: 0.364822
Train Epoch: 76 [1280/2500 (50%)]	Loss: 0.300119

Test set: Average loss: 0.6218, Accuracy: (0.8020)

Train Epoch: 77 [0/2500 (0%)]	Loss: 0.228424
Train Epoch: 77 [1280/2500 (50%)]	Loss: 0.347158

Test set: Average loss: 0.6345, Accuracy: (0.7800)

Train Epoch: 78 [0/2500 (0%)]	Loss: 0.367566
Train Epoch: 78 [1280/2500 (50%)]	Loss: 0.438762

Test set: Average loss: 0.6211, Accuracy: (0.7700)

Train Epoch: 79 [0/2500 (0%)]	Loss: 0.346913
Train Epoch: 79 [1280/2500 (50%)]	Loss: 0.340177

Test set: Average loss: 0.5868, Accuracy: (0.8040)

Train Epoch: 80 [0/2500 (0%)]	Loss: 0.382519
Train Epoch: 80 [1280/2500 (50%)]	Loss: 0.374773

Test set: Average loss: 0.6376, Accuracy: (0.7680)

Train Epoch: 81 [0/2500 (0%)]	Loss: 0.386948
Train Epoch: 81 [1280/2500 (50%)]	Loss: 0.279443

Test set: Average loss: 0.6845, Accuracy: (0.7760)

Train Epoch: 82 [0/2500 (0%)]	Loss: 0.414966
Train Epoch: 82 [1280/2500 (50%)]	Loss: 0.368452

Test set: Average loss: 0.5921, Accuracy: (0.7900)

Train Epoch: 83 [0/2500 (0%)]	Loss: 0.333070
Train Epoch: 83 [1280/2500 (50%)]	Loss: 0.329231

Test set: Average loss: 0.6391, Accuracy: (0.7840)

Train Epoch: 84 [0/2500 (0%)]	Loss: 0.319963
Train Epoch: 84 [1280/2500 (50%)]	Loss: 0.438392

Test set: Average loss: 0.6092, Accuracy: (0.7880)

Train Epoch: 85 [0/2500 (0%)]	Loss: 0.259616
Train Epoch: 85 [1280/2500 (50%)]	Loss: 0.394711

Test set: Average loss: 0.6114, Accuracy: (0.7900)

Train Epoch: 86 [0/2500 (0%)]	Loss: 0.310977
Train Epoch: 86 [1280/2500 (50%)]	Loss: 0.455895

Test set: Average loss: 0.5980, Accuracy: (0.7920)

Train Epoch: 87 [0/2500 (0%)]	Loss: 0.332147
Train Epoch: 87 [1280/2500 (50%)]	Loss: 0.351720

Test set: Average loss: 0.6543, Accuracy: (0.7560)

Train Epoch: 88 [0/2500 (0%)]	Loss: 0.219754
Train Epoch: 88 [1280/2500 (50%)]	Loss: 0.313487

Test set: Average loss: 0.6147, Accuracy: (0.8060)

Train Epoch: 89 [0/2500 (0%)]	Loss: 0.331045
Train Epoch: 89 [1280/2500 (50%)]	Loss: 0.317012

Test set: Average loss: 0.5854, Accuracy: (0.7900)

Train Epoch: 90 [0/2500 (0%)]	Loss: 0.276961
Train Epoch: 90 [1280/2500 (50%)]	Loss: 0.334266

Test set: Average loss: 0.5909, Accuracy: (0.8100)

Train Epoch: 91 [0/2500 (0%)]	Loss: 0.217406
Train Epoch: 91 [1280/2500 (50%)]	Loss: 0.289147

Test set: Average loss: 0.5575, Accuracy: (0.8040)

Train Epoch: 92 [0/2500 (0%)]	Loss: 0.268069
Train Epoch: 92 [1280/2500 (50%)]	Loss: 0.265006

Test set: Average loss: 0.5599, Accuracy: (0.8000)

Train Epoch: 93 [0/2500 (0%)]	Loss: 0.259695
Train Epoch: 93 [1280/2500 (50%)]	Loss: 0.339568

Test set: Average loss: 0.6284, Accuracy: (0.7780)

Train Epoch: 94 [0/2500 (0%)]	Loss: 0.262440
Train Epoch: 94 [1280/2500 (50%)]	Loss: 0.311826

Test set: Average loss: 0.6379, Accuracy: (0.7680)

Train Epoch: 95 [0/2500 (0%)]	Loss: 0.356193
Train Epoch: 95 [1280/2500 (50%)]	Loss: 0.318120

Test set: Average loss: 0.6904, Accuracy: (0.7740)

Train Epoch: 96 [0/2500 (0%)]	Loss: 0.377547
Train Epoch: 96 [1280/2500 (50%)]	Loss: 0.226991

Test set: Average loss: 0.6262, Accuracy: (0.7820)

Train Epoch: 97 [0/2500 (0%)]	Loss: 0.265206
Train Epoch: 97 [1280/2500 (50%)]	Loss: 0.262865

Test set: Average loss: 0.7507, Accuracy: (0.7460)

Train Epoch: 98 [0/2500 (0%)]	Loss: 0.401405
Train Epoch: 98 [1280/2500 (50%)]	Loss: 0.306943

Test set: Average loss: 0.6828, Accuracy: (0.7660)

Train Epoch: 99 [0/2500 (0%)]	Loss: 0.348648
Train Epoch: 99 [1280/2500 (50%)]	Loss: 0.300950

Test set: Average loss: 0.5988, Accuracy: (0.8000)

Train Epoch: 100 [0/2500 (0%)]	Loss: 0.309969
Train Epoch: 100 [1280/2500 (50%)]	Loss: 0.288517

Test set: Average loss: 0.5958, Accuracy: (0.8060)

Train Epoch: 101 [0/2500 (0%)]	Loss: 0.279689
Train Epoch: 101 [1280/2500 (50%)]	Loss: 0.322186

Test set: Average loss: 0.6574, Accuracy: (0.7740)

Train Epoch: 102 [0/2500 (0%)]	Loss: 0.407677
Train Epoch: 102 [1280/2500 (50%)]	Loss: 0.321007

Test set: Average loss: 0.6099, Accuracy: (0.7900)

Train Epoch: 103 [0/2500 (0%)]	Loss: 0.220681
Train Epoch: 103 [1280/2500 (50%)]	Loss: 0.317701

Test set: Average loss: 0.5987, Accuracy: (0.8060)

Train Epoch: 104 [0/2500 (0%)]	Loss: 0.391559
Train Epoch: 104 [1280/2500 (50%)]	Loss: 0.294384

Test set: Average loss: 0.6360, Accuracy: (0.7760)

Train Epoch: 105 [0/2500 (0%)]	Loss: 0.189667
Train Epoch: 105 [1280/2500 (50%)]	Loss: 0.315461

Test set: Average loss: 0.6263, Accuracy: (0.7940)

Train Epoch: 106 [0/2500 (0%)]	Loss: 0.268046
Train Epoch: 106 [1280/2500 (50%)]	Loss: 0.359660

Test set: Average loss: 0.6121, Accuracy: (0.7960)

Train Epoch: 107 [0/2500 (0%)]	Loss: 0.263458
Train Epoch: 107 [1280/2500 (50%)]	Loss: 0.245739

Test set: Average loss: 0.6356, Accuracy: (0.7820)

Train Epoch: 108 [0/2500 (0%)]	Loss: 0.321316
Train Epoch: 108 [1280/2500 (50%)]	Loss: 0.270660

Test set: Average loss: 0.6910, Accuracy: (0.7760)

Train Epoch: 109 [0/2500 (0%)]	Loss: 0.307488
Train Epoch: 109 [1280/2500 (50%)]	Loss: 0.296919

Test set: Average loss: 0.6353, Accuracy: (0.7840)

Train Epoch: 110 [0/2500 (0%)]	Loss: 0.316275
Train Epoch: 110 [1280/2500 (50%)]	Loss: 0.252216

Test set: Average loss: 0.6701, Accuracy: (0.7800)

Train Epoch: 111 [0/2500 (0%)]	Loss: 0.295174
Train Epoch: 111 [1280/2500 (50%)]	Loss: 0.223483

Test set: Average loss: 0.6011, Accuracy: (0.7980)

Train Epoch: 112 [0/2500 (0%)]	Loss: 0.249406
Train Epoch: 112 [1280/2500 (50%)]	Loss: 0.418213

Test set: Average loss: 0.6769, Accuracy: (0.7860)

Train Epoch: 113 [0/2500 (0%)]	Loss: 0.261962
Train Epoch: 113 [1280/2500 (50%)]	Loss: 0.203792

Test set: Average loss: 0.6020, Accuracy: (0.8240)

Train Epoch: 114 [0/2500 (0%)]	Loss: 0.295578
Train Epoch: 114 [1280/2500 (50%)]	Loss: 0.292849

Test set: Average loss: 0.5386, Accuracy: (0.8240)

Train Epoch: 115 [0/2500 (0%)]	Loss: 0.305261
Train Epoch: 115 [1280/2500 (50%)]	Loss: 0.262919

Test set: Average loss: 0.6518, Accuracy: (0.7880)

Train Epoch: 116 [0/2500 (0%)]	Loss: 0.312348
Train Epoch: 116 [1280/2500 (50%)]	Loss: 0.218828

Test set: Average loss: 0.5844, Accuracy: (0.8060)

Train Epoch: 117 [0/2500 (0%)]	Loss: 0.329440
Train Epoch: 117 [1280/2500 (50%)]	Loss: 0.224881

Test set: Average loss: 0.6748, Accuracy: (0.7900)

Train Epoch: 118 [0/2500 (0%)]	Loss: 0.149447
Train Epoch: 118 [1280/2500 (50%)]	Loss: 0.285702

Test set: Average loss: 0.5892, Accuracy: (0.8040)

Train Epoch: 119 [0/2500 (0%)]	Loss: 0.323198
Train Epoch: 119 [1280/2500 (50%)]	Loss: 0.280000

Test set: Average loss: 0.6660, Accuracy: (0.7800)

Train Epoch: 120 [0/2500 (0%)]	Loss: 0.236992
Train Epoch: 120 [1280/2500 (50%)]	Loss: 0.179491

Test set: Average loss: 0.6327, Accuracy: (0.8000)

Train Epoch: 121 [0/2500 (0%)]	Loss: 0.251181
Train Epoch: 121 [1280/2500 (50%)]	Loss: 0.357939

Test set: Average loss: 0.5811, Accuracy: (0.7980)

Train Epoch: 122 [0/2500 (0%)]	Loss: 0.226524
Train Epoch: 122 [1280/2500 (50%)]	Loss: 0.312592

Test set: Average loss: 0.5989, Accuracy: (0.7900)

Train Epoch: 123 [0/2500 (0%)]	Loss: 0.223447
Train Epoch: 123 [1280/2500 (50%)]	Loss: 0.197693

Test set: Average loss: 0.5286, Accuracy: (0.8160)

Train Epoch: 124 [0/2500 (0%)]	Loss: 0.253150
Train Epoch: 124 [1280/2500 (50%)]	Loss: 0.235468

Test set: Average loss: 0.5594, Accuracy: (0.8060)

Train Epoch: 125 [0/2500 (0%)]	Loss: 0.150372
Train Epoch: 125 [1280/2500 (50%)]	Loss: 0.432583

Test set: Average loss: 0.6368, Accuracy: (0.7860)

Train Epoch: 126 [0/2500 (0%)]	Loss: 0.235190
Train Epoch: 126 [1280/2500 (50%)]	Loss: 0.204954

Test set: Average loss: 0.5764, Accuracy: (0.8080)

Train Epoch: 127 [0/2500 (0%)]	Loss: 0.209283
Train Epoch: 127 [1280/2500 (50%)]	Loss: 0.259476

Test set: Average loss: 0.5971, Accuracy: (0.8160)

Train Epoch: 128 [0/2500 (0%)]	Loss: 0.242452
Train Epoch: 128 [1280/2500 (50%)]	Loss: 0.248915

Test set: Average loss: 0.6152, Accuracy: (0.8000)

Train Epoch: 129 [0/2500 (0%)]	Loss: 0.263026
Train Epoch: 129 [1280/2500 (50%)]	Loss: 0.197448

Test set: Average loss: 0.5858, Accuracy: (0.8120)

Train Epoch: 130 [0/2500 (0%)]	Loss: 0.204939
Train Epoch: 130 [1280/2500 (50%)]	Loss: 0.220263

Test set: Average loss: 0.6151, Accuracy: (0.7980)

Train Epoch: 131 [0/2500 (0%)]	Loss: 0.192241
Train Epoch: 131 [1280/2500 (50%)]	Loss: 0.264576

Test set: Average loss: 0.5549, Accuracy: (0.8140)

Train Epoch: 132 [0/2500 (0%)]	Loss: 0.155008
Train Epoch: 132 [1280/2500 (50%)]	Loss: 0.271740

Test set: Average loss: 0.5764, Accuracy: (0.8100)

Train Epoch: 133 [0/2500 (0%)]	Loss: 0.286528
Train Epoch: 133 [1280/2500 (50%)]	Loss: 0.239966

Test set: Average loss: 0.6131, Accuracy: (0.7920)

Train Epoch: 134 [0/2500 (0%)]	Loss: 0.225737
Train Epoch: 134 [1280/2500 (50%)]	Loss: 0.269332

Test set: Average loss: 0.6322, Accuracy: (0.8000)

Train Epoch: 135 [0/2500 (0%)]	Loss: 0.190690
Train Epoch: 135 [1280/2500 (50%)]	Loss: 0.205034

Test set: Average loss: 0.5705, Accuracy: (0.8180)

Train Epoch: 136 [0/2500 (0%)]	Loss: 0.149539
Train Epoch: 136 [1280/2500 (50%)]	Loss: 0.210920

Test set: Average loss: 0.5809, Accuracy: (0.7960)

Train Epoch: 137 [0/2500 (0%)]	Loss: 0.265403
Train Epoch: 137 [1280/2500 (50%)]	Loss: 0.216600

Test set: Average loss: 0.6262, Accuracy: (0.7980)

Train Epoch: 138 [0/2500 (0%)]	Loss: 0.165289
Train Epoch: 138 [1280/2500 (50%)]	Loss: 0.199722

Test set: Average loss: 0.5484, Accuracy: (0.8120)

Train Epoch: 139 [0/2500 (0%)]	Loss: 0.149153
Train Epoch: 139 [1280/2500 (50%)]	Loss: 0.207570

Test set: Average loss: 0.5711, Accuracy: (0.8100)

Train Epoch: 140 [0/2500 (0%)]	Loss: 0.198205
Train Epoch: 140 [1280/2500 (50%)]	Loss: 0.253826

Test set: Average loss: 0.6071, Accuracy: (0.8140)

Train Epoch: 141 [0/2500 (0%)]	Loss: 0.169315
Train Epoch: 141 [1280/2500 (50%)]	Loss: 0.188628

Test set: Average loss: 0.6566, Accuracy: (0.7960)

Train Epoch: 142 [0/2500 (0%)]	Loss: 0.217178
Train Epoch: 142 [1280/2500 (50%)]	Loss: 0.183175

Test set: Average loss: 0.5938, Accuracy: (0.8140)

Train Epoch: 143 [0/2500 (0%)]	Loss: 0.261529
Train Epoch: 143 [1280/2500 (50%)]	Loss: 0.180751

Test set: Average loss: 0.5195, Accuracy: (0.8280)

Train Epoch: 144 [0/2500 (0%)]	Loss: 0.188829
Train Epoch: 144 [1280/2500 (50%)]	Loss: 0.221392

Test set: Average loss: 0.5447, Accuracy: (0.8260)

Train Epoch: 145 [0/2500 (0%)]	Loss: 0.131160
Train Epoch: 145 [1280/2500 (50%)]	Loss: 0.156018

Test set: Average loss: 0.6444, Accuracy: (0.7840)

Train Epoch: 146 [0/2500 (0%)]	Loss: 0.205126
Train Epoch: 146 [1280/2500 (50%)]	Loss: 0.203180

Test set: Average loss: 0.5369, Accuracy: (0.8100)

Train Epoch: 147 [0/2500 (0%)]	Loss: 0.218386
Train Epoch: 147 [1280/2500 (50%)]	Loss: 0.210664

Test set: Average loss: 0.5939, Accuracy: (0.8100)

Train Epoch: 148 [0/2500 (0%)]	Loss: 0.148042
Train Epoch: 148 [1280/2500 (50%)]	Loss: 0.206410

Test set: Average loss: 0.5523, Accuracy: (0.8200)

Train Epoch: 149 [0/2500 (0%)]	Loss: 0.149702
Train Epoch: 149 [1280/2500 (50%)]	Loss: 0.153388

Test set: Average loss: 0.5425, Accuracy: (0.8140)

Train Epoch: 150 [0/2500 (0%)]	Loss: 0.197289
Train Epoch: 150 [1280/2500 (50%)]	Loss: 0.189912

Test set: Average loss: 0.5688, Accuracy: (0.8040)

Train Epoch: 151 [0/2500 (0%)]	Loss: 0.211256
Train Epoch: 151 [1280/2500 (50%)]	Loss: 0.187361

Test set: Average loss: 0.5542, Accuracy: (0.8160)

Train Epoch: 152 [0/2500 (0%)]	Loss: 0.130933
Train Epoch: 152 [1280/2500 (50%)]	Loss: 0.238963

Test set: Average loss: 0.5500, Accuracy: (0.8160)

Train Epoch: 153 [0/2500 (0%)]	Loss: 0.297631
Train Epoch: 153 [1280/2500 (50%)]	Loss: 0.159115

Test set: Average loss: 0.6189, Accuracy: (0.8020)

Train Epoch: 154 [0/2500 (0%)]	Loss: 0.183270
Train Epoch: 154 [1280/2500 (50%)]	Loss: 0.105127

Test set: Average loss: 0.5414, Accuracy: (0.8340)

Train Epoch: 155 [0/2500 (0%)]	Loss: 0.159515
Train Epoch: 155 [1280/2500 (50%)]	Loss: 0.139509

Test set: Average loss: 0.5751, Accuracy: (0.8240)

Train Epoch: 156 [0/2500 (0%)]	Loss: 0.131189
Train Epoch: 156 [1280/2500 (50%)]	Loss: 0.185262

Test set: Average loss: 0.6257, Accuracy: (0.7920)

Train Epoch: 157 [0/2500 (0%)]	Loss: 0.158385
Train Epoch: 157 [1280/2500 (50%)]	Loss: 0.142250

Test set: Average loss: 0.6134, Accuracy: (0.8100)

Train Epoch: 158 [0/2500 (0%)]	Loss: 0.166393
Train Epoch: 158 [1280/2500 (50%)]	Loss: 0.188176

Test set: Average loss: 0.6858, Accuracy: (0.8020)

Train Epoch: 159 [0/2500 (0%)]	Loss: 0.166110
Train Epoch: 159 [1280/2500 (50%)]	Loss: 0.177983

Test set: Average loss: 0.5943, Accuracy: (0.8000)

Train Epoch: 160 [0/2500 (0%)]	Loss: 0.105882
Train Epoch: 160 [1280/2500 (50%)]	Loss: 0.166413

Test set: Average loss: 0.5406, Accuracy: (0.8200)

Train Epoch: 161 [0/2500 (0%)]	Loss: 0.149290
Train Epoch: 161 [1280/2500 (50%)]	Loss: 0.215152

Test set: Average loss: 0.5653, Accuracy: (0.8280)

Train Epoch: 162 [0/2500 (0%)]	Loss: 0.153491
Train Epoch: 162 [1280/2500 (50%)]	Loss: 0.250897

Test set: Average loss: 0.5966, Accuracy: (0.8060)

Train Epoch: 163 [0/2500 (0%)]	Loss: 0.162184
Train Epoch: 163 [1280/2500 (50%)]	Loss: 0.127181

Test set: Average loss: 0.5932, Accuracy: (0.8280)

Train Epoch: 164 [0/2500 (0%)]	Loss: 0.115813
Train Epoch: 164 [1280/2500 (50%)]	Loss: 0.176117

Test set: Average loss: 0.5790, Accuracy: (0.8160)

Train Epoch: 165 [0/2500 (0%)]	Loss: 0.165371
Train Epoch: 165 [1280/2500 (50%)]	Loss: 0.172407

Test set: Average loss: 0.5510, Accuracy: (0.8260)

Train Epoch: 166 [0/2500 (0%)]	Loss: 0.174304
Train Epoch: 166 [1280/2500 (50%)]	Loss: 0.102406

Test set: Average loss: 0.6184, Accuracy: (0.7920)

Train Epoch: 167 [0/2500 (0%)]	Loss: 0.174166
Train Epoch: 167 [1280/2500 (50%)]	Loss: 0.157643

Test set: Average loss: 0.5878, Accuracy: (0.7880)

Train Epoch: 168 [0/2500 (0%)]	Loss: 0.118648
Train Epoch: 168 [1280/2500 (50%)]	Loss: 0.106608

Test set: Average loss: 0.5929, Accuracy: (0.8120)

Train Epoch: 169 [0/2500 (0%)]	Loss: 0.069962
Train Epoch: 169 [1280/2500 (50%)]	Loss: 0.182506

Test set: Average loss: 0.5252, Accuracy: (0.8320)

Train Epoch: 170 [0/2500 (0%)]	Loss: 0.160626
Train Epoch: 170 [1280/2500 (50%)]	Loss: 0.223065

Test set: Average loss: 0.5392, Accuracy: (0.8100)

Train Epoch: 171 [0/2500 (0%)]	Loss: 0.117699
Train Epoch: 171 [1280/2500 (50%)]	Loss: 0.131128

Test set: Average loss: 0.5754, Accuracy: (0.8100)

Train Epoch: 172 [0/2500 (0%)]	Loss: 0.128507
Train Epoch: 172 [1280/2500 (50%)]	Loss: 0.185170

Test set: Average loss: 0.6143, Accuracy: (0.8120)

Train Epoch: 173 [0/2500 (0%)]	Loss: 0.127040
Train Epoch: 173 [1280/2500 (50%)]	Loss: 0.180821

Test set: Average loss: 0.5219, Accuracy: (0.8300)

Train Epoch: 174 [0/2500 (0%)]	Loss: 0.116825
Train Epoch: 174 [1280/2500 (50%)]	Loss: 0.215604

Test set: Average loss: 0.5652, Accuracy: (0.8120)

Train Epoch: 175 [0/2500 (0%)]	Loss: 0.105070
Train Epoch: 175 [1280/2500 (50%)]	Loss: 0.156894

Test set: Average loss: 0.5433, Accuracy: (0.8280)

Train Epoch: 176 [0/2500 (0%)]	Loss: 0.110430
Train Epoch: 176 [1280/2500 (50%)]	Loss: 0.134409

Test set: Average loss: 0.5547, Accuracy: (0.8220)

Train Epoch: 177 [0/2500 (0%)]	Loss: 0.151456
Train Epoch: 177 [1280/2500 (50%)]	Loss: 0.158764

Test set: Average loss: 0.5096, Accuracy: (0.8240)

Train Epoch: 178 [0/2500 (0%)]	Loss: 0.163941
Train Epoch: 178 [1280/2500 (50%)]	Loss: 0.177833

Test set: Average loss: 0.5262, Accuracy: (0.8180)

Train Epoch: 179 [0/2500 (0%)]	Loss: 0.279181
Train Epoch: 179 [1280/2500 (50%)]	Loss: 0.105291

Test set: Average loss: 0.6079, Accuracy: (0.7960)

Train Epoch: 180 [0/2500 (0%)]	Loss: 0.088028
Train Epoch: 180 [1280/2500 (50%)]	Loss: 0.168760

Test set: Average loss: 0.5231, Accuracy: (0.8320)

Train Epoch: 181 [0/2500 (0%)]	Loss: 0.146393
Train Epoch: 181 [1280/2500 (50%)]	Loss: 0.180769

Test set: Average loss: 0.5495, Accuracy: (0.8400)

Train Epoch: 182 [0/2500 (0%)]	Loss: 0.179258
Train Epoch: 182 [1280/2500 (50%)]	Loss: 0.149019

Test set: Average loss: 0.5711, Accuracy: (0.8180)

Train Epoch: 183 [0/2500 (0%)]	Loss: 0.197800
Train Epoch: 183 [1280/2500 (50%)]	Loss: 0.139852

Test set: Average loss: 0.5684, Accuracy: (0.8160)

Train Epoch: 184 [0/2500 (0%)]	Loss: 0.130906
Train Epoch: 184 [1280/2500 (50%)]	Loss: 0.199458

Test set: Average loss: 0.5571, Accuracy: (0.7940)

Train Epoch: 185 [0/2500 (0%)]	Loss: 0.194692
Train Epoch: 185 [1280/2500 (50%)]	Loss: 0.154674

Test set: Average loss: 0.5644, Accuracy: (0.8140)

Train Epoch: 186 [0/2500 (0%)]	Loss: 0.103407
Train Epoch: 186 [1280/2500 (50%)]	Loss: 0.181345

Test set: Average loss: 0.6157, Accuracy: (0.8040)

Train Epoch: 187 [0/2500 (0%)]	Loss: 0.172882
Train Epoch: 187 [1280/2500 (50%)]	Loss: 0.132767

Test set: Average loss: 0.5875, Accuracy: (0.8080)

Train Epoch: 188 [0/2500 (0%)]	Loss: 0.115947
Train Epoch: 188 [1280/2500 (50%)]	Loss: 0.116535

Test set: Average loss: 0.5701, Accuracy: (0.8200)

Train Epoch: 189 [0/2500 (0%)]	Loss: 0.090073
Train Epoch: 189 [1280/2500 (50%)]	Loss: 0.227213

Test set: Average loss: 0.6078, Accuracy: (0.8160)

Train Epoch: 190 [0/2500 (0%)]	Loss: 0.126930
Train Epoch: 190 [1280/2500 (50%)]	Loss: 0.125722

Test set: Average loss: 0.5374, Accuracy: (0.8320)

Train Epoch: 191 [0/2500 (0%)]	Loss: 0.154139
Train Epoch: 191 [1280/2500 (50%)]	Loss: 0.133318

Test set: Average loss: 0.5766, Accuracy: (0.8040)

Train Epoch: 192 [0/2500 (0%)]	Loss: 0.169503
Train Epoch: 192 [1280/2500 (50%)]	Loss: 0.151720

Test set: Average loss: 0.6015, Accuracy: (0.8160)

Train Epoch: 193 [0/2500 (0%)]	Loss: 0.143107
Train Epoch: 193 [1280/2500 (50%)]	Loss: 0.172451

Test set: Average loss: 0.5967, Accuracy: (0.8220)

Train Epoch: 194 [0/2500 (0%)]	Loss: 0.173882
Train Epoch: 194 [1280/2500 (50%)]	Loss: 0.120427

Test set: Average loss: 0.5570, Accuracy: (0.8120)

Train Epoch: 195 [0/2500 (0%)]	Loss: 0.118942
Train Epoch: 195 [1280/2500 (50%)]	Loss: 0.147654

Test set: Average loss: 0.5751, Accuracy: (0.8220)

Train Epoch: 196 [0/2500 (0%)]	Loss: 0.120309
Train Epoch: 196 [1280/2500 (50%)]	Loss: 0.123497

Test set: Average loss: 0.5665, Accuracy: (0.8380)

Train Epoch: 197 [0/2500 (0%)]	Loss: 0.116565
Train Epoch: 197 [1280/2500 (50%)]	Loss: 0.178356

Test set: Average loss: 0.6192, Accuracy: (0.8140)

Train Epoch: 198 [0/2500 (0%)]	Loss: 0.096717
Train Epoch: 198 [1280/2500 (50%)]	Loss: 0.143550

Test set: Average loss: 0.5682, Accuracy: (0.7940)

Train Epoch: 199 [0/2500 (0%)]	Loss: 0.099625
Train Epoch: 199 [1280/2500 (50%)]	Loss: 0.146536

Test set: Average loss: 0.6736, Accuracy: (0.7820)

Train Epoch: 200 [0/2500 (0%)]	Loss: 0.073392
Train Epoch: 200 [1280/2500 (50%)]	Loss: 0.123050

Test set: Average loss: 0.5696, Accuracy: (0.7980)

Train Epoch: 201 [0/2500 (0%)]	Loss: 0.125869
Train Epoch: 201 [1280/2500 (50%)]	Loss: 0.111497

Test set: Average loss: 0.6422, Accuracy: (0.8100)

Train Epoch: 202 [0/2500 (0%)]	Loss: 0.076606
Train Epoch: 202 [1280/2500 (50%)]	Loss: 0.179004

Test set: Average loss: 0.5077, Accuracy: (0.8280)

Train Epoch: 203 [0/2500 (0%)]	Loss: 0.120777
Train Epoch: 203 [1280/2500 (50%)]	Loss: 0.066317

Test set: Average loss: 0.6519, Accuracy: (0.7880)

Train Epoch: 204 [0/2500 (0%)]	Loss: 0.064639
Train Epoch: 204 [1280/2500 (50%)]	Loss: 0.058585

Test set: Average loss: 0.6699, Accuracy: (0.7740)

Train Epoch: 205 [0/2500 (0%)]	Loss: 0.095169
Train Epoch: 205 [1280/2500 (50%)]	Loss: 0.114975

Test set: Average loss: 0.6410, Accuracy: (0.7920)

Train Epoch: 206 [0/2500 (0%)]	Loss: 0.145237
Train Epoch: 206 [1280/2500 (50%)]	Loss: 0.127865

Test set: Average loss: 0.6195, Accuracy: (0.8100)

Train Epoch: 207 [0/2500 (0%)]	Loss: 0.112000
Train Epoch: 207 [1280/2500 (50%)]	Loss: 0.080093

Test set: Average loss: 0.5843, Accuracy: (0.8060)

Train Epoch: 208 [0/2500 (0%)]	Loss: 0.099538
Train Epoch: 208 [1280/2500 (50%)]	Loss: 0.135391

Test set: Average loss: 0.6135, Accuracy: (0.8040)

Train Epoch: 209 [0/2500 (0%)]	Loss: 0.084299
Train Epoch: 209 [1280/2500 (50%)]	Loss: 0.094136

Test set: Average loss: 0.5804, Accuracy: (0.8380)

Train Epoch: 210 [0/2500 (0%)]	Loss: 0.133473
Train Epoch: 210 [1280/2500 (50%)]	Loss: 0.100953

Test set: Average loss: 0.5431, Accuracy: (0.8200)

Train Epoch: 211 [0/2500 (0%)]	Loss: 0.071607
Train Epoch: 211 [1280/2500 (50%)]	Loss: 0.110339

Test set: Average loss: 0.6188, Accuracy: (0.7980)

Train Epoch: 212 [0/2500 (0%)]	Loss: 0.102222
Train Epoch: 212 [1280/2500 (50%)]	Loss: 0.161921

Test set: Average loss: 0.5851, Accuracy: (0.8120)

Train Epoch: 213 [0/2500 (0%)]	Loss: 0.092351
Train Epoch: 213 [1280/2500 (50%)]	Loss: 0.075300

Test set: Average loss: 0.5691, Accuracy: (0.8140)

Train Epoch: 214 [0/2500 (0%)]	Loss: 0.129324
Train Epoch: 214 [1280/2500 (50%)]	Loss: 0.093892

Test set: Average loss: 0.4992, Accuracy: (0.8380)

Train Epoch: 215 [0/2500 (0%)]	Loss: 0.053572
Train Epoch: 215 [1280/2500 (50%)]	Loss: 0.090941

Test set: Average loss: 0.6335, Accuracy: (0.8200)

Train Epoch: 216 [0/2500 (0%)]	Loss: 0.085269
Train Epoch: 216 [1280/2500 (50%)]	Loss: 0.136276

Test set: Average loss: 0.5945, Accuracy: (0.7980)

Train Epoch: 217 [0/2500 (0%)]	Loss: 0.136922
Train Epoch: 217 [1280/2500 (50%)]	Loss: 0.096903

Test set: Average loss: 0.5953, Accuracy: (0.8340)

Train Epoch: 218 [0/2500 (0%)]	Loss: 0.039134
Train Epoch: 218 [1280/2500 (50%)]	Loss: 0.080965

Test set: Average loss: 0.5577, Accuracy: (0.8220)

Train Epoch: 219 [0/2500 (0%)]	Loss: 0.072348
Train Epoch: 219 [1280/2500 (50%)]	Loss: 0.170408

Test set: Average loss: 0.5907, Accuracy: (0.8000)

Train Epoch: 220 [0/2500 (0%)]	Loss: 0.101381
Train Epoch: 220 [1280/2500 (50%)]	Loss: 0.096978

Test set: Average loss: 0.6492, Accuracy: (0.8020)

Train Epoch: 221 [0/2500 (0%)]	Loss: 0.095724
Train Epoch: 221 [1280/2500 (50%)]	Loss: 0.069914

Test set: Average loss: 0.5991, Accuracy: (0.8020)

Train Epoch: 222 [0/2500 (0%)]	Loss: 0.067318
Train Epoch: 222 [1280/2500 (50%)]	Loss: 0.092210

Test set: Average loss: 0.6275, Accuracy: (0.8020)

Train Epoch: 223 [0/2500 (0%)]	Loss: 0.067258
Train Epoch: 223 [1280/2500 (50%)]	Loss: 0.108278

Test set: Average loss: 0.5900, Accuracy: (0.8040)

Train Epoch: 224 [0/2500 (0%)]	Loss: 0.109420
Train Epoch: 224 [1280/2500 (50%)]	Loss: 0.085725

Test set: Average loss: 0.5688, Accuracy: (0.8160)

Train Epoch: 225 [0/2500 (0%)]	Loss: 0.062317
Train Epoch: 225 [1280/2500 (50%)]	Loss: 0.054048

Test set: Average loss: 0.5898, Accuracy: (0.7860)

Train Epoch: 226 [0/2500 (0%)]	Loss: 0.073995
Train Epoch: 226 [1280/2500 (50%)]	Loss: 0.096129

Test set: Average loss: 0.5806, Accuracy: (0.8100)

Train Epoch: 227 [0/2500 (0%)]	Loss: 0.046929
Train Epoch: 227 [1280/2500 (50%)]	Loss: 0.052454

Test set: Average loss: 0.5864, Accuracy: (0.8240)

Train Epoch: 228 [0/2500 (0%)]	Loss: 0.058333
Train Epoch: 228 [1280/2500 (50%)]	Loss: 0.057093

Test set: Average loss: 0.5520, Accuracy: (0.8280)

Train Epoch: 229 [0/2500 (0%)]	Loss: 0.042856
Train Epoch: 229 [1280/2500 (50%)]	Loss: 0.069831

Test set: Average loss: 0.6273, Accuracy: (0.8140)

Train Epoch: 230 [0/2500 (0%)]	Loss: 0.060554
Train Epoch: 230 [1280/2500 (50%)]	Loss: 0.058686

Test set: Average loss: 0.5875, Accuracy: (0.8080)

Train Epoch: 231 [0/2500 (0%)]	Loss: 0.033621
Train Epoch: 231 [1280/2500 (50%)]	Loss: 0.081796

Test set: Average loss: 0.5702, Accuracy: (0.8100)

Train Epoch: 232 [0/2500 (0%)]	Loss: 0.115552
Train Epoch: 232 [1280/2500 (50%)]	Loss: 0.050997

Test set: Average loss: 0.5836, Accuracy: (0.8120)

Train Epoch: 233 [0/2500 (0%)]	Loss: 0.037587
Train Epoch: 233 [1280/2500 (50%)]	Loss: 0.040820

Test set: Average loss: 0.5407, Accuracy: (0.8280)

Train Epoch: 234 [0/2500 (0%)]	Loss: 0.057332
Train Epoch: 234 [1280/2500 (50%)]	Loss: 0.056909

Test set: Average loss: 0.5684, Accuracy: (0.8100)

Train Epoch: 235 [0/2500 (0%)]	Loss: 0.053323
Train Epoch: 235 [1280/2500 (50%)]	Loss: 0.044640

Test set: Average loss: 0.5517, Accuracy: (0.8360)

Train Epoch: 236 [0/2500 (0%)]	Loss: 0.045979
Train Epoch: 236 [1280/2500 (50%)]	Loss: 0.075281

Test set: Average loss: 0.5770, Accuracy: (0.8220)

Train Epoch: 237 [0/2500 (0%)]	Loss: 0.068321
Train Epoch: 237 [1280/2500 (50%)]	Loss: 0.069024

Test set: Average loss: 0.5449, Accuracy: (0.8380)

Train Epoch: 238 [0/2500 (0%)]	Loss: 0.057253
Train Epoch: 238 [1280/2500 (50%)]	Loss: 0.056605

Test set: Average loss: 0.5457, Accuracy: (0.8280)

Train Epoch: 239 [0/2500 (0%)]	Loss: 0.067672
Train Epoch: 239 [1280/2500 (50%)]	Loss: 0.084965

Test set: Average loss: 0.5849, Accuracy: (0.8180)

Train Epoch: 240 [0/2500 (0%)]	Loss: 0.081572
Train Epoch: 240 [1280/2500 (50%)]	Loss: 0.040465

Test set: Average loss: 0.5622, Accuracy: (0.8140)

Train Epoch: 241 [0/2500 (0%)]	Loss: 0.047357
Train Epoch: 241 [1280/2500 (50%)]	Loss: 0.056417

Test set: Average loss: 0.5960, Accuracy: (0.8180)

Train Epoch: 242 [0/2500 (0%)]	Loss: 0.039880
Train Epoch: 242 [1280/2500 (50%)]	Loss: 0.073679

Test set: Average loss: 0.5603, Accuracy: (0.8280)

Train Epoch: 243 [0/2500 (0%)]	Loss: 0.036604
Train Epoch: 243 [1280/2500 (50%)]	Loss: 0.075879

Test set: Average loss: 0.5243, Accuracy: (0.8420)

Train Epoch: 244 [0/2500 (0%)]	Loss: 0.050394
Train Epoch: 244 [1280/2500 (50%)]	Loss: 0.046747

Test set: Average loss: 0.5785, Accuracy: (0.8100)

Train Epoch: 245 [0/2500 (0%)]	Loss: 0.061647
Train Epoch: 245 [1280/2500 (50%)]	Loss: 0.067245

Test set: Average loss: 0.5898, Accuracy: (0.8300)

Train Epoch: 246 [0/2500 (0%)]	Loss: 0.049227
Train Epoch: 246 [1280/2500 (50%)]	Loss: 0.036657

Test set: Average loss: 0.5977, Accuracy: (0.8180)

Train Epoch: 247 [0/2500 (0%)]	Loss: 0.063831
Train Epoch: 247 [1280/2500 (50%)]	Loss: 0.045985

Test set: Average loss: 0.5562, Accuracy: (0.8220)

Train Epoch: 248 [0/2500 (0%)]	Loss: 0.048780
Train Epoch: 248 [1280/2500 (50%)]	Loss: 0.032606

Test set: Average loss: 0.6055, Accuracy: (0.8300)

Train Epoch: 249 [0/2500 (0%)]	Loss: 0.051592
Train Epoch: 249 [1280/2500 (50%)]	Loss: 0.028153

Test set: Average loss: 0.5976, Accuracy: (0.8080)

Train Epoch: 250 [0/2500 (0%)]	Loss: 0.047003
Train Epoch: 250 [1280/2500 (50%)]	Loss: 0.052245

Test set: Average loss: 0.6137, Accuracy: (0.8080)

Task RandSplitCIFAR100: 1
Train Epoch: 1 [0/2500 (0%)]	Loss: 1.941864
Train Epoch: 1 [1280/2500 (50%)]	Loss: 1.292318

Test set: Average loss: 1.0999, Accuracy: (0.5460)

Train Epoch: 2 [0/2500 (0%)]	Loss: 1.100163
Train Epoch: 2 [1280/2500 (50%)]	Loss: 0.947114

Test set: Average loss: 1.0323, Accuracy: (0.5720)

Train Epoch: 3 [0/2500 (0%)]	Loss: 0.955195
Train Epoch: 3 [1280/2500 (50%)]	Loss: 0.893987

Test set: Average loss: 1.0649, Accuracy: (0.5700)

Train Epoch: 4 [0/2500 (0%)]	Loss: 0.802504
Train Epoch: 4 [1280/2500 (50%)]	Loss: 0.951398

Test set: Average loss: 1.0265, Accuracy: (0.5920)

Train Epoch: 5 [0/2500 (0%)]	Loss: 0.852398
Train Epoch: 5 [1280/2500 (50%)]	Loss: 0.854937

Test set: Average loss: 0.9038, Accuracy: (0.6540)

Train Epoch: 6 [0/2500 (0%)]	Loss: 0.840390
Train Epoch: 6 [1280/2500 (50%)]	Loss: 0.972871

Test set: Average loss: 0.9606, Accuracy: (0.6320)

Train Epoch: 7 [0/2500 (0%)]	Loss: 0.785981
Train Epoch: 7 [1280/2500 (50%)]	Loss: 0.840543

Test set: Average loss: 0.8919, Accuracy: (0.6480)

Train Epoch: 8 [0/2500 (0%)]	Loss: 0.781246
Train Epoch: 8 [1280/2500 (50%)]	Loss: 0.768803

Test set: Average loss: 0.8258, Accuracy: (0.6700)

Train Epoch: 9 [0/2500 (0%)]	Loss: 0.713284
Train Epoch: 9 [1280/2500 (50%)]	Loss: 0.633756

Test set: Average loss: 0.8028, Accuracy: (0.6960)

Train Epoch: 10 [0/2500 (0%)]	Loss: 0.757870
Train Epoch: 10 [1280/2500 (50%)]	Loss: 0.768590

Test set: Average loss: 0.9211, Accuracy: (0.6700)

Train Epoch: 11 [0/2500 (0%)]	Loss: 0.645720
Train Epoch: 11 [1280/2500 (50%)]	Loss: 0.798058

Test set: Average loss: 0.7898, Accuracy: (0.6700)

Train Epoch: 12 [0/2500 (0%)]	Loss: 0.871613
Train Epoch: 12 [1280/2500 (50%)]	Loss: 0.947593

Test set: Average loss: 0.8969, Accuracy: (0.6680)

Train Epoch: 13 [0/2500 (0%)]	Loss: 0.752066
Train Epoch: 13 [1280/2500 (50%)]	Loss: 0.845749

Test set: Average loss: 0.7738, Accuracy: (0.7160)

Train Epoch: 14 [0/2500 (0%)]	Loss: 0.698829
Train Epoch: 14 [1280/2500 (50%)]	Loss: 0.778877

Test set: Average loss: 0.8088, Accuracy: (0.7040)

Train Epoch: 15 [0/2500 (0%)]	Loss: 0.615173
Train Epoch: 15 [1280/2500 (50%)]	Loss: 0.681965

Test set: Average loss: 0.8002, Accuracy: (0.6880)

Train Epoch: 16 [0/2500 (0%)]	Loss: 0.726226
Train Epoch: 16 [1280/2500 (50%)]	Loss: 0.587165

Test set: Average loss: 0.8067, Accuracy: (0.7080)

Train Epoch: 17 [0/2500 (0%)]	Loss: 0.598863
Train Epoch: 17 [1280/2500 (50%)]	Loss: 0.721031

Test set: Average loss: 0.8054, Accuracy: (0.7040)

Train Epoch: 18 [0/2500 (0%)]	Loss: 0.532273
Train Epoch: 18 [1280/2500 (50%)]	Loss: 0.739104

Test set: Average loss: 0.7554, Accuracy: (0.6760)

Train Epoch: 19 [0/2500 (0%)]	Loss: 0.698636
Train Epoch: 19 [1280/2500 (50%)]	Loss: 0.665891

Test set: Average loss: 0.7065, Accuracy: (0.7420)

Train Epoch: 20 [0/2500 (0%)]	Loss: 0.623606
Train Epoch: 20 [1280/2500 (50%)]	Loss: 0.568628

Test set: Average loss: 0.7279, Accuracy: (0.7180)

Train Epoch: 21 [0/2500 (0%)]	Loss: 0.647688
Train Epoch: 21 [1280/2500 (50%)]	Loss: 0.661646

Test set: Average loss: 0.8083, Accuracy: (0.7100)

Train Epoch: 22 [0/2500 (0%)]	Loss: 0.719187
Train Epoch: 22 [1280/2500 (50%)]	Loss: 0.598988

Test set: Average loss: 0.6960, Accuracy: (0.7400)

Train Epoch: 23 [0/2500 (0%)]	Loss: 0.548868
Train Epoch: 23 [1280/2500 (50%)]	Loss: 0.687285

Test set: Average loss: 0.6670, Accuracy: (0.7600)

Train Epoch: 24 [0/2500 (0%)]	Loss: 0.706421
Train Epoch: 24 [1280/2500 (50%)]	Loss: 0.560815

Test set: Average loss: 0.7232, Accuracy: (0.7500)

Train Epoch: 25 [0/2500 (0%)]	Loss: 0.633036
Train Epoch: 25 [1280/2500 (50%)]	Loss: 0.533766

Test set: Average loss: 0.7629, Accuracy: (0.7180)

Train Epoch: 26 [0/2500 (0%)]	Loss: 0.480817
Train Epoch: 26 [1280/2500 (50%)]	Loss: 0.530063

Test set: Average loss: 0.6354, Accuracy: (0.7560)

Train Epoch: 27 [0/2500 (0%)]	Loss: 0.598253
Train Epoch: 27 [1280/2500 (50%)]	Loss: 0.450493

Test set: Average loss: 0.6785, Accuracy: (0.7560)

Train Epoch: 28 [0/2500 (0%)]	Loss: 0.661069
Train Epoch: 28 [1280/2500 (50%)]	Loss: 0.549914

Test set: Average loss: 0.7151, Accuracy: (0.7280)

Train Epoch: 29 [0/2500 (0%)]	Loss: 0.697003
Train Epoch: 29 [1280/2500 (50%)]	Loss: 0.546731

Test set: Average loss: 0.6902, Accuracy: (0.7660)

Train Epoch: 30 [0/2500 (0%)]	Loss: 0.631037
Train Epoch: 30 [1280/2500 (50%)]	Loss: 0.622780

Test set: Average loss: 0.7254, Accuracy: (0.7520)

Train Epoch: 31 [0/2500 (0%)]	Loss: 0.553870
Train Epoch: 31 [1280/2500 (50%)]	Loss: 0.438358

Test set: Average loss: 0.6318, Accuracy: (0.7620)

Train Epoch: 32 [0/2500 (0%)]	Loss: 0.398084
Train Epoch: 32 [1280/2500 (50%)]	Loss: 0.625933

Test set: Average loss: 0.6846, Accuracy: (0.7380)

Train Epoch: 33 [0/2500 (0%)]	Loss: 0.501111
Train Epoch: 33 [1280/2500 (50%)]	Loss: 0.565732

Test set: Average loss: 0.7033, Accuracy: (0.7400)

Train Epoch: 34 [0/2500 (0%)]	Loss: 0.506916
Train Epoch: 34 [1280/2500 (50%)]	Loss: 0.494027

Test set: Average loss: 0.6890, Accuracy: (0.7240)

Train Epoch: 35 [0/2500 (0%)]	Loss: 0.599374
Train Epoch: 35 [1280/2500 (50%)]	Loss: 0.519844

Test set: Average loss: 0.7124, Accuracy: (0.7540)

Train Epoch: 36 [0/2500 (0%)]	Loss: 0.377876
Train Epoch: 36 [1280/2500 (50%)]	Loss: 0.427438

Test set: Average loss: 0.6757, Accuracy: (0.7760)

Train Epoch: 37 [0/2500 (0%)]	Loss: 0.390289
Train Epoch: 37 [1280/2500 (50%)]	Loss: 0.475215

Test set: Average loss: 0.6697, Accuracy: (0.7580)

Train Epoch: 38 [0/2500 (0%)]	Loss: 0.409052
Train Epoch: 38 [1280/2500 (50%)]	Loss: 0.473745

Test set: Average loss: 0.6645, Accuracy: (0.7380)

Train Epoch: 39 [0/2500 (0%)]	Loss: 0.541807
Train Epoch: 39 [1280/2500 (50%)]	Loss: 0.630698

Test set: Average loss: 0.6703, Accuracy: (0.7420)

Train Epoch: 40 [0/2500 (0%)]	Loss: 0.401846
Train Epoch: 40 [1280/2500 (50%)]	Loss: 0.683937

Test set: Average loss: 0.7022, Accuracy: (0.7280)

Train Epoch: 41 [0/2500 (0%)]	Loss: 0.471175
Train Epoch: 41 [1280/2500 (50%)]	Loss: 0.504142

Test set: Average loss: 0.6852, Accuracy: (0.7720)

Train Epoch: 42 [0/2500 (0%)]	Loss: 0.486683
Train Epoch: 42 [1280/2500 (50%)]	Loss: 0.530958

Test set: Average loss: 0.6245, Accuracy: (0.7740)

Train Epoch: 43 [0/2500 (0%)]	Loss: 0.527106
Train Epoch: 43 [1280/2500 (50%)]	Loss: 0.464774

Test set: Average loss: 0.6446, Accuracy: (0.7600)

Train Epoch: 44 [0/2500 (0%)]	Loss: 0.552294
Train Epoch: 44 [1280/2500 (50%)]	Loss: 0.568283

Test set: Average loss: 0.7447, Accuracy: (0.7240)

Train Epoch: 45 [0/2500 (0%)]	Loss: 0.482167
Train Epoch: 45 [1280/2500 (50%)]	Loss: 0.499220

Test set: Average loss: 0.6844, Accuracy: (0.7460)

Train Epoch: 46 [0/2500 (0%)]	Loss: 0.546525
Train Epoch: 46 [1280/2500 (50%)]	Loss: 0.436210

Test set: Average loss: 0.6724, Accuracy: (0.7460)

Train Epoch: 47 [0/2500 (0%)]	Loss: 0.398969
Train Epoch: 47 [1280/2500 (50%)]	Loss: 0.418303

Test set: Average loss: 0.6484, Accuracy: (0.7500)

Train Epoch: 48 [0/2500 (0%)]	Loss: 0.433198
Train Epoch: 48 [1280/2500 (50%)]	Loss: 0.403582

Test set: Average loss: 0.6666, Accuracy: (0.7600)

Train Epoch: 49 [0/2500 (0%)]	Loss: 0.369410
Train Epoch: 49 [1280/2500 (50%)]	Loss: 0.633567

Test set: Average loss: 0.6967, Accuracy: (0.7360)

Train Epoch: 50 [0/2500 (0%)]	Loss: 0.598753
Train Epoch: 50 [1280/2500 (50%)]	Loss: 0.676029

Test set: Average loss: 0.6599, Accuracy: (0.7600)

Train Epoch: 51 [0/2500 (0%)]	Loss: 0.478067
Train Epoch: 51 [1280/2500 (50%)]	Loss: 0.442751

Test set: Average loss: 0.7746, Accuracy: (0.7420)

Train Epoch: 52 [0/2500 (0%)]	Loss: 0.429657
Train Epoch: 52 [1280/2500 (50%)]	Loss: 0.478933

Test set: Average loss: 0.6697, Accuracy: (0.7620)

Train Epoch: 53 [0/2500 (0%)]	Loss: 0.496330
Train Epoch: 53 [1280/2500 (50%)]	Loss: 0.665715

Test set: Average loss: 0.6730, Accuracy: (0.7620)

Train Epoch: 54 [0/2500 (0%)]	Loss: 0.372096
Train Epoch: 54 [1280/2500 (50%)]	Loss: 0.376020

Test set: Average loss: 0.6558, Accuracy: (0.7660)

Train Epoch: 55 [0/2500 (0%)]	Loss: 0.531567
Train Epoch: 55 [1280/2500 (50%)]	Loss: 0.415199

Test set: Average loss: 0.6427, Accuracy: (0.7840)

Train Epoch: 56 [0/2500 (0%)]	Loss: 0.361862
Train Epoch: 56 [1280/2500 (50%)]	Loss: 0.429013

Test set: Average loss: 0.7279, Accuracy: (0.7380)

Train Epoch: 57 [0/2500 (0%)]	Loss: 0.531850
Train Epoch: 57 [1280/2500 (50%)]	Loss: 0.321326

Test set: Average loss: 0.6191, Accuracy: (0.7640)

Train Epoch: 58 [0/2500 (0%)]	Loss: 0.307810
Train Epoch: 58 [1280/2500 (50%)]	Loss: 0.321570

Test set: Average loss: 0.6678, Accuracy: (0.7740)

Train Epoch: 59 [0/2500 (0%)]	Loss: 0.425913
Train Epoch: 59 [1280/2500 (50%)]	Loss: 0.369972

Test set: Average loss: 0.6056, Accuracy: (0.7780)

Train Epoch: 60 [0/2500 (0%)]	Loss: 0.468208
Train Epoch: 60 [1280/2500 (50%)]	Loss: 0.458630

Test set: Average loss: 0.5870, Accuracy: (0.7920)

Train Epoch: 61 [0/2500 (0%)]	Loss: 0.356494
Train Epoch: 61 [1280/2500 (50%)]	Loss: 0.264417

Test set: Average loss: 0.6100, Accuracy: (0.7740)

Train Epoch: 62 [0/2500 (0%)]	Loss: 0.350244
Train Epoch: 62 [1280/2500 (50%)]	Loss: 0.486281

Test set: Average loss: 0.6010, Accuracy: (0.7680)

Train Epoch: 63 [0/2500 (0%)]	Loss: 0.471332
Train Epoch: 63 [1280/2500 (50%)]	Loss: 0.459124

Test set: Average loss: 0.5986, Accuracy: (0.7800)

Train Epoch: 64 [0/2500 (0%)]	Loss: 0.366393
Train Epoch: 64 [1280/2500 (50%)]	Loss: 0.574212

Test set: Average loss: 0.6589, Accuracy: (0.7740)

Train Epoch: 65 [0/2500 (0%)]	Loss: 0.315951
Train Epoch: 65 [1280/2500 (50%)]	Loss: 0.415473

Test set: Average loss: 0.6411, Accuracy: (0.7780)

Train Epoch: 66 [0/2500 (0%)]	Loss: 0.396651
Train Epoch: 66 [1280/2500 (50%)]	Loss: 0.342557

Test set: Average loss: 0.6828, Accuracy: (0.7660)

Train Epoch: 67 [0/2500 (0%)]	Loss: 0.376569
Train Epoch: 67 [1280/2500 (50%)]	Loss: 0.347225

Test set: Average loss: 0.6037, Accuracy: (0.7880)

Train Epoch: 68 [0/2500 (0%)]	Loss: 0.416673
Train Epoch: 68 [1280/2500 (50%)]	Loss: 0.347936

Test set: Average loss: 0.5398, Accuracy: (0.7860)

Train Epoch: 69 [0/2500 (0%)]	Loss: 0.303117
Train Epoch: 69 [1280/2500 (50%)]	Loss: 0.426909

Test set: Average loss: 0.5598, Accuracy: (0.7740)

Train Epoch: 70 [0/2500 (0%)]	Loss: 0.327904
Train Epoch: 70 [1280/2500 (50%)]	Loss: 0.452810

Test set: Average loss: 0.6521, Accuracy: (0.7820)

Train Epoch: 71 [0/2500 (0%)]	Loss: 0.297636
Train Epoch: 71 [1280/2500 (50%)]	Loss: 0.389875

Test set: Average loss: 0.5692, Accuracy: (0.8080)

Train Epoch: 72 [0/2500 (0%)]	Loss: 0.412735
Train Epoch: 72 [1280/2500 (50%)]	Loss: 0.404134

Test set: Average loss: 0.5563, Accuracy: (0.8100)

Train Epoch: 73 [0/2500 (0%)]	Loss: 0.327302
Train Epoch: 73 [1280/2500 (50%)]	Loss: 0.280301

Test set: Average loss: 0.6136, Accuracy: (0.7800)

Train Epoch: 74 [0/2500 (0%)]	Loss: 0.280370
Train Epoch: 74 [1280/2500 (50%)]	Loss: 0.386273

Test set: Average loss: 0.6645, Accuracy: (0.7780)

Train Epoch: 75 [0/2500 (0%)]	Loss: 0.324377
Train Epoch: 75 [1280/2500 (50%)]	Loss: 0.322345

Test set: Average loss: 0.6304, Accuracy: (0.7720)

Train Epoch: 76 [0/2500 (0%)]	Loss: 0.346580
Train Epoch: 76 [1280/2500 (50%)]	Loss: 0.292641

Test set: Average loss: 0.6033, Accuracy: (0.7920)

Train Epoch: 77 [0/2500 (0%)]	Loss: 0.338637
Train Epoch: 77 [1280/2500 (50%)]	Loss: 0.385055

Test set: Average loss: 0.6421, Accuracy: (0.7760)

Train Epoch: 78 [0/2500 (0%)]	Loss: 0.288386
Train Epoch: 78 [1280/2500 (50%)]	Loss: 0.373812

Test set: Average loss: 0.6484, Accuracy: (0.7640)

Train Epoch: 79 [0/2500 (0%)]	Loss: 0.278983
Train Epoch: 79 [1280/2500 (50%)]	Loss: 0.262970

Test set: Average loss: 0.6043, Accuracy: (0.7720)

Train Epoch: 80 [0/2500 (0%)]	Loss: 0.249691
Train Epoch: 80 [1280/2500 (50%)]	Loss: 0.458075

Test set: Average loss: 0.6406, Accuracy: (0.7880)

Train Epoch: 81 [0/2500 (0%)]	Loss: 0.328852
Train Epoch: 81 [1280/2500 (50%)]	Loss: 0.500079

Test set: Average loss: 0.5588, Accuracy: (0.7940)

Train Epoch: 82 [0/2500 (0%)]	Loss: 0.397758
Train Epoch: 82 [1280/2500 (50%)]	Loss: 0.420444

Test set: Average loss: 0.6638, Accuracy: (0.7800)

Train Epoch: 83 [0/2500 (0%)]	Loss: 0.401594
Train Epoch: 83 [1280/2500 (50%)]	Loss: 0.321718

Test set: Average loss: 0.6425, Accuracy: (0.7740)

Train Epoch: 84 [0/2500 (0%)]	Loss: 0.268513
Train Epoch: 84 [1280/2500 (50%)]	Loss: 0.285321

Test set: Average loss: 0.6411, Accuracy: (0.7760)

Train Epoch: 85 [0/2500 (0%)]	Loss: 0.341107
Train Epoch: 85 [1280/2500 (50%)]	Loss: 0.321841

Test set: Average loss: 0.6610, Accuracy: (0.7640)

Train Epoch: 86 [0/2500 (0%)]	Loss: 0.293942
Train Epoch: 86 [1280/2500 (50%)]	Loss: 0.474228

Test set: Average loss: 0.6010, Accuracy: (0.7820)

Train Epoch: 87 [0/2500 (0%)]	Loss: 0.279112
Train Epoch: 87 [1280/2500 (50%)]	Loss: 0.305037

Test set: Average loss: 0.6226, Accuracy: (0.7760)

Train Epoch: 88 [0/2500 (0%)]	Loss: 0.285273
Train Epoch: 88 [1280/2500 (50%)]	Loss: 0.307337

Test set: Average loss: 0.6236, Accuracy: (0.7760)

Train Epoch: 89 [0/2500 (0%)]	Loss: 0.250932
Train Epoch: 89 [1280/2500 (50%)]	Loss: 0.303607

Test set: Average loss: 0.6538, Accuracy: (0.7840)

Train Epoch: 90 [0/2500 (0%)]	Loss: 0.303209
Train Epoch: 90 [1280/2500 (50%)]	Loss: 0.294844

Test set: Average loss: 0.6308, Accuracy: (0.7760)

Train Epoch: 91 [0/2500 (0%)]	Loss: 0.240243
Train Epoch: 91 [1280/2500 (50%)]	Loss: 0.356527

Test set: Average loss: 0.5981, Accuracy: (0.7800)

Train Epoch: 92 [0/2500 (0%)]	Loss: 0.280594
Train Epoch: 92 [1280/2500 (50%)]	Loss: 0.414761

Test set: Average loss: 0.6510, Accuracy: (0.7900)

Train Epoch: 93 [0/2500 (0%)]	Loss: 0.276859
Train Epoch: 93 [1280/2500 (50%)]	Loss: 0.370969

Test set: Average loss: 0.5868, Accuracy: (0.7980)

Train Epoch: 94 [0/2500 (0%)]	Loss: 0.237688
Train Epoch: 94 [1280/2500 (50%)]	Loss: 0.272714

Test set: Average loss: 0.6210, Accuracy: (0.7980)

Train Epoch: 95 [0/2500 (0%)]	Loss: 0.310339
Train Epoch: 95 [1280/2500 (50%)]	Loss: 0.317249

Test set: Average loss: 0.6096, Accuracy: (0.7900)

Train Epoch: 96 [0/2500 (0%)]	Loss: 0.284055
Train Epoch: 96 [1280/2500 (50%)]	Loss: 0.307359

Test set: Average loss: 0.6142, Accuracy: (0.7940)

Train Epoch: 97 [0/2500 (0%)]	Loss: 0.273558
Train Epoch: 97 [1280/2500 (50%)]	Loss: 0.318722

Test set: Average loss: 0.6414, Accuracy: (0.7840)

Train Epoch: 98 [0/2500 (0%)]	Loss: 0.292302
Train Epoch: 98 [1280/2500 (50%)]	Loss: 0.315194

Test set: Average loss: 0.6576, Accuracy: (0.7660)

Train Epoch: 99 [0/2500 (0%)]	Loss: 0.290465
Train Epoch: 99 [1280/2500 (50%)]	Loss: 0.385625

Test set: Average loss: 0.5868, Accuracy: (0.8080)

Train Epoch: 100 [0/2500 (0%)]	Loss: 0.289537
Train Epoch: 100 [1280/2500 (50%)]	Loss: 0.274092

Test set: Average loss: 0.5716, Accuracy: (0.8060)

Train Epoch: 101 [0/2500 (0%)]	Loss: 0.225379
Train Epoch: 101 [1280/2500 (50%)]	Loss: 0.350966

Test set: Average loss: 0.6055, Accuracy: (0.7980)

Train Epoch: 102 [0/2500 (0%)]	Loss: 0.319525
Train Epoch: 102 [1280/2500 (50%)]	Loss: 0.499613

Test set: Average loss: 0.5939, Accuracy: (0.7780)

Train Epoch: 103 [0/2500 (0%)]	Loss: 0.266081
Train Epoch: 103 [1280/2500 (50%)]	Loss: 0.336409

Test set: Average loss: 0.6187, Accuracy: (0.7760)

Train Epoch: 104 [0/2500 (0%)]	Loss: 0.290536
Train Epoch: 104 [1280/2500 (50%)]	Loss: 0.302402

Test set: Average loss: 0.5934, Accuracy: (0.7840)

Train Epoch: 105 [0/2500 (0%)]	Loss: 0.265670
Train Epoch: 105 [1280/2500 (50%)]	Loss: 0.291050

Test set: Average loss: 0.6394, Accuracy: (0.7840)

Train Epoch: 106 [0/2500 (0%)]	Loss: 0.225459
Train Epoch: 106 [1280/2500 (50%)]	Loss: 0.267345

Test set: Average loss: 0.5960, Accuracy: (0.7900)

Train Epoch: 107 [0/2500 (0%)]	Loss: 0.203574
Train Epoch: 107 [1280/2500 (50%)]	Loss: 0.331229

Test set: Average loss: 0.5824, Accuracy: (0.8080)

Train Epoch: 108 [0/2500 (0%)]	Loss: 0.235186
Train Epoch: 108 [1280/2500 (50%)]	Loss: 0.287415

Test set: Average loss: 0.5936, Accuracy: (0.7960)

Train Epoch: 109 [0/2500 (0%)]	Loss: 0.292487
Train Epoch: 109 [1280/2500 (50%)]	Loss: 0.333212

Test set: Average loss: 0.5798, Accuracy: (0.7800)

Train Epoch: 110 [0/2500 (0%)]	Loss: 0.284409
Train Epoch: 110 [1280/2500 (50%)]	Loss: 0.394034

Test set: Average loss: 0.5339, Accuracy: (0.8060)

Train Epoch: 111 [0/2500 (0%)]	Loss: 0.284014
Train Epoch: 111 [1280/2500 (50%)]	Loss: 0.180379

Test set: Average loss: 0.6299, Accuracy: (0.7760)

Train Epoch: 112 [0/2500 (0%)]	Loss: 0.285858
Train Epoch: 112 [1280/2500 (50%)]	Loss: 0.355162

Test set: Average loss: 0.6018, Accuracy: (0.7720)

Train Epoch: 113 [0/2500 (0%)]	Loss: 0.292480
Train Epoch: 113 [1280/2500 (50%)]	Loss: 0.217354

Test set: Average loss: 0.5736, Accuracy: (0.7980)

Train Epoch: 114 [0/2500 (0%)]	Loss: 0.313660
Train Epoch: 114 [1280/2500 (50%)]	Loss: 0.329122

Test set: Average loss: 0.6162, Accuracy: (0.8080)

Train Epoch: 115 [0/2500 (0%)]	Loss: 0.210756
Train Epoch: 115 [1280/2500 (50%)]	Loss: 0.346936

Test set: Average loss: 0.6880, Accuracy: (0.7700)

Train Epoch: 116 [0/2500 (0%)]	Loss: 0.360794
Train Epoch: 116 [1280/2500 (50%)]	Loss: 0.268264

Test set: Average loss: 0.5194, Accuracy: (0.8060)

Train Epoch: 117 [0/2500 (0%)]	Loss: 0.210054
Train Epoch: 117 [1280/2500 (50%)]	Loss: 0.194318

Test set: Average loss: 0.6697, Accuracy: (0.7840)

Train Epoch: 118 [0/2500 (0%)]	Loss: 0.241725
Train Epoch: 118 [1280/2500 (50%)]	Loss: 0.322961

Test set: Average loss: 0.6094, Accuracy: (0.8020)

Train Epoch: 119 [0/2500 (0%)]	Loss: 0.245379
Train Epoch: 119 [1280/2500 (50%)]	Loss: 0.253387

Test set: Average loss: 0.5691, Accuracy: (0.8080)

Train Epoch: 120 [0/2500 (0%)]	Loss: 0.214433
Train Epoch: 120 [1280/2500 (50%)]	Loss: 0.249423

Test set: Average loss: 0.5558, Accuracy: (0.8160)

Train Epoch: 121 [0/2500 (0%)]	Loss: 0.231619
Train Epoch: 121 [1280/2500 (50%)]	Loss: 0.258559

Test set: Average loss: 0.5384, Accuracy: (0.7960)

Train Epoch: 122 [0/2500 (0%)]	Loss: 0.299347
Train Epoch: 122 [1280/2500 (50%)]	Loss: 0.213567

Test set: Average loss: 0.5433, Accuracy: (0.7980)

Train Epoch: 123 [0/2500 (0%)]	Loss: 0.237053
Train Epoch: 123 [1280/2500 (50%)]	Loss: 0.265608

Test set: Average loss: 0.5908, Accuracy: (0.7900)

Train Epoch: 124 [0/2500 (0%)]	Loss: 0.244859
Train Epoch: 124 [1280/2500 (50%)]	Loss: 0.255359

Test set: Average loss: 0.6485, Accuracy: (0.7840)

Train Epoch: 125 [0/2500 (0%)]	Loss: 0.296627
Train Epoch: 125 [1280/2500 (50%)]	Loss: 0.349679

Test set: Average loss: 0.6256, Accuracy: (0.7860)

Train Epoch: 126 [0/2500 (0%)]	Loss: 0.266215
Train Epoch: 126 [1280/2500 (50%)]	Loss: 0.291784

Test set: Average loss: 0.5910, Accuracy: (0.7900)

Train Epoch: 127 [0/2500 (0%)]	Loss: 0.303398
Train Epoch: 127 [1280/2500 (50%)]	Loss: 0.305455

Test set: Average loss: 0.5962, Accuracy: (0.7940)

Train Epoch: 128 [0/2500 (0%)]	Loss: 0.296313
Train Epoch: 128 [1280/2500 (50%)]	Loss: 0.157010

Test set: Average loss: 0.6060, Accuracy: (0.7980)

Train Epoch: 129 [0/2500 (0%)]	Loss: 0.249726
Train Epoch: 129 [1280/2500 (50%)]	Loss: 0.361211

Test set: Average loss: 0.6734, Accuracy: (0.7700)

Train Epoch: 130 [0/2500 (0%)]	Loss: 0.276821
Train Epoch: 130 [1280/2500 (50%)]	Loss: 0.347215

Test set: Average loss: 0.5399, Accuracy: (0.7880)

Train Epoch: 131 [0/2500 (0%)]	Loss: 0.195321
Train Epoch: 131 [1280/2500 (50%)]	Loss: 0.184153

Test set: Average loss: 0.5532, Accuracy: (0.8000)

Train Epoch: 132 [0/2500 (0%)]	Loss: 0.216418
Train Epoch: 132 [1280/2500 (50%)]	Loss: 0.245081

Test set: Average loss: 0.6094, Accuracy: (0.8160)

Train Epoch: 133 [0/2500 (0%)]	Loss: 0.245095
Train Epoch: 133 [1280/2500 (50%)]	Loss: 0.241046

Test set: Average loss: 0.6100, Accuracy: (0.7920)

Train Epoch: 134 [0/2500 (0%)]	Loss: 0.285814
Train Epoch: 134 [1280/2500 (50%)]	Loss: 0.355166

Test set: Average loss: 0.5749, Accuracy: (0.7900)

Train Epoch: 135 [0/2500 (0%)]	Loss: 0.286329
Train Epoch: 135 [1280/2500 (50%)]	Loss: 0.271513

Test set: Average loss: 0.6119, Accuracy: (0.7940)

Train Epoch: 136 [0/2500 (0%)]	Loss: 0.223358
Train Epoch: 136 [1280/2500 (50%)]	Loss: 0.256741

Test set: Average loss: 0.6265, Accuracy: (0.8040)

Train Epoch: 137 [0/2500 (0%)]	Loss: 0.203864
Train Epoch: 137 [1280/2500 (50%)]	Loss: 0.221254

Test set: Average loss: 0.6564, Accuracy: (0.7860)

Train Epoch: 138 [0/2500 (0%)]	Loss: 0.224504
Train Epoch: 138 [1280/2500 (50%)]	Loss: 0.226678

Test set: Average loss: 0.5729, Accuracy: (0.8060)

Train Epoch: 139 [0/2500 (0%)]	Loss: 0.193413
Train Epoch: 139 [1280/2500 (50%)]	Loss: 0.233767

Test set: Average loss: 0.6620, Accuracy: (0.7940)

Train Epoch: 140 [0/2500 (0%)]	Loss: 0.188064
Train Epoch: 140 [1280/2500 (50%)]	Loss: 0.199147

Test set: Average loss: 0.6738, Accuracy: (0.7900)

Train Epoch: 141 [0/2500 (0%)]	Loss: 0.171469
Train Epoch: 141 [1280/2500 (50%)]	Loss: 0.243170

Test set: Average loss: 0.5969, Accuracy: (0.7900)

Train Epoch: 142 [0/2500 (0%)]	Loss: 0.219107
Train Epoch: 142 [1280/2500 (50%)]	Loss: 0.215371

Test set: Average loss: 0.6197, Accuracy: (0.7900)

Train Epoch: 143 [0/2500 (0%)]	Loss: 0.149012
Train Epoch: 143 [1280/2500 (50%)]	Loss: 0.258380

Test set: Average loss: 0.6704, Accuracy: (0.7760)

Train Epoch: 144 [0/2500 (0%)]	Loss: 0.220162
Train Epoch: 144 [1280/2500 (50%)]	Loss: 0.311635

Test set: Average loss: 0.6329, Accuracy: (0.7860)

Train Epoch: 145 [0/2500 (0%)]	Loss: 0.286925
Train Epoch: 145 [1280/2500 (50%)]	Loss: 0.179401

Test set: Average loss: 0.6624, Accuracy: (0.7780)

Train Epoch: 146 [0/2500 (0%)]	Loss: 0.238135
Train Epoch: 146 [1280/2500 (50%)]	Loss: 0.322959

Test set: Average loss: 0.6262, Accuracy: (0.7840)

Train Epoch: 147 [0/2500 (0%)]	Loss: 0.285524
Train Epoch: 147 [1280/2500 (50%)]	Loss: 0.215231

Test set: Average loss: 0.5636, Accuracy: (0.8080)

Train Epoch: 148 [0/2500 (0%)]	Loss: 0.214493
Train Epoch: 148 [1280/2500 (50%)]	Loss: 0.333852

Test set: Average loss: 0.6291, Accuracy: (0.7840)

Train Epoch: 149 [0/2500 (0%)]	Loss: 0.206310
Train Epoch: 149 [1280/2500 (50%)]	Loss: 0.102917

Test set: Average loss: 0.6277, Accuracy: (0.7880)

Train Epoch: 150 [0/2500 (0%)]	Loss: 0.250896
Train Epoch: 150 [1280/2500 (50%)]	Loss: 0.208107

Test set: Average loss: 0.6375, Accuracy: (0.7900)

Train Epoch: 151 [0/2500 (0%)]	Loss: 0.189395
Train Epoch: 151 [1280/2500 (50%)]	Loss: 0.243952

Test set: Average loss: 0.5714, Accuracy: (0.8040)

Train Epoch: 152 [0/2500 (0%)]	Loss: 0.269802
Train Epoch: 152 [1280/2500 (50%)]	Loss: 0.191510

Test set: Average loss: 0.6640, Accuracy: (0.7700)

Train Epoch: 153 [0/2500 (0%)]	Loss: 0.247038
Train Epoch: 153 [1280/2500 (50%)]	Loss: 0.295405

Test set: Average loss: 0.5988, Accuracy: (0.7980)

Train Epoch: 154 [0/2500 (0%)]	Loss: 0.201478
Train Epoch: 154 [1280/2500 (50%)]	Loss: 0.246219

Test set: Average loss: 0.6558, Accuracy: (0.7860)

Train Epoch: 155 [0/2500 (0%)]	Loss: 0.318969
Train Epoch: 155 [1280/2500 (50%)]	Loss: 0.190195

Test set: Average loss: 0.6411, Accuracy: (0.8020)

Train Epoch: 156 [0/2500 (0%)]	Loss: 0.244163
Train Epoch: 156 [1280/2500 (50%)]	Loss: 0.185336

Test set: Average loss: 0.6483, Accuracy: (0.7880)

Train Epoch: 157 [0/2500 (0%)]	Loss: 0.246912
Train Epoch: 157 [1280/2500 (50%)]	Loss: 0.211653

Test set: Average loss: 0.5874, Accuracy: (0.8120)

Train Epoch: 158 [0/2500 (0%)]	Loss: 0.095967
Train Epoch: 158 [1280/2500 (50%)]	Loss: 0.264202

Test set: Average loss: 0.5862, Accuracy: (0.8040)

Train Epoch: 159 [0/2500 (0%)]	Loss: 0.159090
Train Epoch: 159 [1280/2500 (50%)]	Loss: 0.208554

Test set: Average loss: 0.6443, Accuracy: (0.8000)

Train Epoch: 160 [0/2500 (0%)]	Loss: 0.241053
Train Epoch: 160 [1280/2500 (50%)]	Loss: 0.153433

Test set: Average loss: 0.6248, Accuracy: (0.7980)

Train Epoch: 161 [0/2500 (0%)]	Loss: 0.187979
Train Epoch: 161 [1280/2500 (50%)]	Loss: 0.197111

Test set: Average loss: 0.6182, Accuracy: (0.8100)

Train Epoch: 162 [0/2500 (0%)]	Loss: 0.175780
Train Epoch: 162 [1280/2500 (50%)]	Loss: 0.237730

Test set: Average loss: 0.6328, Accuracy: (0.7920)

Train Epoch: 163 [0/2500 (0%)]	Loss: 0.144500
Train Epoch: 163 [1280/2500 (50%)]	Loss: 0.192609

Test set: Average loss: 0.6838, Accuracy: (0.7920)

Train Epoch: 164 [0/2500 (0%)]	Loss: 0.206741
Train Epoch: 164 [1280/2500 (50%)]	Loss: 0.085280

Test set: Average loss: 0.6043, Accuracy: (0.8000)

Train Epoch: 165 [0/2500 (0%)]	Loss: 0.234239
Train Epoch: 165 [1280/2500 (50%)]	Loss: 0.183380

Test set: Average loss: 0.6104, Accuracy: (0.8180)

Train Epoch: 166 [0/2500 (0%)]	Loss: 0.167261
Train Epoch: 166 [1280/2500 (50%)]	Loss: 0.198460

Test set: Average loss: 0.6752, Accuracy: (0.7860)

Train Epoch: 167 [0/2500 (0%)]	Loss: 0.185575
Train Epoch: 167 [1280/2500 (50%)]	Loss: 0.305785

Test set: Average loss: 0.5832, Accuracy: (0.8000)

Train Epoch: 168 [0/2500 (0%)]	Loss: 0.114964
Train Epoch: 168 [1280/2500 (50%)]	Loss: 0.101534

Test set: Average loss: 0.6009, Accuracy: (0.8000)

Train Epoch: 169 [0/2500 (0%)]	Loss: 0.163523
Train Epoch: 169 [1280/2500 (50%)]	Loss: 0.155175

Test set: Average loss: 0.6465, Accuracy: (0.7940)

Train Epoch: 170 [0/2500 (0%)]	Loss: 0.147484
Train Epoch: 170 [1280/2500 (50%)]	Loss: 0.143352

Test set: Average loss: 0.6277, Accuracy: (0.7960)

Train Epoch: 171 [0/2500 (0%)]	Loss: 0.173240
Train Epoch: 171 [1280/2500 (50%)]	Loss: 0.170616

Test set: Average loss: 0.6088, Accuracy: (0.8340)

Train Epoch: 172 [0/2500 (0%)]	Loss: 0.219817
Train Epoch: 172 [1280/2500 (50%)]	Loss: 0.162810

Test set: Average loss: 0.6025, Accuracy: (0.8020)

Train Epoch: 173 [0/2500 (0%)]	Loss: 0.141739
Train Epoch: 173 [1280/2500 (50%)]	Loss: 0.179517

Test set: Average loss: 0.6546, Accuracy: (0.7780)

Train Epoch: 174 [0/2500 (0%)]	Loss: 0.135112
Train Epoch: 174 [1280/2500 (50%)]	Loss: 0.188310

Test set: Average loss: 0.7077, Accuracy: (0.7960)

Train Epoch: 175 [0/2500 (0%)]	Loss: 0.158373
Train Epoch: 175 [1280/2500 (50%)]	Loss: 0.149543

Test set: Average loss: 0.6135, Accuracy: (0.7860)

Train Epoch: 176 [0/2500 (0%)]	Loss: 0.288066
Train Epoch: 176 [1280/2500 (50%)]	Loss: 0.167798

Test set: Average loss: 0.6527, Accuracy: (0.8100)

Train Epoch: 177 [0/2500 (0%)]	Loss: 0.124888
Train Epoch: 177 [1280/2500 (50%)]	Loss: 0.204195

Test set: Average loss: 0.6722, Accuracy: (0.7840)

Train Epoch: 178 [0/2500 (0%)]	Loss: 0.148156
Train Epoch: 178 [1280/2500 (50%)]	Loss: 0.135846

Test set: Average loss: 0.5798, Accuracy: (0.8100)

Train Epoch: 179 [0/2500 (0%)]	Loss: 0.153045
Train Epoch: 179 [1280/2500 (50%)]	Loss: 0.149647

Test set: Average loss: 0.5888, Accuracy: (0.8020)

Train Epoch: 180 [0/2500 (0%)]	Loss: 0.172286
Train Epoch: 180 [1280/2500 (50%)]	Loss: 0.088805

Test set: Average loss: 0.6776, Accuracy: (0.7760)

Train Epoch: 181 [0/2500 (0%)]	Loss: 0.144855
Train Epoch: 181 [1280/2500 (50%)]	Loss: 0.167781

Test set: Average loss: 0.6124, Accuracy: (0.8000)

Train Epoch: 182 [0/2500 (0%)]	Loss: 0.125876
Train Epoch: 182 [1280/2500 (50%)]	Loss: 0.214642

Test set: Average loss: 0.6617, Accuracy: (0.7980)

Train Epoch: 183 [0/2500 (0%)]	Loss: 0.169975
Train Epoch: 183 [1280/2500 (50%)]	Loss: 0.176890

Test set: Average loss: 0.6286, Accuracy: (0.8180)

Train Epoch: 184 [0/2500 (0%)]	Loss: 0.129779
Train Epoch: 184 [1280/2500 (50%)]	Loss: 0.220674

Test set: Average loss: 0.6671, Accuracy: (0.7840)

Train Epoch: 185 [0/2500 (0%)]	Loss: 0.163322
Train Epoch: 185 [1280/2500 (50%)]	Loss: 0.097142

Test set: Average loss: 0.6840, Accuracy: (0.7700)

Train Epoch: 186 [0/2500 (0%)]	Loss: 0.159843
Train Epoch: 186 [1280/2500 (50%)]	Loss: 0.106445

Test set: Average loss: 0.6347, Accuracy: (0.7780)

Train Epoch: 187 [0/2500 (0%)]	Loss: 0.197012
Train Epoch: 187 [1280/2500 (50%)]	Loss: 0.115156

Test set: Average loss: 0.6494, Accuracy: (0.7900)

Train Epoch: 188 [0/2500 (0%)]	Loss: 0.161423
Train Epoch: 188 [1280/2500 (50%)]	Loss: 0.220051

Test set: Average loss: 0.7187, Accuracy: (0.8040)

Train Epoch: 189 [0/2500 (0%)]	Loss: 0.159721
Train Epoch: 189 [1280/2500 (50%)]	Loss: 0.201304

Test set: Average loss: 0.6763, Accuracy: (0.7900)

Train Epoch: 190 [0/2500 (0%)]	Loss: 0.226825
Train Epoch: 190 [1280/2500 (50%)]	Loss: 0.124712

Test set: Average loss: 0.6859, Accuracy: (0.7740)

Train Epoch: 191 [0/2500 (0%)]	Loss: 0.116551
Train Epoch: 191 [1280/2500 (50%)]	Loss: 0.099442

Test set: Average loss: 0.6579, Accuracy: (0.7980)

Train Epoch: 192 [0/2500 (0%)]	Loss: 0.142775
Train Epoch: 192 [1280/2500 (50%)]	Loss: 0.156313

Test set: Average loss: 0.7153, Accuracy: (0.7840)

Train Epoch: 193 [0/2500 (0%)]	Loss: 0.186271
Train Epoch: 193 [1280/2500 (50%)]	Loss: 0.113745

Test set: Average loss: 0.7138, Accuracy: (0.7840)

Train Epoch: 194 [0/2500 (0%)]	Loss: 0.143183
Train Epoch: 194 [1280/2500 (50%)]	Loss: 0.149406

Test set: Average loss: 0.6660, Accuracy: (0.7920)

Train Epoch: 195 [0/2500 (0%)]	Loss: 0.137881
Train Epoch: 195 [1280/2500 (50%)]	Loss: 0.123551

Test set: Average loss: 0.7154, Accuracy: (0.7960)

Train Epoch: 196 [0/2500 (0%)]	Loss: 0.233599
Train Epoch: 196 [1280/2500 (50%)]	Loss: 0.184185

Test set: Average loss: 0.6513, Accuracy: (0.7880)

Train Epoch: 197 [0/2500 (0%)]	Loss: 0.195118
Train Epoch: 197 [1280/2500 (50%)]	Loss: 0.175006

Test set: Average loss: 0.6289, Accuracy: (0.7980)

Train Epoch: 198 [0/2500 (0%)]	Loss: 0.163992
Train Epoch: 198 [1280/2500 (50%)]	Loss: 0.085968

Test set: Average loss: 0.6718, Accuracy: (0.7900)

Train Epoch: 199 [0/2500 (0%)]	Loss: 0.189543
Train Epoch: 199 [1280/2500 (50%)]	Loss: 0.066896

Test set: Average loss: 0.6070, Accuracy: (0.8100)

Train Epoch: 200 [0/2500 (0%)]	Loss: 0.079850
Train Epoch: 200 [1280/2500 (50%)]	Loss: 0.146461

Test set: Average loss: 0.6794, Accuracy: (0.7840)

Train Epoch: 201 [0/2500 (0%)]	Loss: 0.167353
Train Epoch: 201 [1280/2500 (50%)]	Loss: 0.206993

Test set: Average loss: 0.6804, Accuracy: (0.8040)

Train Epoch: 202 [0/2500 (0%)]	Loss: 0.084794
Train Epoch: 202 [1280/2500 (50%)]	Loss: 0.095298

Test set: Average loss: 0.6713, Accuracy: (0.7900)

Train Epoch: 203 [0/2500 (0%)]	Loss: 0.107849
Train Epoch: 203 [1280/2500 (50%)]	Loss: 0.122193

Test set: Average loss: 0.6789, Accuracy: (0.7940)

Train Epoch: 204 [0/2500 (0%)]	Loss: 0.174641
Train Epoch: 204 [1280/2500 (50%)]	Loss: 0.100624

Test set: Average loss: 0.6703, Accuracy: (0.7940)

Train Epoch: 205 [0/2500 (0%)]	Loss: 0.100849
Train Epoch: 205 [1280/2500 (50%)]	Loss: 0.101978

Test set: Average loss: 0.6961, Accuracy: (0.7920)

Train Epoch: 206 [0/2500 (0%)]	Loss: 0.110841
Train Epoch: 206 [1280/2500 (50%)]	Loss: 0.143086

Test set: Average loss: 0.6205, Accuracy: (0.8000)

Train Epoch: 207 [0/2500 (0%)]	Loss: 0.109329
Train Epoch: 207 [1280/2500 (50%)]	Loss: 0.129213

Test set: Average loss: 0.6874, Accuracy: (0.7900)

Train Epoch: 208 [0/2500 (0%)]	Loss: 0.088707
Train Epoch: 208 [1280/2500 (50%)]	Loss: 0.130527

Test set: Average loss: 0.7210, Accuracy: (0.7840)

Train Epoch: 209 [0/2500 (0%)]	Loss: 0.155798
Train Epoch: 209 [1280/2500 (50%)]	Loss: 0.081104

Test set: Average loss: 0.6829, Accuracy: (0.7740)

Train Epoch: 210 [0/2500 (0%)]	Loss: 0.085510
Train Epoch: 210 [1280/2500 (50%)]	Loss: 0.147052

Test set: Average loss: 0.6633, Accuracy: (0.7860)

Train Epoch: 211 [0/2500 (0%)]	Loss: 0.160993
Train Epoch: 211 [1280/2500 (50%)]	Loss: 0.056956

Test set: Average loss: 0.6642, Accuracy: (0.7980)

Train Epoch: 212 [0/2500 (0%)]	Loss: 0.134374
Train Epoch: 212 [1280/2500 (50%)]	Loss: 0.116922

Test set: Average loss: 0.7605, Accuracy: (0.7860)

Train Epoch: 213 [0/2500 (0%)]	Loss: 0.057640
Train Epoch: 213 [1280/2500 (50%)]	Loss: 0.089183

Test set: Average loss: 0.6412, Accuracy: (0.8100)

Train Epoch: 214 [0/2500 (0%)]	Loss: 0.167472
Train Epoch: 214 [1280/2500 (50%)]	Loss: 0.114372

Test set: Average loss: 0.6121, Accuracy: (0.8140)

Train Epoch: 215 [0/2500 (0%)]	Loss: 0.042718
Train Epoch: 215 [1280/2500 (50%)]	Loss: 0.110896

Test set: Average loss: 0.6302, Accuracy: (0.8040)

Train Epoch: 216 [0/2500 (0%)]	Loss: 0.082596
Train Epoch: 216 [1280/2500 (50%)]	Loss: 0.108113

Test set: Average loss: 0.6827, Accuracy: (0.7900)

Train Epoch: 217 [0/2500 (0%)]	Loss: 0.125152
Train Epoch: 217 [1280/2500 (50%)]	Loss: 0.087631

Test set: Average loss: 0.7084, Accuracy: (0.7880)

Train Epoch: 218 [0/2500 (0%)]	Loss: 0.094423
Train Epoch: 218 [1280/2500 (50%)]	Loss: 0.105770

Test set: Average loss: 0.6561, Accuracy: (0.8020)

Train Epoch: 219 [0/2500 (0%)]	Loss: 0.077148
Train Epoch: 219 [1280/2500 (50%)]	Loss: 0.079157

Test set: Average loss: 0.7146, Accuracy: (0.7860)

Train Epoch: 220 [0/2500 (0%)]	Loss: 0.061260
Train Epoch: 220 [1280/2500 (50%)]	Loss: 0.113740

Test set: Average loss: 0.7685, Accuracy: (0.7720)

Train Epoch: 221 [0/2500 (0%)]	Loss: 0.080388
Train Epoch: 221 [1280/2500 (50%)]	Loss: 0.104390

Test set: Average loss: 0.6988, Accuracy: (0.7860)

Train Epoch: 222 [0/2500 (0%)]	Loss: 0.118812
Train Epoch: 222 [1280/2500 (50%)]	Loss: 0.140807

Test set: Average loss: 0.6966, Accuracy: (0.7780)

Train Epoch: 223 [0/2500 (0%)]	Loss: 0.107044
Train Epoch: 223 [1280/2500 (50%)]	Loss: 0.074810

Test set: Average loss: 0.7268, Accuracy: (0.7820)

Train Epoch: 224 [0/2500 (0%)]	Loss: 0.067142
Train Epoch: 224 [1280/2500 (50%)]	Loss: 0.129068

Test set: Average loss: 0.6474, Accuracy: (0.8080)

Train Epoch: 225 [0/2500 (0%)]	Loss: 0.047696
Train Epoch: 225 [1280/2500 (50%)]	Loss: 0.144106

Test set: Average loss: 0.6998, Accuracy: (0.7760)

Train Epoch: 226 [0/2500 (0%)]	Loss: 0.061894
Train Epoch: 226 [1280/2500 (50%)]	Loss: 0.090542

Test set: Average loss: 0.6472, Accuracy: (0.8000)

Train Epoch: 227 [0/2500 (0%)]	Loss: 0.067282
Train Epoch: 227 [1280/2500 (50%)]	Loss: 0.077225

Test set: Average loss: 0.6988, Accuracy: (0.8040)

Train Epoch: 228 [0/2500 (0%)]	Loss: 0.057194
Train Epoch: 228 [1280/2500 (50%)]	Loss: 0.107821

Test set: Average loss: 0.6795, Accuracy: (0.7820)

Train Epoch: 229 [0/2500 (0%)]	Loss: 0.098927
Train Epoch: 229 [1280/2500 (50%)]	Loss: 0.056469

Test set: Average loss: 0.6734, Accuracy: (0.8180)

Train Epoch: 230 [0/2500 (0%)]	Loss: 0.082936
Train Epoch: 230 [1280/2500 (50%)]	Loss: 0.051090

Test set: Average loss: 0.6724, Accuracy: (0.8060)

Train Epoch: 231 [0/2500 (0%)]	Loss: 0.067766
Train Epoch: 231 [1280/2500 (50%)]	Loss: 0.117140

Test set: Average loss: 0.6593, Accuracy: (0.8040)

Train Epoch: 232 [0/2500 (0%)]	Loss: 0.053422
Train Epoch: 232 [1280/2500 (50%)]	Loss: 0.082598

Test set: Average loss: 0.6388, Accuracy: (0.7880)

Train Epoch: 233 [0/2500 (0%)]	Loss: 0.052969
Train Epoch: 233 [1280/2500 (50%)]	Loss: 0.098733

Test set: Average loss: 0.6715, Accuracy: (0.8000)

Train Epoch: 234 [0/2500 (0%)]	Loss: 0.057623
Train Epoch: 234 [1280/2500 (50%)]	Loss: 0.064699

Test set: Average loss: 0.6694, Accuracy: (0.8000)

Train Epoch: 235 [0/2500 (0%)]	Loss: 0.077916
Train Epoch: 235 [1280/2500 (50%)]	Loss: 0.076865

Test set: Average loss: 0.6522, Accuracy: (0.8180)

Train Epoch: 236 [0/2500 (0%)]	Loss: 0.067604
Train Epoch: 236 [1280/2500 (50%)]	Loss: 0.077389

Test set: Average loss: 0.6594, Accuracy: (0.8040)

Train Epoch: 237 [0/2500 (0%)]	Loss: 0.057114
Train Epoch: 237 [1280/2500 (50%)]	Loss: 0.090366

Test set: Average loss: 0.6580, Accuracy: (0.8200)

Train Epoch: 238 [0/2500 (0%)]	Loss: 0.070292
Train Epoch: 238 [1280/2500 (50%)]	Loss: 0.057924

Test set: Average loss: 0.6493, Accuracy: (0.8160)

Train Epoch: 239 [0/2500 (0%)]	Loss: 0.035420
Train Epoch: 239 [1280/2500 (50%)]	Loss: 0.090896

Test set: Average loss: 0.6826, Accuracy: (0.8040)

Train Epoch: 240 [0/2500 (0%)]	Loss: 0.061066
Train Epoch: 240 [1280/2500 (50%)]	Loss: 0.102219

Test set: Average loss: 0.6514, Accuracy: (0.8040)

Train Epoch: 241 [0/2500 (0%)]	Loss: 0.064216
Train Epoch: 241 [1280/2500 (50%)]	Loss: 0.104821

Test set: Average loss: 0.6899, Accuracy: (0.7980)

Train Epoch: 242 [0/2500 (0%)]	Loss: 0.078117
Train Epoch: 242 [1280/2500 (50%)]	Loss: 0.088583

Test set: Average loss: 0.6949, Accuracy: (0.8120)

Train Epoch: 243 [0/2500 (0%)]	Loss: 0.038836
Train Epoch: 243 [1280/2500 (50%)]	Loss: 0.054798

Test set: Average loss: 0.7078, Accuracy: (0.7900)

Train Epoch: 244 [0/2500 (0%)]	Loss: 0.061135
Train Epoch: 244 [1280/2500 (50%)]	Loss: 0.070733

Test set: Average loss: 0.7079, Accuracy: (0.8080)

Train Epoch: 245 [0/2500 (0%)]	Loss: 0.076680
Train Epoch: 245 [1280/2500 (50%)]	Loss: 0.053258

Test set: Average loss: 0.6806, Accuracy: (0.7960)

Train Epoch: 246 [0/2500 (0%)]	Loss: 0.060932
Train Epoch: 246 [1280/2500 (50%)]	Loss: 0.061759

Test set: Average loss: 0.6739, Accuracy: (0.7980)

Train Epoch: 247 [0/2500 (0%)]	Loss: 0.052526
Train Epoch: 247 [1280/2500 (50%)]	Loss: 0.077562

Test set: Average loss: 0.6451, Accuracy: (0.8240)

Train Epoch: 248 [0/2500 (0%)]	Loss: 0.063945
Train Epoch: 248 [1280/2500 (50%)]	Loss: 0.055424

Test set: Average loss: 0.6447, Accuracy: (0.8000)

Train Epoch: 249 [0/2500 (0%)]	Loss: 0.087456
Train Epoch: 249 [1280/2500 (50%)]	Loss: 0.033570

Test set: Average loss: 0.6710, Accuracy: (0.7980)

Train Epoch: 250 [0/2500 (0%)]	Loss: 0.067896
Train Epoch: 250 [1280/2500 (50%)]	Loss: 0.036964

Test set: Average loss: 0.7011, Accuracy: (0.7860)

Task RandSplitCIFAR100: 2
Train Epoch: 1 [0/2500 (0%)]	Loss: 2.062213
Train Epoch: 1 [1280/2500 (50%)]	Loss: 1.062639

Test set: Average loss: 0.8585, Accuracy: (0.6480)

Train Epoch: 2 [0/2500 (0%)]	Loss: 0.796816
Train Epoch: 2 [1280/2500 (50%)]	Loss: 0.920758

Test set: Average loss: 0.6887, Accuracy: (0.7400)

Train Epoch: 3 [0/2500 (0%)]	Loss: 0.749695
Train Epoch: 3 [1280/2500 (50%)]	Loss: 0.788982

Test set: Average loss: 0.6930, Accuracy: (0.7340)

Train Epoch: 4 [0/2500 (0%)]	Loss: 0.808804
Train Epoch: 4 [1280/2500 (50%)]	Loss: 0.724413

Test set: Average loss: 0.6748, Accuracy: (0.7200)

Train Epoch: 5 [0/2500 (0%)]	Loss: 0.802182
Train Epoch: 5 [1280/2500 (50%)]	Loss: 0.670315

Test set: Average loss: 0.6343, Accuracy: (0.7640)

Train Epoch: 6 [0/2500 (0%)]	Loss: 0.628330
Train Epoch: 6 [1280/2500 (50%)]	Loss: 0.692416

Test set: Average loss: 0.5673, Accuracy: (0.8020)

Train Epoch: 7 [0/2500 (0%)]	Loss: 0.681791
Train Epoch: 7 [1280/2500 (50%)]	Loss: 0.526238

Test set: Average loss: 0.5480, Accuracy: (0.8060)

Train Epoch: 8 [0/2500 (0%)]	Loss: 0.641367
Train Epoch: 8 [1280/2500 (50%)]	Loss: 0.601176

Test set: Average loss: 0.6221, Accuracy: (0.7780)

Train Epoch: 9 [0/2500 (0%)]	Loss: 0.619260
Train Epoch: 9 [1280/2500 (50%)]	Loss: 0.653835

Test set: Average loss: 0.5544, Accuracy: (0.8000)

Train Epoch: 10 [0/2500 (0%)]	Loss: 0.394360
Train Epoch: 10 [1280/2500 (50%)]	Loss: 0.510563

Test set: Average loss: 0.5075, Accuracy: (0.8060)

Train Epoch: 11 [0/2500 (0%)]	Loss: 0.492510
Train Epoch: 11 [1280/2500 (50%)]	Loss: 0.591108

Test set: Average loss: 0.5207, Accuracy: (0.8080)

Train Epoch: 12 [0/2500 (0%)]	Loss: 0.454766
Train Epoch: 12 [1280/2500 (50%)]	Loss: 0.674734

Test set: Average loss: 0.5172, Accuracy: (0.8180)

Train Epoch: 13 [0/2500 (0%)]	Loss: 0.546760
Train Epoch: 13 [1280/2500 (50%)]	Loss: 0.426684

Test set: Average loss: 0.5378, Accuracy: (0.8080)

Train Epoch: 14 [0/2500 (0%)]	Loss: 0.468280
Train Epoch: 14 [1280/2500 (50%)]	Loss: 0.411358

Test set: Average loss: 0.5034, Accuracy: (0.8120)

Train Epoch: 15 [0/2500 (0%)]	Loss: 0.485131
Train Epoch: 15 [1280/2500 (50%)]	Loss: 0.438306

Test set: Average loss: 0.4658, Accuracy: (0.8200)

Train Epoch: 16 [0/2500 (0%)]	Loss: 0.473483
Train Epoch: 16 [1280/2500 (50%)]	Loss: 0.587018

Test set: Average loss: 0.4662, Accuracy: (0.8240)

Train Epoch: 17 [0/2500 (0%)]	Loss: 0.610816
Train Epoch: 17 [1280/2500 (50%)]	Loss: 0.516917
